
================================================================
======== Log Rotated - 9/23/2024, 12:00:00 AM                   
================================================================
[12:01:45 AM] [JbmxQ#4] miximus: disconnected ([txAdmin] Server restarting (requested by ThePixelNetwork).)
[12:01:58 AM] txAdmin: Logger started
[12:03:43 AM] [w6BBk#1] Kristen: joined with identifiers [license:6a0ab2401f6fc64c1b7a92ba0aa8faa55a4ce1f2; xbl:2535458523080240; live:1899947313095719; discord:502592324279468032; fivem:14269877; license2:6a0ab2401f6fc64c1b7a92ba0aa8faa55a4ce1f2]
[12:03:45 AM] [w6BBk#2] miximus: joined with identifiers [license:91a41cf7de884e4d192a4e8076defd841e6409d5; discord:400761183931727873; fivem:860268; license2:eb6a9cd650a059197d8887ce53cf572e22c0b401]
[12:05:00 AM] [w6BBk#1] Kristen: enabled noclip
[12:05:15 AM] [w6BBk#1] Kristen: became mortal (standard mode)
[12:07:54 AM] [w6BBk#1] Kristen: enabled noclip
[12:08:33 AM] [w6BBk#1] Kristen: became mortal (standard mode)
[12:09:32 AM] [w6BBk#1] Kristen: enabled noclip
[12:09:52 AM] [w6BBk#1] Kristen: became mortal (standard mode)
[12:09:57 AM] [w6BBk#2] miximus: teleported to player [#1] Kristen (x=-1327.055, y=-671.209, z=26.500)
[12:22:35 AM] [w6BBk#2] miximus: disconnected ([txAdmin] Server restarting (requested by ThePixelNetwork).)
[12:22:35 AM] [w6BBk#1] Kristen: disconnected ([txAdmin] Server restarting (requested by ThePixelNetwork).)
[12:22:48 AM] txAdmin: Logger started
[12:24:08 AM] [GQyY9#1] miximus: joined with identifiers [license:91a41cf7de884e4d192a4e8076defd841e6409d5; discord:400761183931727873; fivem:860268; license2:eb6a9cd650a059197d8887ce53cf572e22c0b401]
[12:24:11 AM] [GQyY9#2] Kristen: joined with identifiers [license:6a0ab2401f6fc64c1b7a92ba0aa8faa55a4ce1f2; xbl:2535458523080240; live:1899947313095719; discord:502592324279468032; fivem:14269877; license2:6a0ab2401f6fc64c1b7a92ba0aa8faa55a4ce1f2]
[12:26:26 AM] [GQyY9#2] Kristen: enabled noclip
[12:26:37 AM] [GQyY9#2] Kristen: became mortal (standard mode)
[12:27:46 AM] [GQyY9#1] miximus: teleported to player [#2] Kristen (x=-1696.932, y=-1065.481, z=13.289)
[12:29:43 AM] [GQyY9#1] miximus: died from Bat by Kristen
[12:31:02 AM] [GQyY9#1] miximus: disconnected (Exiting)
[12:31:03 AM] [GQyY9#2] Kristen: disconnected ([txAdmin] Server restarting (requested by ThePixelNetwork).)
[12:31:16 AM] txAdmin: Logger started
[12:32:34 AM] [7FQUx#1] Kristen: joined with identifiers [license:6a0ab2401f6fc64c1b7a92ba0aa8faa55a4ce1f2; xbl:2535458523080240; live:1899947313095719; discord:502592324279468032; fivem:14269877; license2:6a0ab2401f6fc64c1b7a92ba0aa8faa55a4ce1f2]
[12:32:36 AM] [7FQUx#2] miximus: joined with identifiers [license:91a41cf7de884e4d192a4e8076defd841e6409d5; discord:400761183931727873; fivem:860268; license2:eb6a9cd650a059197d8887ce53cf572e22c0b401]
[12:34:44 AM] [7FQUx#1] Kristen: teleported to a waypoint
[12:34:50 AM] [7FQUx#2] miximus: turned show player IDs on
[12:36:22 AM] [7FQUx#2] miximus: caused an explosion (TRUCK)
[12:39:17 AM] [7FQUx#1] Kristen: enabled noclip
[12:39:22 AM] [7FQUx#1] Kristen: became mortal (standard mode)
[12:44:31 AM] [7FQUx#1] Kristen: enabled noclip
[12:44:37 AM] [7FQUx#1] Kristen: became mortal (standard mode)
[12:46:45 AM] [7FQUx#1] Kristen: enabled noclip
[12:46:46 AM] [7FQUx#1] Kristen: became mortal (standard mode)
[12:46:57 AM] [7FQUx#1] Kristen: enabled noclip
[12:47:03 AM] [7FQUx#1] Kristen: became mortal (standard mode)
[12:47:49 AM] [7FQUx#1] Kristen: enabled noclip
[12:47:54 AM] [7FQUx#1] Kristen: became mortal (standard mode)
[12:48:23 AM] [7FQUx#1] Kristen: enabled noclip
[12:48:27 AM] [7FQUx#1] Kristen: became mortal (standard mode)
[12:48:34 AM] [7FQUx#1] Kristen: enabled noclip
[12:48:35 AM] [7FQUx#1] Kristen: became mortal (standard mode)
[12:49:19 AM] [7FQUx#1] Kristen: said "/ev"
[12:49:51 AM] [7FQUx#1] Kristen: enabled noclip
[12:49:53 AM] [7FQUx#1] Kristen: became mortal (standard mode)
[12:50:00 AM] [7FQUx#1] Kristen: enabled noclip
[12:50:01 AM] [7FQUx#1] Kristen: became mortal (standard mode)
[12:50:06 AM] [7FQUx#2] miximus: enabled noclip
[12:50:09 AM] [7FQUx#2] miximus: became mortal (standard mode)
[12:50:20 AM] [7FQUx#1] Kristen: enabled noclip
[12:50:21 AM] [7FQUx#1] Kristen: became mortal (standard mode)
[12:50:37 AM] [7FQUx#1] Kristen: enabled noclip
[12:50:41 AM] [7FQUx#1] Kristen: became mortal (standard mode)
[12:50:57 AM] [7FQUx#1] Kristen: enabled noclip
[12:50:58 AM] [7FQUx#1] Kristen: became mortal (standard mode)
[12:52:18 AM] [7FQUx#1] Kristen: enabled noclip
[12:52:20 AM] [7FQUx#1] Kristen: became mortal (standard mode)
[12:53:31 AM] [7FQUx#1] Kristen: enabled noclip
[12:53:36 AM] [7FQUx#1] Kristen: became mortal (standard mode)
[12:54:15 AM] [7FQUx#1] Kristen: enabled noclip
[12:54:33 AM] [7FQUx#1] Kristen: became mortal (standard mode)
[12:58:53 AM] [7FQUx#1] Kristen: disconnected ([txAdmin] Server restarting (requested by ThePixelNetwork).)
[12:58:53 AM] [7FQUx#2] miximus: disconnected ([txAdmin] Server restarting (requested by ThePixelNetwork).)
[12:59:06 AM] txAdmin: Logger started
[1:00:30 AM] [ngxgr#1] Kristen: joined with identifiers [license:6a0ab2401f6fc64c1b7a92ba0aa8faa55a4ce1f2; xbl:2535458523080240; live:1899947313095719; discord:502592324279468032; fivem:14269877; license2:6a0ab2401f6fc64c1b7a92ba0aa8faa55a4ce1f2]
[1:02:47 AM] [ngxgr#1] Kristen: enabled noclip
[1:02:51 AM] [ngxgr#1] Kristen: became mortal (standard mode)
[1:02:54 AM] [ngxgr#2] miximus: joined with identifiers [license:91a41cf7de884e4d192a4e8076defd841e6409d5; discord:400761183931727873; fivem:860268; license2:eb6a9cd650a059197d8887ce53cf572e22c0b401]
[1:03:05 AM] [ngxgr#1] Kristen: said "/t"
[1:03:14 AM] [ngxgr#1] Kristen: teleported to a waypoint
[1:04:02 AM] [ngxgr#2] miximus: said "tx"
[1:04:08 AM] [ngxgr#2] miximus: teleported to player [#1] Kristen (x=-680.149, y=5834.163, z=17.317)
[1:08:12 AM] [ngxgr#1] Kristen: teleported to a waypoint
[1:08:34 AM] [ngxgr#1] Kristen: teleported to a waypoint
[1:08:45 AM] [ngxgr#2] miximus: teleported to player [#1] Kristen (x=1449.178, y=1067.934, z=114.321)
[1:18:20 AM] [ngxgr#1] Kristen: teleported to a waypoint
[1:22:39 AM] [ngxgr#1] Kristen: teleported to a waypoint
[1:23:17 AM] [ngxgr#1] Kristen: enabled noclip
[1:23:24 AM] [ngxgr#1] Kristen: became mortal (standard mode)
[1:23:31 AM] [ngxgr#1] Kristen: enabled noclip
[1:23:35 AM] [ngxgr#1] Kristen: became mortal (standard mode)
[1:25:59 AM] [ngxgr#1] Kristen: disconnected ([txAdmin] Server restarting (requested by ThePixelNetwork).)
[1:25:59 AM] [ngxgr#2] miximus: disconnected ([txAdmin] Server restarting (requested by ThePixelNetwork).)
[1:26:12 AM] txAdmin: Logger started
[1:27:31 AM] [YjtUe#1] Kristen: joined with identifiers [license:6a0ab2401f6fc64c1b7a92ba0aa8faa55a4ce1f2; xbl:2535458523080240; live:1899947313095719; discord:502592324279468032; fivem:14269877; license2:6a0ab2401f6fc64c1b7a92ba0aa8faa55a4ce1f2]
[1:28:58 AM] [YjtUe#1] Kristen: teleported to a waypoint
[1:30:24 AM] [YjtUe#1] Kristen: enabled noclip
[1:30:30 AM] [YjtUe#1] Kristen: became mortal (standard mode)
[1:30:46 AM] [YjtUe#1] Kristen: enabled noclip
[1:30:49 AM] [YjtUe#1] Kristen: became mortal (standard mode)
[1:32:44 AM] [YjtUe#1] Kristen: disconnected ([txAdmin] Server restarting (requested by ThePixelNetwork).)
[1:32:57 AM] txAdmin: Logger started
[1:34:16 AM] [gqQTb#1] miximus: joined with identifiers [license:91a41cf7de884e4d192a4e8076defd841e6409d5; discord:400761183931727873; fivem:860268; license2:eb6a9cd650a059197d8887ce53cf572e22c0b401]
[1:34:20 AM] [gqQTb#2] Kristen: joined with identifiers [license:6a0ab2401f6fc64c1b7a92ba0aa8faa55a4ce1f2; xbl:2535458523080240; live:1899947313095719; discord:502592324279468032; fivem:14269877; license2:6a0ab2401f6fc64c1b7a92ba0aa8faa55a4ce1f2]
[1:35:25 AM] [gqQTb#3] Tak: joined with identifiers [license:efe375be53a7fbe893182acbc33341a16a1c45c8; xbl:2535455997256357; live:1055518714530736; discord:190584605743644672; fivem:7025072; license2:2c2e89e2ee305b4d80a259c52b5aa8fcf29a663d]
[1:35:35 AM] [gqQTb#4] Zer0: joined with identifiers [license:d78d06982d5085c6057a456dd0a80a0979e8306f; discord:162806082807267329; fivem:3308253; license2:d78d06982d5085c6057a456dd0a80a0979e8306f]
[1:35:39 AM] [gqQTb#2] Kristen: enabled noclip
[1:36:16 AM] [gqQTb#2] Kristen: became mortal (standard mode)
[1:36:38 AM] [gqQTb#1] miximus: teleported to player [#4] Zer0 (x=-284.308, y=562.457, z=173.818)
[1:36:51 AM] [gqQTb#2] Kristen: teleported to player [#4] Zer0 (x=379.319, y=-1042.009, z=29.297)
[1:37:23 AM] [gqQTb#2] Kristen: died from Pump Shotgun by Zer0
[1:37:26 AM] [gqQTb#4] Zer0: turned show player IDs on
[1:37:33 AM] [gqQTb#2] Kristen: healed themself
[1:38:35 AM] [gqQTb#3] Tak: disconnected (Server->client connection timed out. Last seen 34625 msec ago.)
[1:38:35 AM] [gqQTb#2] Kristen: died from Pump Shotgun by Zer0
[1:38:38 AM] [gqQTb#1] miximus: teleported to player [#4] Zer0 (x=396.277, y=-1032.132, z=29.448)
[1:38:46 AM] [gqQTb#2] Kristen: healed themself
[1:38:50 AM] [gqQTb#4] Zer0: died from suicide (Falling)
[1:38:52 AM] [gqQTb#2] Kristen: enabled noclip
[1:38:55 AM] [gqQTb#4] Zer0: healed themself
[1:39:11 AM] [gqQTb#2] Kristen: became mortal (standard mode)
[1:39:18 AM] [gqQTb#5] Tak: joined with identifiers [license:efe375be53a7fbe893182acbc33341a16a1c45c8; xbl:2535455997256357; live:1055518714530736; discord:190584605743644672; fivem:7025072; license2:2c2e89e2ee305b4d80a259c52b5aa8fcf29a663d]
[1:39:34 AM] [gqQTb#4] Zer0: made a server-wide announcement: Tilly is stupid
[1:39:34 AM] txAdmin: ((Broadcast) frank): said "Tilly is stupid"
[1:41:31 AM] [gqQTb#4] Zer0: turned show player IDs off
[1:41:31 AM] [gqQTb#4] Zer0: turned show player IDs on
[1:41:33 AM] [gqQTb#4] Zer0: turned show player IDs off
[1:41:33 AM] [gqQTb#4] Zer0: turned show player IDs on
[1:41:34 AM] [gqQTb#4] Zer0: turned show player IDs off
[1:41:34 AM] [gqQTb#4] Zer0: turned show player IDs on
[1:41:34 AM] [gqQTb#4] Zer0: turned show player IDs off
[1:41:34 AM] [gqQTb#4] Zer0: turned show player IDs on
[1:41:34 AM] [gqQTb#4] Zer0: turned show player IDs off
[1:41:39 AM] [gqQTb#5] Tak: disconnected (Exiting)
[1:42:06 AM] [gqQTb#1] miximus: summoned player [#4] Zer0
[1:42:11 AM] [gqQTb#1] miximus: enabled noclip
[1:42:25 AM] [gqQTb#1] miximus: became mortal (standard mode)
[1:42:26 AM] [gqQTb#4] Zer0: turned show player IDs on
[1:42:28 AM] [gqQTb#1] miximus: enabled noclip
[1:42:29 AM] [gqQTb#1] miximus: became mortal (standard mode)
[1:42:35 AM] [gqQTb#4] Zer0: healed themself
[1:42:37 AM] [gqQTb#6] Tak: joined with identifiers [license:efe375be53a7fbe893182acbc33341a16a1c45c8; xbl:2535455997256357; live:1055518714530736; discord:190584605743644672; fivem:7025072; license2:2c2e89e2ee305b4d80a259c52b5aa8fcf29a663d]
[1:44:46 AM] [gqQTb#4] Zer0: turned show player IDs off
[1:44:46 AM] [gqQTb#4] Zer0: turned show player IDs on
[1:44:52 AM] [gqQTb#4] Zer0: turned show player IDs off
[1:44:56 AM] [gqQTb#4] Zer0: turned show player IDs on
[1:44:56 AM] [gqQTb#4] Zer0: turned show player IDs off
[1:44:56 AM] [gqQTb#4] Zer0: turned show player IDs on
[1:44:56 AM] [gqQTb#4] Zer0: turned show player IDs off
[1:44:59 AM] [gqQTb#4] Zer0: turned show player IDs on
[1:46:34 AM] [gqQTb#4] Zer0: turned show player IDs off
[1:46:47 AM] [gqQTb#1] miximus: disconnected (Exiting)
[1:46:47 AM] [gqQTb#2] Kristen: disconnected ([txAdmin] Server restarting (requested by ThePixelNetwork).)
[1:46:47 AM] [gqQTb#4] Zer0: disconnected ([txAdmin] Server restarting (requested by ThePixelNetwork).)
[1:46:47 AM] [gqQTb#6] Tak: disconnected ([txAdmin] Server restarting (requested by ThePixelNetwork).)
[1:46:58 AM] txAdmin: Logger started
[1:48:05 AM] [iRY3C#1] Kristen: joined with identifiers [license:6a0ab2401f6fc64c1b7a92ba0aa8faa55a4ce1f2; xbl:2535458523080240; live:1899947313095719; discord:502592324279468032; fivem:14269877; license2:6a0ab2401f6fc64c1b7a92ba0aa8faa55a4ce1f2]
[1:48:08 AM] [iRY3C#2] miximus: joined with identifiers [license:91a41cf7de884e4d192a4e8076defd841e6409d5; discord:400761183931727873; fivem:860268; license2:eb6a9cd650a059197d8887ce53cf572e22c0b401]
[1:48:09 AM] [iRY3C#3] Tak: joined with identifiers [license:efe375be53a7fbe893182acbc33341a16a1c45c8; xbl:2535455997256357; live:1055518714530736; discord:190584605743644672; fivem:7025072; license2:2c2e89e2ee305b4d80a259c52b5aa8fcf29a663d]
[1:48:29 AM] [iRY3C#4] Zer0: joined with identifiers [license:d78d06982d5085c6057a456dd0a80a0979e8306f; discord:162806082807267329; fivem:3308253; license2:d78d06982d5085c6057a456dd0a80a0979e8306f]
[1:49:03 AM] [iRY3C#1] Kristen: enabled noclip
[1:49:09 AM] [iRY3C#1] Kristen: became mortal (standard mode)
[1:50:06 AM] [iRY3C#1] Kristen: enabled noclip
[1:50:11 AM] [iRY3C#1] Kristen: became mortal (standard mode)
[1:50:28 AM] [iRY3C#1] Kristen: teleported to player [#4] Zer0 (x=-283.978, y=562.655, z=173.818)
[1:50:32 AM] [iRY3C#1] Kristen: enabled noclip
[1:50:41 AM] [iRY3C#1] Kristen: became mortal (standard mode)
[1:50:42 AM] [iRY3C#1] Kristen: enabled noclip
[1:50:43 AM] [iRY3C#1] Kristen: became mortal (standard mode)
[1:50:51 AM] [iRY3C#1] Kristen: enabled noclip
[1:51:35 AM] [iRY3C#1] Kristen: became mortal (standard mode)
[1:51:44 AM] [iRY3C#1] Kristen: enabled noclip
[1:52:57 AM] [iRY3C#1] Kristen: became mortal (standard mode)
[1:53:04 AM] [iRY3C#1] Kristen: enabled noclip
[1:53:12 AM] [iRY3C#1] Kristen: became mortal (standard mode)
[1:53:17 AM] [iRY3C#1] Kristen: enabled noclip
[1:53:17 AM] [iRY3C#1] Kristen: became mortal (standard mode)
[1:53:33 AM] [iRY3C#1] Kristen: enabled noclip
[1:53:38 AM] [iRY3C#2] miximus: said "x"
[1:53:46 AM] [iRY3C#2] miximus: teleported to player [#1] Kristen (x=-575.156, y=-921.903, z=29.263)
[1:53:50 AM] [iRY3C#1] Kristen: became mortal (standard mode)
[1:53:52 AM] [iRY3C#3] Tak: said "t"
[1:54:04 AM] [iRY3C#1] Kristen: enabled noclip
[1:54:13 AM] [iRY3C#1] Kristen: became mortal (standard mode)
[1:54:16 AM] [iRY3C#1] Kristen: enabled noclip
[1:54:29 AM] [iRY3C#1] Kristen: became mortal (standard mode)
[1:54:39 AM] [iRY3C#1] Kristen: enabled noclip
[1:54:57 AM] [iRY3C#1] Kristen: became mortal (standard mode)
[1:54:58 AM] [iRY3C#3] Tak: said "/e sit"
[1:55:02 AM] [iRY3C#1] Kristen: enabled noclip
[1:55:04 AM] [iRY3C#1] Kristen: became mortal (standard mode)
[1:55:10 AM] [iRY3C#1] Kristen: enabled noclip
[1:55:28 AM] [iRY3C#1] Kristen: became mortal (standard mode)
[1:55:40 AM] [iRY3C#3] Tak: said "/e sit2"
[1:55:44 AM] [iRY3C#2] miximus: disconnected ([txAdmin] Server restarting (requested by ThePixelNetwork).)
[1:55:44 AM] [iRY3C#1] Kristen: disconnected ([txAdmin] Server restarting (requested by ThePixelNetwork).)
[1:55:44 AM] [iRY3C#3] Tak: disconnected ([txAdmin] Server restarting (requested by ThePixelNetwork).)
[1:55:44 AM] [iRY3C#4] Zer0: disconnected ([txAdmin] Server restarting (requested by ThePixelNetwork).)
[1:55:54 AM] txAdmin: Logger started
[1:56:58 AM] [CEMH3#1] Zer0: joined with identifiers [license:d78d06982d5085c6057a456dd0a80a0979e8306f; discord:162806082807267329; fivem:3308253; license2:d78d06982d5085c6057a456dd0a80a0979e8306f]
[1:57:01 AM] [CEMH3#2] Kristen: joined with identifiers [license:6a0ab2401f6fc64c1b7a92ba0aa8faa55a4ce1f2; xbl:2535458523080240; live:1899947313095719; discord:502592324279468032; fivem:14269877; license2:6a0ab2401f6fc64c1b7a92ba0aa8faa55a4ce1f2]
[1:57:04 AM] [CEMH3#3] Tak: joined with identifiers [license:efe375be53a7fbe893182acbc33341a16a1c45c8; xbl:2535455997256357; live:1055518714530736; discord:190584605743644672; fivem:7025072; license2:2c2e89e2ee305b4d80a259c52b5aa8fcf29a663d]
[1:57:29 AM] [CEMH3#4] miximus: joined with identifiers [license:91a41cf7de884e4d192a4e8076defd841e6409d5; discord:400761183931727873; fivem:860268; license2:eb6a9cd650a059197d8887ce53cf572e22c0b401]
[1:58:01 AM] [CEMH3#2] Kristen: enabled noclip
[1:58:15 AM] [CEMH3#2] Kristen: became mortal (standard mode)
[1:58:41 AM] [CEMH3#1] Zer0: spawned a vehicle (model: police4)
[1:58:48 AM] [CEMH3#2] Kristen: enabled noclip
[1:59:33 AM] [CEMH3#1] Zer0: turned show player IDs on
[1:59:37 AM] [CEMH3#1] Zer0: turned show player IDs off
[1:59:39 AM] [CEMH3#1] Zer0: spawned a vehicle (model: police3)
[1:59:42 AM] [CEMH3#2] Kristen: became mortal (standard mode)
[1:59:43 AM] [CEMH3#1] Zer0: disconnected (Game crashed: GTA5_b3095.exe!sub_14062015C (0x24))
[1:59:44 AM] [CEMH3#2] Kristen: disconnected (Game crashed: GTA5_b3095.exe!sub_14167533C (0x43))
[2:00:06 AM] [CEMH3#5] Zer0: joined with identifiers [license:d78d06982d5085c6057a456dd0a80a0979e8306f; discord:162806082807267329; fivem:3308253; license2:d78d06982d5085c6057a456dd0a80a0979e8306f]
[2:00:09 AM] [CEMH3#4] miximus: disconnected (Game crashed: GTA5_b3095.exe!sub_1416730C8 (0x0))
[2:00:26 AM] [CEMH3#3] Tak: disconnected (Server shutting down: SIGHUP received)
[2:00:26 AM] [CEMH3#5] Zer0: disconnected (Server shutting down: SIGHUP received)

================================================================
======== txAdmin Starting - 9/23/2024, 2:00:38 AM               
================================================================
[2:00:54 AM] txAdmin: Logger started
[2:02:02 AM] [BVcB9#1] Tak: joined with identifiers [license:efe375be53a7fbe893182acbc33341a16a1c45c8; xbl:2535455997256357; live:1055518714530736; discord:190584605743644672; fivem:7025072; license2:2c2e89e2ee305b4d80a259c52b5aa8fcf29a663d]
[2:02:05 AM] [BVcB9#2] Kristen: joined with identifiers [license:6a0ab2401f6fc64c1b7a92ba0aa8faa55a4ce1f2; xbl:2535458523080240; live:1899947313095719; discord:502592324279468032; fivem:14269877; license2:6a0ab2401f6fc64c1b7a92ba0aa8faa55a4ce1f2]
[2:02:08 AM] [BVcB9#3] miximus: joined with identifiers [license:91a41cf7de884e4d192a4e8076defd841e6409d5; discord:400761183931727873; fivem:860268; license2:eb6a9cd650a059197d8887ce53cf572e22c0b401]
[2:03:39 AM] [BVcB9#2] Kristen: enabled noclip
[2:03:43 AM] [BVcB9#4] Zer0: joined with identifiers [license:d78d06982d5085c6057a456dd0a80a0979e8306f; discord:162806082807267329; fivem:3308253; license2:d78d06982d5085c6057a456dd0a80a0979e8306f]
[2:03:45 AM] [BVcB9#2] Kristen: became mortal (standard mode)
[2:03:48 AM] [BVcB9#2] Kristen: enabled noclip
[2:03:51 AM] [BVcB9#2] Kristen: became mortal (standard mode)
[2:03:57 AM] [BVcB9#2] Kristen: summoned player [#1] Tak
[2:04:23 AM] [BVcB9#2] Kristen: enabled noclip
[2:04:24 AM] [BVcB9#2] Kristen: became mortal (standard mode)
[2:04:30 AM] [BVcB9#2] Kristen: summoned player [#1] Tak
[2:05:13 AM] [BVcB9#2] Kristen: enabled noclip
[2:05:24 AM] [BVcB9#2] Kristen: became mortal (standard mode)
[2:05:39 AM] [BVcB9#2] Kristen: enabled noclip
[2:05:49 AM] [BVcB9#2] Kristen: became mortal (standard mode)
[2:05:50 AM] [BVcB9#2] Kristen: enabled noclip
[2:05:51 AM] [BVcB9#2] Kristen: became mortal (standard mode)
[2:05:57 AM] [BVcB9#2] Kristen: summoned player [#1] Tak
[2:06:03 AM] [BVcB9#2] Kristen: summoned player [#1] Tak
[2:06:12 AM] [BVcB9#2] Kristen: healed player [#1] Tak
[2:06:17 AM] [BVcB9#4] Zer0: spawned a vehicle (model: f620)
[2:06:39 AM] [BVcB9#2] Kristen: enabled noclip
[2:06:43 AM] [BVcB9#2] Kristen: became mortal (standard mode)
[2:07:18 AM] [BVcB9#2] Kristen: enabled noclip
[2:07:41 AM] [BVcB9#2] Kristen: became mortal (standard mode)
[2:07:45 AM] [BVcB9#2] Kristen: summoned player [#1] Tak
[2:08:21 AM] [BVcB9#4] Zer0: turned show player IDs on
[2:08:24 AM] [BVcB9#4] Zer0: turned show player IDs off
[2:08:24 AM] [BVcB9#4] Zer0: turned show player IDs on
[2:08:26 AM] [BVcB9#2] Kristen: enabled noclip
[2:08:30 AM] [BVcB9#2] Kristen: became mortal (standard mode)
[2:08:34 AM] [BVcB9#2] Kristen: teleported to player [#1] Tak (x=-1598.018, y=-854.031, z=10.138)
[2:08:37 AM] [BVcB9#2] Kristen: enabled noclip
[2:08:40 AM] [BVcB9#2] Kristen: became mortal (standard mode)
[2:08:44 AM] [BVcB9#2] Kristen: summoned player [#1] Tak
[2:08:45 AM] [BVcB9#4] Zer0: said "/e handsup"
[2:08:48 AM] [BVcB9#4] Zer0: turned show player IDs off
[2:08:48 AM] [BVcB9#4] Zer0: enabled noclip
[2:08:57 AM] [BVcB9#4] Zer0: became mortal (standard mode)
[2:09:04 AM] [BVcB9#2] Kristen: enabled noclip
[2:09:27 AM] [BVcB9#3] miximus: summoned player [#4] Zer0
[2:09:34 AM] [BVcB9#3] miximus: summoned player [#2] Kristen
[2:09:36 AM] [BVcB9#2] Kristen: became mortal (standard mode)
[2:09:41 AM] [BVcB9#4] Zer0: turned show player IDs on
[2:09:56 AM] [BVcB9#2] Kristen: summoned player [#1] Tak
[2:10:46 AM] [BVcB9#3] miximus: disconnected (Exiting)
[2:10:50 AM] [BVcB9#2] Kristen: enabled noclip
[2:10:57 AM] [BVcB9#4] Zer0: turned show player IDs off
[2:10:57 AM] [BVcB9#4] Zer0: turned show player IDs on
[2:10:57 AM] [BVcB9#4] Zer0: enabled noclip
[2:11:04 AM] [BVcB9#2] Kristen: became mortal (standard mode)
[2:11:08 AM] [BVcB9#2] Kristen: summoned player [#1] Tak
[2:11:24 AM] [BVcB9#5] miximus: joined with identifiers [license:91a41cf7de884e4d192a4e8076defd841e6409d5; discord:400761183931727873; fivem:860268; license2:eb6a9cd650a059197d8887ce53cf572e22c0b401]
[2:11:46 AM] [BVcB9#4] Zer0: said "tx"
[2:11:47 AM] [BVcB9#2] Kristen: enabled noclip
[2:11:50 AM] [BVcB9#4] Zer0: teleported to a waypoint
[2:11:51 AM] [BVcB9#4] Zer0: turned show player IDs off
[2:11:52 AM] [BVcB9#4] Zer0: became mortal (standard mode)
[2:11:53 AM] [BVcB9#4] Zer0: enabled noclip
[2:12:05 AM] [BVcB9#2] Kristen: became mortal (standard mode)
[2:12:17 AM] [BVcB9#5] miximus: teleported to player [#2] Kristen (x=289.675, y=127.411, z=105.778)
[2:12:25 AM] [BVcB9#2] Kristen: enabled noclip
[2:12:29 AM] [BVcB9#2] Kristen: became mortal (standard mode)
[2:12:30 AM] [BVcB9#2] Kristen: enabled noclip
[2:12:38 AM] [BVcB9#5] miximus: summoned player [#2] Kristen
[2:12:40 AM] [BVcB9#2] Kristen: became mortal (standard mode)
[2:12:43 AM] [BVcB9#5] miximus: summoned player [#1] Tak
[2:12:46 AM] [BVcB9#4] Zer0: became mortal (standard mode)
[2:13:37 AM] [BVcB9#2] Kristen: enabled noclip
[2:13:49 AM] [BVcB9#2] Kristen: became mortal (standard mode)
[2:13:56 AM] [BVcB9#2] Kristen: teleported to player [#1] Tak (x=299.354, y=136.180, z=133.698)
[2:13:56 AM] [BVcB9#4] Zer0: turned show player IDs on
[2:13:56 AM] [BVcB9#4] Zer0: turned show player IDs off
[2:13:58 AM] [BVcB9#4] Zer0: turned show player IDs on
[2:13:58 AM] [BVcB9#4] Zer0: turned show player IDs off
[2:13:58 AM] [BVcB9#4] Zer0: turned show player IDs on
[2:13:58 AM] [BVcB9#2] Kristen: enabled noclip
[2:14:05 AM] [BVcB9#4] Zer0: turned show player IDs off
[2:14:07 AM] [BVcB9#4] Zer0: turned show player IDs on
[2:14:07 AM] [BVcB9#5] miximus: died from suicide (Falling)
[2:14:14 AM] [BVcB9#2] Kristen: became mortal (standard mode)
[2:14:18 AM] [BVcB9#2] Kristen: summoned player [#1] Tak
[2:14:25 AM] [BVcB9#5] miximus: turned show player IDs on
[2:14:43 AM] [BVcB9#2] Kristen: teleported to player [#5] miximus (x=254.097, y=217.174, z=106.284)
[2:14:50 AM] [BVcB9#4] Zer0: turned show player IDs off
[2:14:51 AM] [BVcB9#4] Zer0: turned show player IDs on
[2:14:52 AM] [BVcB9#4] Zer0: turned show player IDs off
[2:14:58 AM] [BVcB9#4] Zer0: turned show player IDs on
[2:14:58 AM] [BVcB9#4] Zer0: turned show player IDs off
[2:15:01 AM] [BVcB9#2] Kristen: summoned player [#1] Tak
[2:15:06 AM] [BVcB9#5] miximus: enabled noclip
[2:15:10 AM] [BVcB9#4] Zer0: teleported to a waypoint
[2:15:11 AM] [BVcB9#4] Zer0: turned show player IDs on
[2:15:11 AM] [BVcB9#4] Zer0: enabled noclip
[2:15:16 AM] [BVcB9#2] Kristen: summoned player [#1] Tak
[2:15:23 AM] [BVcB9#2] Kristen: enabled noclip
[2:15:27 AM] [BVcB9#2] Kristen: became mortal (standard mode)
[2:15:31 AM] [BVcB9#2] Kristen: summoned player [#1] Tak
[2:15:39 AM] [BVcB9#2] Kristen: teleported to player [#5] miximus (x=262.048, y=198.158, z=106.452)
[2:15:42 AM] [BVcB9#5] miximus: became mortal (standard mode)
[2:15:51 AM] [BVcB9#4] Zer0: became mortal (standard mode)
[2:16:06 AM] [BVcB9#4] Zer0: turned show player IDs off
[2:16:07 AM] [BVcB9#4] Zer0: turned show player IDs on
[2:16:09 AM] [BVcB9#4] Zer0: turned show player IDs off
[2:16:27 AM] [BVcB9#2] Kristen: teleported to player [#4] Zer0 (x=-568.668, y=-418.813, z=39.626)
[2:16:37 AM] [BVcB9#4] Zer0: turned show player IDs on
[2:17:31 AM] [BVcB9#5] miximus: teleported to player [#4] Zer0 (x=-589.516, y=-438.237, z=39.626)
[2:17:46 AM] [BVcB9#5] miximus: said "asdf"
[2:17:48 AM] [BVcB9#2] Kristen: enabled noclip
[2:17:52 AM] [BVcB9#5] miximus: disconnected (Exiting)
[2:17:55 AM] [BVcB9#2] Kristen: became mortal (standard mode)
[2:18:08 AM] [BVcB9#2] Kristen: summoned player [#4] Zer0
[2:18:39 AM] [BVcB9#6] miximus: joined with identifiers [license:91a41cf7de884e4d192a4e8076defd841e6409d5; discord:400761183931727873; fivem:860268; license2:eb6a9cd650a059197d8887ce53cf572e22c0b401]
[2:19:02 AM] [BVcB9#2] Kristen: enabled noclip
[2:19:03 AM] [BVcB9#2] Kristen: became mortal (standard mode)
[2:19:13 AM] [BVcB9#4] Zer0: enabled noclip
[2:19:15 AM] [BVcB9#2] Kristen: summoned player [#4] Zer0
[2:19:16 AM] [BVcB9#4] Zer0: became mortal (standard mode)
[2:19:26 AM] [BVcB9#4] Zer0: enabled noclip
[2:19:27 AM] [BVcB9#2] Kristen: summoned player [#4] Zer0
[2:19:29 AM] [BVcB9#4] Zer0: became mortal (standard mode)
[2:20:04 AM] [BVcB9#4] Zer0: enabled noclip
[2:20:06 AM] [BVcB9#2] Kristen: enabled noclip
[2:20:07 AM] [BVcB9#4] Zer0: became mortal (standard mode)
[2:20:08 AM] [BVcB9#4] Zer0: enabled noclip
[2:20:09 AM] [BVcB9#2] Kristen: became mortal (standard mode)
[2:20:27 AM] [BVcB9#4] Zer0: became mortal (standard mode)
[2:20:47 AM] [BVcB9#6] miximus: said "tpm"
[2:21:04 AM] [BVcB9#2] Kristen: died from Ranover by Vehicle by Tak
[2:21:05 AM] [BVcB9#2] Kristen: spawned a vehicle (model: sanchez)
[2:21:08 AM] [BVcB9#2] Kristen: healed themself
[2:21:29 AM] [BVcB9#6] miximus: turned show player IDs on
[2:21:38 AM] [BVcB9#4] Zer0: enabled noclip
[2:21:44 AM] [BVcB9#2] Kristen: deleted a vehicle
[2:22:24 AM] [BVcB9#2] Kristen: healed player [#1] Tak
[2:22:45 AM] [BVcB9#2] Kristen: deleted a vehicle
[2:23:25 AM] [BVcB9#2] Kristen: healed themself
[2:23:25 AM] [BVcB9#4] Zer0: set [#2] Kristen on fire
[2:23:26 AM] [BVcB9#4] Zer0: triggered wild attack on [#2] Kristen
[2:23:26 AM] [BVcB9#4] Zer0: triggered wild attack on [#2] Kristen
[2:23:26 AM] [BVcB9#4] Zer0: triggered wild attack on [#2] Kristen
[2:23:26 AM] [BVcB9#4] Zer0: triggered wild attack on [#2] Kristen
[2:23:26 AM] [BVcB9#4] Zer0: triggered wild attack on [#2] Kristen
[2:23:26 AM] [BVcB9#2] Kristen: healed themself
[2:23:26 AM] [BVcB9#4] Zer0: triggered wild attack on [#2] Kristen
[2:23:26 AM] [BVcB9#4] Zer0: triggered wild attack on [#2] Kristen
[2:23:27 AM] [BVcB9#4] Zer0: triggered wild attack on [#2] Kristen
[2:23:27 AM] [BVcB9#4] Zer0: triggered wild attack on [#2] Kristen
[2:23:27 AM] [BVcB9#4] Zer0: triggered wild attack on [#2] Kristen
[2:23:27 AM] [BVcB9#4] Zer0: triggered drunk effect on [#2] Kristen
[2:23:32 AM] [BVcB9#2] Kristen: died from suicide (Fire)
[2:23:40 AM] [BVcB9#2] Kristen: healed themself
[2:23:46 AM] [BVcB9#6] miximus: triggered wild attack on [#4] Zer0
[2:23:47 AM] [BVcB9#6] miximus: triggered wild attack on [#4] Zer0
[2:23:47 AM] [BVcB9#6] miximus: triggered wild attack on [#4] Zer0
[2:23:47 AM] [BVcB9#6] miximus: triggered wild attack on [#4] Zer0
[2:23:47 AM] [BVcB9#6] miximus: triggered wild attack on [#4] Zer0
[2:23:48 AM] [BVcB9#6] miximus: triggered wild attack on [#4] Zer0
[2:23:48 AM] [BVcB9#6] miximus: triggered wild attack on [#4] Zer0
[2:23:48 AM] [BVcB9#6] miximus: triggered wild attack on [#4] Zer0
[2:23:48 AM] [BVcB9#6] miximus: triggered wild attack on [#4] Zer0
[2:23:48 AM] [BVcB9#6] miximus: triggered wild attack on [#4] Zer0
[2:23:48 AM] [BVcB9#6] miximus: triggered wild attack on [#4] Zer0
[2:23:49 AM] [BVcB9#6] miximus: triggered wild attack on [#4] Zer0
[2:23:49 AM] [BVcB9#6] miximus: triggered wild attack on [#4] Zer0
[2:23:49 AM] [BVcB9#6] miximus: triggered wild attack on [#4] Zer0
[2:23:49 AM] [BVcB9#6] miximus: triggered wild attack on [#4] Zer0
[2:23:49 AM] [BVcB9#6] miximus: triggered wild attack on [#4] Zer0
[2:23:49 AM] [BVcB9#6] miximus: triggered wild attack on [#4] Zer0
[2:23:50 AM] [BVcB9#6] miximus: triggered wild attack on [#4] Zer0
[2:23:50 AM] [BVcB9#6] miximus: triggered wild attack on [#4] Zer0
[2:23:50 AM] [BVcB9#6] miximus: triggered wild attack on [#4] Zer0
[2:23:50 AM] [BVcB9#6] miximus: triggered wild attack on [#4] Zer0
[2:23:50 AM] [BVcB9#6] miximus: triggered wild attack on [#4] Zer0
[2:23:50 AM] [BVcB9#6] miximus: triggered wild attack on [#4] Zer0
[2:23:51 AM] [BVcB9#6] miximus: triggered wild attack on [#4] Zer0
[2:23:51 AM] [BVcB9#6] miximus: triggered wild attack on [#4] Zer0
[2:23:51 AM] [BVcB9#6] miximus: triggered wild attack on [#4] Zer0
[2:23:51 AM] [BVcB9#6] miximus: triggered wild attack on [#4] Zer0
[2:23:51 AM] [BVcB9#6] miximus: triggered wild attack on [#4] Zer0
[2:23:52 AM] [BVcB9#6] miximus: triggered wild attack on [#4] Zer0
[2:23:52 AM] [BVcB9#6] miximus: triggered wild attack on [#4] Zer0
[2:23:52 AM] [BVcB9#6] miximus: triggered wild attack on [#4] Zer0
[2:23:52 AM] [BVcB9#6] miximus: triggered wild attack on [#4] Zer0
[2:23:52 AM] [BVcB9#6] miximus: triggered wild attack on [#4] Zer0
[2:23:53 AM] [BVcB9#6] miximus: triggered wild attack on [#4] Zer0
[2:23:53 AM] [BVcB9#6] miximus: triggered wild attack on [#4] Zer0
[2:23:53 AM] [BVcB9#6] miximus: triggered wild attack on [#4] Zer0
[2:23:53 AM] [BVcB9#6] miximus: triggered wild attack on [#4] Zer0
[2:23:55 AM] [BVcB9#2] Kristen: enabled noclip
[2:23:59 AM] [BVcB9#2] Kristen: became mortal (standard mode)
[2:24:06 AM] [BVcB9#6] miximus: teleported to player [#4] Zer0 (x=219.943, y=173.895, z=107.126)
[2:24:38 AM] [BVcB9#2] Kristen: teleported to player [#4] Zer0 (x=206.215, y=171.613, z=106.637)
[2:24:59 AM] [BVcB9#2] Kristen: said "/t"
[2:25:05 AM] [BVcB9#2] Kristen: set [#4] Zer0 on fire
[2:25:10 AM] [BVcB9#2] Kristen: enabled noclip
[2:25:13 AM] [BVcB9#2] Kristen: became mortal (standard mode)
[2:25:43 AM] [BVcB9#2] Kristen: enabled noclip
[2:25:58 AM] [BVcB9#1] Tak: died from suicide (Animal)
[2:25:58 AM] [BVcB9#4] Zer0: became mortal (standard mode)
[2:26:13 AM] [BVcB9#2] Kristen: became mortal (standard mode)
[2:26:18 AM] [BVcB9#2] Kristen: healed player [#1] Tak
[2:26:37 AM] [BVcB9#2] Kristen: teleported to player [#4] Zer0 (x=284.901, y=162.527, z=104.329)
[2:26:40 AM] [BVcB9#2] Kristen: died from Pump Shotgun by Zer0
[2:26:48 AM] [BVcB9#2] Kristen: healed themself
[2:26:59 AM] [BVcB9#4] Zer0: healed themself
[2:27:05 AM] [BVcB9#6] miximus: died from suicide (Animal)
[2:27:07 AM] [BVcB9#2] Kristen: died from Pump Shotgun by Zer0
[2:27:11 AM] [BVcB9#2] Kristen: healed themself
[2:27:28 AM] [BVcB9#2] Kristen: died from Pump Shotgun by Zer0
[2:27:32 AM] [BVcB9#2] Kristen: healed themself
[2:27:40 AM] [BVcB9#2] Kristen: died from Pump Shotgun by Zer0
[2:27:46 AM] [BVcB9#2] Kristen: healed themself
[2:28:03 AM] [BVcB9#6] miximus: said "/uquit"
[2:28:03 AM] [BVcB9#6] miximus: disconnected (Exiting)
[2:28:09 AM] [BVcB9#2] Kristen: enabled noclip
[2:28:15 AM] [BVcB9#2] Kristen: became mortal (standard mode)
[2:28:19 AM] [BVcB9#1] Tak: died from Pump Shotgun by Zer0
[2:28:19 AM] [BVcB9#2] Kristen: healed player [#4] Zer0
[2:28:19 AM] [BVcB9#2] Kristen: summoned player [#4] Zer0
[2:28:25 AM] [BVcB9#2] Kristen: died from Pump Shotgun by Zer0
[2:28:30 AM] [BVcB9#2] Kristen: healed player [#2] Kristen
[2:28:32 AM] [BVcB9#2] Kristen: healed player [#2] Kristen
[2:29:07 AM] [BVcB9#2] Kristen: died from Pump Shotgun by Zer0
[2:29:10 AM] [BVcB9#2] Kristen: said "tx"
[2:29:13 AM] [BVcB9#4] Zer0: healed all players!
[2:29:29 AM] [BVcB9#4] Zer0: died from Micro SMG by Kristen
[2:29:34 AM] [BVcB9#4] Zer0: died from Micro SMG by Kristen
[2:29:34 AM] [BVcB9#4] Zer0: healed all players!
[2:29:43 AM] [BVcB9#2] Kristen: died from Ranover by Vehicle by Tak
[2:30:00 AM] [BVcB9#2] Kristen: said "/911medic"
[2:30:09 AM] [BVcB9#2] Kristen: died from Pump Shotgun by Zer0
[2:30:15 AM] [BVcB9#2] Kristen: healed themself
[2:30:23 AM] [BVcB9#2] Kristen: died from Pump Shotgun by Zer0
[2:30:29 AM] [BVcB9#2] Kristen: healed themself
[2:30:32 AM] [BVcB9#2] Kristen: died from Pump Shotgun by Zer0
[2:30:38 AM] [BVcB9#2] Kristen: healed player [#2] Kristen
[2:31:16 AM] [BVcB9#2] Kristen: died from Pistol by Tak
[2:31:28 AM] [BVcB9#4] Zer0: turned show player IDs off
[2:31:32 AM] [BVcB9#4] Zer0: spawned a vehicle (model: issi5)
[2:31:34 AM] [BVcB9#2] Kristen: healed themself
[2:31:53 AM] [BVcB9#2] Kristen: healed player [#1] Tak
[2:32:15 AM] [BVcB9#2] Kristen: healed player [#4] Zer0
[2:33:43 AM] [BVcB9#2] Kristen: died from Pump Shotgun by Zer0
[2:33:49 AM] [BVcB9#4] Zer0: turned show player IDs on
[2:33:50 AM] [BVcB9#4] Zer0: enabled noclip
[2:33:59 AM] [BVcB9#4] Zer0: set [#2] Kristen on fire
[2:33:59 AM] [BVcB9#4] Zer0: triggered wild attack on [#2] Kristen
[2:34:03 AM] [BVcB9#2] Kristen: died from Fire by Tak
[2:34:08 AM] [BVcB9#2] Kristen: healed themself
[2:34:22 AM] [BVcB9#4] Zer0: turned show player IDs off
[2:34:23 AM] [BVcB9#4] Zer0: teleported to a waypoint
[2:34:27 AM] [BVcB9#4] Zer0: became mortal (standard mode)
[2:34:33 AM] [BVcB9#4] Zer0: enabled noclip
[2:34:56 AM] [BVcB9#4] Zer0: became mortal (standard mode)
[2:35:09 AM] [BVcB9#4] Zer0: turned show player IDs on
[2:35:09 AM] [BVcB9#4] Zer0: teleported to a waypoint
[2:35:10 AM] [BVcB9#4] Zer0: turned show player IDs off
[2:35:13 AM] [BVcB9#4] Zer0: enabled noclip
[2:37:05 AM] [BVcB9#1] Tak: disconnected ([txAdmin] Server restarting (requested by ThePixelNetwork).)
[2:37:05 AM] [BVcB9#4] Zer0: disconnected ([txAdmin] Server restarting (requested by ThePixelNetwork).)
[2:37:05 AM] [BVcB9#2] Kristen: disconnected ([txAdmin] Server restarting (requested by ThePixelNetwork).)
[2:37:50 AM] txAdmin: Logger started
[2:39:04 AM] [WGJdY#1] Tak: joined with identifiers [license:efe375be53a7fbe893182acbc33341a16a1c45c8; xbl:2535455997256357; live:1055518714530736; discord:190584605743644672; fivem:7025072; license2:2c2e89e2ee305b4d80a259c52b5aa8fcf29a663d]
[2:39:08 AM] [WGJdY#2] Kristen: joined with identifiers [license:6a0ab2401f6fc64c1b7a92ba0aa8faa55a4ce1f2; xbl:2535458523080240; live:1899947313095719; discord:502592324279468032; fivem:14269877; license2:6a0ab2401f6fc64c1b7a92ba0aa8faa55a4ce1f2]
[2:40:15 AM] [WGJdY#2] Kristen: enabled noclip
[2:40:43 AM] [WGJdY#2] Kristen: became mortal (standard mode)
[2:41:19 AM] [WGJdY#2] Kristen: teleported to a waypoint
[2:41:39 AM] [WGJdY#2] Kristen: enabled noclip
[2:42:01 AM] [WGJdY#1] Tak: caused an explosion (PETROL_PUMP)
[2:42:01 AM] [WGJdY#1] Tak: caused an explosion (CAR)
[2:42:01 AM] [WGJdY#1] Tak: caused an explosion (CAR)
[2:42:01 AM] [WGJdY#1] Tak: caused an explosion (PETROL_PUMP)
[2:42:02 AM] [WGJdY#1] Tak: died from suicide (Explosion)
[2:42:06 AM] [WGJdY#2] Kristen: became mortal (standard mode)
[2:42:10 AM] [WGJdY#2] Kristen: healed player [#1] Tak
[2:43:36 AM] [WGJdY#3] Zer0: joined with identifiers [license:d78d06982d5085c6057a456dd0a80a0979e8306f; discord:162806082807267329; fivem:3308253; license2:d78d06982d5085c6057a456dd0a80a0979e8306f]
[2:44:39 AM] [WGJdY#3] Zer0: enabled noclip
[2:46:38 AM] [WGJdY#3] Zer0: became mortal (standard mode)
[2:46:55 AM] [WGJdY#3] Zer0: turned show player IDs on
[2:46:55 AM] [WGJdY#3] Zer0: enabled noclip
[2:46:57 AM] [WGJdY#3] Zer0: became mortal (standard mode)
[2:46:58 AM] [WGJdY#3] Zer0: enabled noclip
[2:46:59 AM] [WGJdY#3] Zer0: became mortal (standard mode)
[2:46:59 AM] [WGJdY#3] Zer0: enabled noclip
[2:47:00 AM] [WGJdY#3] Zer0: became mortal (standard mode)
[2:48:07 AM] [WGJdY#2] Kristen: enabled noclip
[2:48:11 AM] [WGJdY#2] Kristen: became mortal (standard mode)
[2:48:14 AM] [WGJdY#2] Kristen: enabled noclip
[2:48:15 AM] [WGJdY#2] Kristen: became mortal (standard mode)
[2:49:20 AM] [WGJdY#2] Kristen: teleported to player [#3] Zer0 (x=-584.083, y=-414.989, z=35.160)
[2:49:29 AM] [WGJdY#2] Kristen: healed player [#1] Tak
[2:50:09 AM] [WGJdY#2] Kristen: enabled noclip
[2:50:17 AM] [WGJdY#2] Kristen: became mortal (standard mode)
[2:50:27 AM] [WGJdY#3] Zer0: enabled noclip
[2:50:32 AM] [WGJdY#3] Zer0: became mortal (standard mode)
[2:50:42 AM] [WGJdY#3] Zer0: enabled noclip
[2:51:04 AM] [WGJdY#2] Kristen: enabled noclip
[2:51:17 AM] [WGJdY#2] Kristen: became mortal (standard mode)
[2:51:57 AM] [WGJdY#2] Kristen: summoned player [#1] Tak
[2:51:59 AM] [WGJdY#3] Zer0: became mortal (standard mode)
[2:52:52 AM] [WGJdY#2] Kristen: enabled noclip
[2:52:58 AM] [WGJdY#2] Kristen: became mortal (standard mode)
[2:53:02 AM] [WGJdY#2] Kristen: summoned player [#1] Tak
[2:54:12 AM] [WGJdY#2] Kristen: enabled noclip
[2:54:14 AM] [WGJdY#2] Kristen: became mortal (standard mode)
[2:54:20 AM] [WGJdY#2] Kristen: summoned player [#1] Tak
[2:55:04 AM] [WGJdY#3] Zer0: turned show player IDs off
[2:55:04 AM] [WGJdY#3] Zer0: turned show player IDs on
[2:55:14 AM] [WGJdY#3] Zer0: turned show player IDs off
[2:55:14 AM] [WGJdY#3] Zer0: turned show player IDs on
[2:55:23 AM] [WGJdY#3] Zer0: turned show player IDs off
[2:56:24 AM] [WGJdY#2] Kristen: enabled noclip
[2:56:25 AM] [WGJdY#2] Kristen: became mortal (standard mode)
[2:57:03 AM] [WGJdY#2] Kristen: enabled noclip
[2:57:05 AM] [WGJdY#2] Kristen: became mortal (standard mode)
[2:57:10 AM] [WGJdY#2] Kristen: enabled noclip
[2:57:12 AM] [WGJdY#2] Kristen: became mortal (standard mode)
[2:57:14 AM] [WGJdY#2] Kristen: enabled noclip
[2:57:15 AM] [WGJdY#2] Kristen: became mortal (standard mode)
[2:57:17 AM] [WGJdY#2] Kristen: enabled noclip
[2:57:18 AM] [WGJdY#2] Kristen: became mortal (standard mode)
[2:57:24 AM] [WGJdY#2] Kristen: deleted a vehicle
[2:57:40 AM] [WGJdY#3] Zer0: turned show player IDs on
[2:57:45 AM] [WGJdY#3] Zer0: turned show player IDs off
[2:57:47 AM] [WGJdY#2] Kristen: summoned player [#1] Tak
[2:58:02 AM] [WGJdY#1] Tak: died from suicide (Falling)
[2:58:08 AM] [WGJdY#2] Kristen: healed player [#1] Tak
[2:58:15 AM] [WGJdY#2] Kristen: enabled noclip
[2:58:16 AM] [WGJdY#2] Kristen: became mortal (standard mode)
[2:58:31 AM] [WGJdY#2] Kristen: summoned player [#1] Tak
[2:58:41 AM] [WGJdY#2] Kristen: enabled noclip
[2:58:42 AM] [WGJdY#2] Kristen: became mortal (standard mode)
[2:58:51 AM] [WGJdY#3] Zer0: turned show player IDs on
[2:58:51 AM] [WGJdY#3] Zer0: turned show player IDs off
[2:58:54 AM] [WGJdY#2] Kristen: enabled noclip
[2:59:05 AM] [WGJdY#2] Kristen: became mortal (standard mode)
[2:59:27 AM] [WGJdY#2] Kristen: enabled noclip
[2:59:35 AM] [WGJdY#2] Kristen: became mortal (standard mode)
[2:59:49 AM] [WGJdY#3] Zer0: turned show player IDs on
[2:59:49 AM] [WGJdY#3] Zer0: turned show player IDs off
[2:59:50 AM] [WGJdY#3] Zer0: turned show player IDs on
[3:00:01 AM] [WGJdY#2] Kristen: enabled noclip
[3:00:04 AM] [WGJdY#2] Kristen: became mortal (standard mode)
[3:00:08 AM] [WGJdY#2] Kristen: enabled noclip
[3:00:10 AM] [WGJdY#2] Kristen: became mortal (standard mode)
[3:00:27 AM] [WGJdY#3] Zer0: turned show player IDs off
[3:01:11 AM] [WGJdY#3] Zer0: turned show player IDs on
[3:01:12 AM] [WGJdY#3] Zer0: turned show player IDs off
[3:01:13 AM] [WGJdY#3] Zer0: turned show player IDs on
[3:01:13 AM] [WGJdY#3] Zer0: turned show player IDs off
[3:02:12 AM] [WGJdY#2] Kristen: enabled noclip
[3:02:35 AM] [WGJdY#2] Kristen: became mortal (standard mode)
[3:02:37 AM] [WGJdY#2] Kristen: said "/apnel"
[3:02:40 AM] [WGJdY#2] Kristen: said "/panel"
[3:02:51 AM] [WGJdY#2] Kristen: enabled noclip
[3:03:28 AM] [WGJdY#2] Kristen: became mortal (standard mode)
[3:03:30 AM] [WGJdY#2] Kristen: enabled noclip
[3:04:48 AM] [WGJdY#2] Kristen: became mortal (standard mode)
[3:04:53 AM] [WGJdY#2] Kristen: teleported to player [#3] Zer0 (x=-589.279, y=-438.422, z=31.150)
[3:04:58 AM] [WGJdY#3] Zer0: turned show player IDs on
[3:05:02 AM] [WGJdY#2] Kristen: enabled noclip
[3:05:03 AM] [WGJdY#2] Kristen: became mortal (standard mode)
[3:05:24 AM] [WGJdY#3] Zer0: turned show player IDs off
[3:05:24 AM] [WGJdY#3] Zer0: turned show player IDs on
[3:05:24 AM] [WGJdY#3] Zer0: turned show player IDs off
[3:05:52 AM] [WGJdY#2] Kristen: made a server-wide announcement: frank are u busy u bitch
[3:05:52 AM] txAdmin: ((Broadcast) tilli): said "frank are u busy u bitch"
[3:06:28 AM] [WGJdY#3] Zer0: made a server-wide announcement: only busy if its u
[3:06:29 AM] txAdmin: ((Broadcast) frank): said "only busy if its u"
[3:06:38 AM] [WGJdY#3] Zer0: turned show player IDs on
[3:06:48 AM] [WGJdY#2] Kristen: made a server-wide announcement: so take out pd got it
[3:06:48 AM] txAdmin: ((Broadcast) tilli): said "so take out pd got it"
[3:06:53 AM] [WGJdY#3] Zer0: turned show player IDs off
[3:06:54 AM] [WGJdY#3] Zer0: turned show player IDs on
[3:06:54 AM] [WGJdY#3] Zer0: turned show player IDs off
[3:06:55 AM] [WGJdY#3] Zer0: turned show player IDs on
[3:07:10 AM] [WGJdY#2] Kristen: enabled noclip
[3:07:16 AM] [WGJdY#2] Kristen: became mortal (standard mode)
[3:07:18 AM] [WGJdY#3] Zer0: made a server-wide announcement: TilliK
[3:07:18 AM] txAdmin: ((Broadcast) frank): said "TilliK"
[3:07:30 AM] [WGJdY#3] Zer0: turned show player IDs off
[3:07:30 AM] [WGJdY#2] Kristen: teleported to a waypoint
[3:07:31 AM] [WGJdY#3] Zer0: turned show player IDs on
[3:08:39 AM] [WGJdY#2] Kristen: enabled noclip
[3:08:45 AM] [WGJdY#3] Zer0: turned show player IDs off
[3:08:45 AM] [WGJdY#3] Zer0: turned show player IDs on
[3:08:46 AM] [WGJdY#3] Zer0: turned show player IDs off
[3:08:46 AM] [WGJdY#3] Zer0: turned show player IDs on
[3:08:47 AM] [WGJdY#3] Zer0: turned show player IDs off
[3:08:50 AM] [WGJdY#2] Kristen: became mortal (standard mode)
[3:09:00 AM] [WGJdY#3] Zer0: turned show player IDs on
[3:09:14 AM] [WGJdY#3] Zer0: turned show player IDs off
[3:09:15 AM] [WGJdY#3] Zer0: turned show player IDs on
[3:09:20 AM] [WGJdY#2] Kristen: healed player [#2] Kristen
[3:09:22 AM] [WGJdY#2] Kristen: teleported to player [#3] Zer0 (x=-599.789, y=-425.789, z=35.160)
[3:10:08 AM] [WGJdY#3] Zer0: turned show player IDs off
[3:11:21 AM] [WGJdY#3] Zer0: teleported to a waypoint
[3:11:31 AM] [WGJdY#3] Zer0: turned show player IDs on
[3:11:31 AM] [WGJdY#3] Zer0: enabled noclip
[3:11:38 AM] [WGJdY#3] Zer0: became mortal (standard mode)
[3:11:40 AM] [WGJdY#2] Kristen: teleported to player [#1] Tak (x=-267.020, y=-989.367, z=30.830)
[3:12:11 AM] [WGJdY#3] Zer0: turned show player IDs off
[3:12:57 AM] [WGJdY#2] Kristen: enabled noclip
[3:13:04 AM] [WGJdY#2] Kristen: became mortal (standard mode)
[3:13:16 AM] [WGJdY#3] Zer0: turned show player IDs on
[3:13:16 AM] [WGJdY#3] Zer0: turned show player IDs off
[3:14:24 AM] [WGJdY#2] Kristen: made a server-wide announcement: hey
[3:14:24 AM] txAdmin: ((Broadcast) tilli): said "hey"
[3:14:29 AM] [WGJdY#3] Zer0: enabled noclip
[3:14:38 AM] [WGJdY#3] Zer0: became mortal (standard mode)
[3:14:54 AM] [WGJdY#2] Kristen: enabled noclip
[3:14:55 AM] [WGJdY#2] Kristen: became mortal (standard mode)
[3:15:10 AM] [WGJdY#3] Zer0: turned show player IDs on
[3:15:11 AM] [WGJdY#3] Zer0: turned show player IDs off
[3:15:12 AM] [WGJdY#3] Zer0: turned show player IDs on
[3:15:55 AM] [WGJdY#3] Zer0: turned show player IDs off
[3:15:56 AM] [WGJdY#3] Zer0: turned show player IDs on
[3:16:37 AM] [WGJdY#3] Zer0: enabled noclip
[3:16:39 AM] [WGJdY#3] Zer0: became mortal (standard mode)
[3:16:40 AM] [WGJdY#3] Zer0: enabled noclip
[3:16:41 AM] [WGJdY#3] Zer0: became mortal (standard mode)
[3:16:48 AM] [WGJdY#3] Zer0: enabled noclip
[3:16:50 AM] [WGJdY#3] Zer0: became mortal (standard mode)
[3:17:11 AM] [WGJdY#2] Kristen: summoned player [#3] Zer0
[3:17:30 AM] [WGJdY#3] Zer0: died from Stungun by Kristen
[3:17:34 AM] [WGJdY#3] Zer0: healed themself
[3:18:17 AM] [WGJdY#2] Kristen: summoned player [#3] Zer0
[3:18:20 AM] [WGJdY#3] Zer0: turned show player IDs off
[3:18:21 AM] [WGJdY#3] Zer0: turned show player IDs on
[3:18:21 AM] [WGJdY#3] Zer0: turned show player IDs off
[3:18:21 AM] [WGJdY#3] Zer0: enabled noclip
[3:18:22 AM] [WGJdY#3] Zer0: became mortal (standard mode)
[3:18:23 AM] [WGJdY#3] Zer0: enabled noclip
[3:18:28 AM] [WGJdY#3] Zer0: became mortal (standard mode)
[3:18:33 AM] [WGJdY#3] Zer0: teleported to player [#2] Kristen (x=473.486, y=-1009.872, z=22.388)
[3:18:47 AM] [WGJdY#3] Zer0: enabled noclip
[3:18:49 AM] [WGJdY#3] Zer0: became mortal (standard mode)
[3:18:50 AM] [WGJdY#3] Zer0: enabled noclip
[3:18:50 AM] [WGJdY#3] Zer0: became mortal (standard mode)
[3:18:58 AM] [WGJdY#3] Zer0: enabled noclip
[3:18:59 AM] [WGJdY#3] Zer0: became mortal (standard mode)
[3:19:13 AM] [WGJdY#3] Zer0: enabled noclip
[3:19:14 AM] [WGJdY#3] Zer0: became mortal (standard mode)
[3:19:15 AM] [WGJdY#2] Kristen: enabled noclip
[3:19:17 AM] [WGJdY#2] Kristen: became mortal (standard mode)
[3:19:30 AM] [WGJdY#3] Zer0: turned show player IDs on
[3:19:30 AM] [WGJdY#3] Zer0: turned show player IDs off
[3:19:35 AM] [WGJdY#3] Zer0: turned show player IDs on
[3:20:08 AM] [WGJdY#3] Zer0: turned show player IDs off
[3:20:08 AM] [WGJdY#3] Zer0: turned show player IDs on
[3:20:09 AM] [WGJdY#3] Zer0: turned show player IDs off
[3:20:37 AM] [WGJdY#3] Zer0: turned show player IDs on
[3:20:45 AM] [WGJdY#2] Kristen: teleported to player [#1] Tak (x=-249.508, y=-314.413, z=21.360)
[3:21:24 AM] [WGJdY#3] Zer0: turned show player IDs off
[3:21:25 AM] [WGJdY#3] Zer0: turned show player IDs on
[3:21:26 AM] [WGJdY#3] Zer0: turned show player IDs off
[3:21:48 AM] [WGJdY#1] Tak: died from Stungun by Kristen
[3:21:48 AM] [WGJdY#3] Zer0: turned show player IDs on
[3:21:50 AM] [WGJdY#3] Zer0: turned show player IDs off
[3:21:53 AM] [WGJdY#2] Kristen: healed player [#1] Tak
[3:21:55 AM] [WGJdY#2] Kristen: healed player [#1] Tak
[3:21:55 AM] [WGJdY#2] Kristen: healed player [#1] Tak
[3:21:58 AM] [WGJdY#2] Kristen: enabled noclip
[3:22:11 AM] [WGJdY#2] Kristen: became mortal (standard mode)
[3:22:16 AM] [WGJdY#2] Kristen: healed player [#2] Kristen
[3:22:19 AM] [WGJdY#2] Kristen: teleported to player [#3] Zer0 (x=464.426, y=-969.956, z=23.922)
[3:22:28 AM] [WGJdY#3] Zer0: turned show player IDs on
[3:22:37 AM] [WGJdY#2] Kristen: enabled noclip
[3:22:37 AM] [WGJdY#2] Kristen: became mortal (standard mode)
[3:22:42 AM] [WGJdY#2] Kristen: teleported to player [#1] Tak (x=-210.738, y=-465.508, z=33.492)
[3:25:19 AM] [WGJdY#2] Kristen: enabled noclip
[3:25:47 AM] [WGJdY#2] Kristen: became mortal (standard mode)
[3:26:03 AM] [WGJdY#3] Zer0: turned show player IDs off
[3:26:03 AM] [WGJdY#3] Zer0: turned show player IDs on
[3:28:33 AM] [WGJdY#3] Zer0: said "/e handsup"
[3:28:38 AM] [WGJdY#3] Zer0: enabled noclip
[3:28:44 AM] [WGJdY#3] Zer0: became mortal (standard mode)
[3:28:57 AM] [WGJdY#3] Zer0: turned show player IDs off
[3:28:57 AM] [WGJdY#3] Zer0: turned show player IDs on
[3:29:06 AM] [WGJdY#2] Kristen: enabled noclip
[3:29:09 AM] [WGJdY#2] Kristen: became mortal (standard mode)
[3:29:13 AM] [WGJdY#2] Kristen: deleted a vehicle
[3:29:30 AM] [WGJdY#3] Zer0: teleported to coordinates (x=3.000, y=-598.200, z=-421.070)
[3:29:36 AM] [WGJdY#3] Zer0: teleported to coordinates (x=-598.200, y=-421.070, z=49.540)
[3:29:47 AM] [WGJdY#3] Zer0: turned show player IDs off
[3:30:02 AM] [WGJdY#3] Zer0: said "/e handsup"
[3:30:04 AM] [WGJdY#2] Kristen: deleted a vehicle
[3:30:17 AM] [WGJdY#3] Zer0: teleported to coordinates (x=-582.490, y=-428.700, z=31.160)
[3:31:56 AM] [WGJdY#3] Zer0: said "/e handsup"
[3:34:18 AM] [WGJdY#2] Kristen: repaired their vehicle
[3:35:44 AM] [WGJdY#2] Kristen: deleted a vehicle
[3:36:26 AM] [WGJdY#3] Zer0: turned show player IDs on
[3:36:26 AM] [WGJdY#3] Zer0: enabled noclip
[3:36:28 AM] [WGJdY#3] Zer0: became mortal (standard mode)
[3:36:30 AM] [WGJdY#3] Zer0: enabled noclip
[3:36:30 AM] [WGJdY#3] Zer0: became mortal (standard mode)
[3:36:33 AM] [WGJdY#3] Zer0: enabled noclip
[3:36:38 AM] [WGJdY#2] Kristen: made a server-wide announcement: were spawning cars at the airport
[3:36:38 AM] txAdmin: ((Broadcast) tilli): said "were spawning cars at the airport"
[3:36:45 AM] [WGJdY#3] Zer0: became mortal (standard mode)
[3:37:19 AM] [WGJdY#3] Zer0: turned show player IDs off
[3:37:21 AM] [WGJdY#3] Zer0: turned show player IDs on
[3:37:21 AM] [WGJdY#3] Zer0: turned show player IDs off
[3:39:18 AM] [WGJdY#2] Kristen: summoned player [#1] Tak
[3:39:26 AM] [WGJdY#2] Kristen: summoned player [#1] Tak
[3:39:36 AM] [WGJdY#2] Kristen: summoned player [#1] Tak
[3:39:39 AM] [WGJdY#1] Tak: died from suicide (Falling)
[3:39:43 AM] [WGJdY#2] Kristen: healed player [#1] Tak
[3:39:44 AM] [WGJdY#2] Kristen: summoned player [#1] Tak
[3:41:02 AM] [WGJdY#1] Tak: disconnected (Exiting)
[3:41:24 AM] [WGJdY#2] Kristen: enabled noclip
[3:41:34 AM] [WGJdY#2] Kristen: became mortal (standard mode)
[3:41:50 AM] [WGJdY#4] Tak: joined with identifiers [license:efe375be53a7fbe893182acbc33341a16a1c45c8; xbl:2535455997256357; live:1055518714530736; discord:190584605743644672; fivem:7025072; license2:2c2e89e2ee305b4d80a259c52b5aa8fcf29a663d]
[3:43:03 AM] [WGJdY#2] Kristen: summoned player [#4] Tak
[3:43:48 AM] [WGJdY#2] Kristen: teleported to player [#4] Tak (x=-1191.020, y=-3051.930, z=13.930)
[3:44:05 AM] [WGJdY#2] Kristen: teleported to player [#3] Zer0 (x=-588.936, y=-408.501, z=31.150)
[3:44:14 AM] [WGJdY#2] Kristen: teleported to player [#4] Tak (x=-1191.244, y=-3051.917, z=13.947)
[3:44:34 AM] [WGJdY#2] Kristen: enabled noclip
[3:45:18 AM] [WGJdY#2] Kristen: became mortal (standard mode)
[3:45:24 AM] [WGJdY#2] Kristen: enabled noclip
[3:46:05 AM] [WGJdY#4] Tak: disconnected (Exiting)
[3:46:13 AM] [WGJdY#2] Kristen: became mortal (standard mode)
[3:46:23 AM] [WGJdY#2] Kristen: enabled noclip
[3:46:25 AM] [WGJdY#2] Kristen: became mortal (standard mode)
[3:46:32 AM] [WGJdY#2] Kristen: enabled noclip
[3:47:04 AM] [WGJdY#2] Kristen: became mortal (standard mode)
[3:47:08 AM] [WGJdY#2] Kristen: enabled noclip
[3:47:12 AM] [WGJdY#2] Kristen: became mortal (standard mode)
[3:47:42 AM] [WGJdY#2] Kristen: teleported to player [#3] Zer0 (x=-588.936, y=-408.501, z=31.150)
[3:47:52 AM] [WGJdY#2] Kristen: enabled noclip
[3:47:56 AM] [WGJdY#3] Zer0: turned show player IDs on
[3:48:11 AM] [WGJdY#2] Kristen: became mortal (standard mode)
[3:49:35 AM] [WGJdY#2] Kristen: enabled noclip
[3:49:54 AM] [WGJdY#2] Kristen: became mortal (standard mode)
[3:50:03 AM] [WGJdY#2] Kristen: disconnected (Exiting)
[4:13:11 AM] [WGJdY#3] Zer0: disconnected (Exiting)
[4:40:11 AM] [WGJdY#5] chickncurry: joined with identifiers [license:9730242ed4f44a20dde4d0177d8d29b6163130c5; xbl:2535430595960543; live:844427997642053; discord:340728177783603201; fivem:13037150; license2:9730242ed4f44a20dde4d0177d8d29b6163130c5]
[4:45:53 AM] [WGJdY#6] Kristen: joined with identifiers [license:6a0ab2401f6fc64c1b7a92ba0aa8faa55a4ce1f2; xbl:2535458523080240; live:1899947313095719; discord:502592324279468032; fivem:14269877; license2:6a0ab2401f6fc64c1b7a92ba0aa8faa55a4ce1f2]
[4:47:06 AM] [WGJdY#6] Kristen: teleported to player [#5] chickncurry (x=1196.993, y=-377.143, z=67.832)
[4:50:14 AM] [WGJdY#6] Kristen: healed player [#5] chickncurry
[4:50:19 AM] [WGJdY#6] Kristen: said "/tz"
[4:50:25 AM] [WGJdY#6] Kristen: repaired their vehicle
[4:50:51 AM] [WGJdY#6] Kristen: repaired their vehicle
[4:57:23 AM] [WGJdY#7] Tak: joined with identifiers [license:efe375be53a7fbe893182acbc33341a16a1c45c8; xbl:2535455997256357; live:1055518714530736; discord:190584605743644672; fivem:7025072; license2:2c2e89e2ee305b4d80a259c52b5aa8fcf29a663d]
[5:01:26 AM] [WGJdY#6] Kristen: enabled noclip
[5:01:27 AM] [WGJdY#6] Kristen: became mortal (standard mode)
[5:05:25 AM] [WGJdY#6] Kristen: healed themself
[5:05:58 AM] [WGJdY#6] Kristen: repaired their vehicle
[5:06:01 AM] [WGJdY#6] Kristen: repaired their vehicle
[5:06:02 AM] [WGJdY#6] Kristen: repaired their vehicle
[5:06:15 AM] [WGJdY#6] Kristen: repaired their vehicle
[5:06:18 AM] [WGJdY#6] Kristen: repaired their vehicle
[5:09:13 AM] [WGJdY#6] Kristen: enabled noclip
[5:09:14 AM] [WGJdY#6] Kristen: became mortal (standard mode)
[5:10:38 AM] [WGJdY#6] Kristen: repaired their vehicle
[5:10:39 AM] [WGJdY#6] Kristen: repaired their vehicle
[5:10:40 AM] [WGJdY#6] Kristen: repaired their vehicle
[5:11:16 AM] [WGJdY#7] Tak: said "/e c"
[5:12:20 AM] [WGJdY#6] Kristen: deleted a vehicle
[5:12:56 AM] [WGJdY#6] Kristen: deleted a vehicle
[5:14:34 AM] [WGJdY#6] Kristen: made a server-wide announcement: deez nuts
[5:14:34 AM] txAdmin: ((Broadcast) tilli): said "deez nuts"
[5:15:42 AM] [WGJdY#6] Kristen: said "/weather"
[5:25:16 AM] [WGJdY#6] Kristen: enabled noclip
[5:25:17 AM] [WGJdY#6] Kristen: became mortal (standard mode)
[5:25:29 AM] [WGJdY#7] Tak: said "/getkeys"
[5:25:34 AM] [WGJdY#6] Kristen: teleported to player [#5] chickncurry (x=1431.178, y=1080.831, z=113.765)
[5:26:43 AM] [WGJdY#6] Kristen: enabled noclip
[5:26:44 AM] [WGJdY#6] Kristen: became mortal (standard mode)
[5:26:55 AM] [WGJdY#6] Kristen: said "t/tx"
[5:27:00 AM] [WGJdY#6] Kristen: repaired their vehicle
[5:27:03 AM] [WGJdY#5] chickncurry: repaired their vehicle
[5:30:42 AM] [WGJdY#6] Kristen: repaired their vehicle
[5:33:33 AM] [WGJdY#6] Kristen: teleported to player [#7] Tak (x=1444.694, y=1068.923, z=114.338)
[5:33:42 AM] [WGJdY#6] Kristen: healed player [#7] Tak
[5:33:43 AM] [WGJdY#6] Kristen: healed player [#7] Tak
[5:33:43 AM] [WGJdY#5] chickncurry: repaired their vehicle
[5:33:46 AM] [WGJdY#6] Kristen: enabled noclip
[5:33:48 AM] [WGJdY#6] Kristen: became mortal (standard mode)
[5:33:56 AM] [WGJdY#6] Kristen: repaired their vehicle
[5:33:59 AM] [WGJdY#6] Kristen: repaired their vehicle
[5:34:01 AM] [WGJdY#6] Kristen: repaired their vehicle
[5:34:02 AM] [WGJdY#6] Kristen: repaired their vehicle
[5:34:02 AM] [WGJdY#6] Kristen: repaired their vehicle
[5:34:03 AM] [WGJdY#6] Kristen: repaired their vehicle
[5:34:06 AM] [WGJdY#6] Kristen: deleted a vehicle
[5:34:12 AM] [WGJdY#5] chickncurry: teleported to player [#6] Kristen (x=1431.890, y=1068.659, z=114.237)
[5:40:01 AM] [WGJdY#6] Kristen: healed player [#5] chickncurry
[5:44:37 AM] [WGJdY#6] Kristen: enabled noclip
[5:44:38 AM] [WGJdY#6] Kristen: became mortal (standard mode)
[5:45:18 AM] [WGJdY#6] Kristen: healed player [#7] Tak
[5:50:43 AM] [WGJdY#6] Kristen: enabled noclip
[5:50:44 AM] [WGJdY#6] Kristen: became mortal (standard mode)
[5:52:04 AM] [WGJdY#6] Kristen: disconnected (Exiting)
[5:52:30 AM] [WGJdY#5] chickncurry: disconnected (Exiting)
[5:53:24 AM] [WGJdY#7] Tak: disconnected ([txAdmin] Server restarting (requested by ThePixelNetwork).)
[5:53:36 AM] txAdmin: Logger started
[5:54:53 AM] [6HyUY#1] miximus: joined with identifiers [license:91a41cf7de884e4d192a4e8076defd841e6409d5; discord:400761183931727873; fivem:860268; license2:eb6a9cd650a059197d8887ce53cf572e22c0b401]
[5:56:49 AM] [6HyUY#1] miximus: disconnected (Exiting)
[5:57:52 AM] txAdmin: Logger started
[5:59:11 AM] [UxAUz#1] miximus: joined with identifiers [license:91a41cf7de884e4d192a4e8076defd841e6409d5; discord:400761183931727873; fivem:860268; license2:eb6a9cd650a059197d8887ce53cf572e22c0b401]
[6:03:55 AM] [UxAUz#1] miximus: disconnected ([txAdmin] Server restarting (requested by ThePixelNetwork).)
[6:04:07 AM] txAdmin: Logger started
[6:05:24 AM] [gtgDK#1] miximus: joined with identifiers [license:91a41cf7de884e4d192a4e8076defd841e6409d5; discord:400761183931727873; fivem:860268; license2:eb6a9cd650a059197d8887ce53cf572e22c0b401]
[6:09:01 AM] [gtgDK#1] miximus: disconnected ([txAdmin] Server restarting (requested by ThePixelNetwork).)
[6:09:13 AM] txAdmin: Logger started
[6:10:30 AM] [TFNr8#1] miximus: joined with identifiers [license:91a41cf7de884e4d192a4e8076defd841e6409d5; discord:400761183931727873; fivem:860268; license2:eb6a9cd650a059197d8887ce53cf572e22c0b401]
[6:12:10 AM] [TFNr8#1] miximus: disconnected (Exiting)
[6:12:31 AM] txAdmin: Logger started
[6:13:49 AM] [YDgJQ#1] miximus: joined with identifiers [license:91a41cf7de884e4d192a4e8076defd841e6409d5; discord:400761183931727873; fivem:860268; license2:eb6a9cd650a059197d8887ce53cf572e22c0b401]
[6:17:42 AM] [YDgJQ#1] miximus: disconnected (Exiting)
[7:06:03 AM] txAdmin: Logger started
[7:07:08 AM] txAdmin: Logger started
[7:11:18 AM] [6y7Ft#1] miximus: joined with identifiers [license:91a41cf7de884e4d192a4e8076defd841e6409d5; discord:400761183931727873; fivem:860268; license2:eb6a9cd650a059197d8887ce53cf572e22c0b401]
[7:12:25 AM] [6y7Ft#1] miximus: said "/hi"
[7:12:28 AM] [6y7Ft#1] miximus: said "hi"
[7:12:33 AM] [6y7Ft#1] miximus: said "//me hi"
[7:12:59 AM] [6y7Ft#1] miximus: said "/emotemenu"
[7:13:03 AM] [6y7Ft#1] miximus: said "/emotemenu"
[7:37:31 AM] [6y7Ft#1] miximus: disconnected ([txAdmin] Server restarting (requested by ThePixelNetwork).)
[7:37:43 AM] txAdmin: Logger started
[7:39:04 AM] [MiFfB#1] miximus: joined with identifiers [license:91a41cf7de884e4d192a4e8076defd841e6409d5; discord:400761183931727873; fivem:860268; license2:eb6a9cd650a059197d8887ce53cf572e22c0b401]
[7:44:33 AM] [MiFfB#1] miximus: disconnected ([txAdmin] Server restarting (requested by ThePixelNetwork).)
[7:44:45 AM] txAdmin: Logger started
[7:47:58 AM] txAdmin: Logger started
[7:51:26 AM] txAdmin: Logger started
[8:12:00 AM] txAdmin: Logger started
[10:00:29 AM] txAdmin: Logger started
[10:00:56 AM] txAdmin: Logger started
[10:05:41 AM] txAdmin: Logger started
[10:07:50 AM] txAdmin: Logger started
[10:09:05 AM] txAdmin: Logger started
[4:15:23 PM] [qKtnf#1] Kristen: joined with identifiers [license:6a0ab2401f6fc64c1b7a92ba0aa8faa55a4ce1f2; xbl:2535458523080240; live:1899947313095719; discord:502592324279468032; fivem:14269877; license2:6a0ab2401f6fc64c1b7a92ba0aa8faa55a4ce1f2]
[4:16:50 PM] [qKtnf#1] Kristen: enabled noclip
[4:17:03 PM] [qKtnf#1] Kristen: became mortal (standard mode)
[4:18:32 PM] [qKtnf#1] Kristen: enabled noclip
[4:18:52 PM] [qKtnf#1] Kristen: became mortal (standard mode)
[4:19:19 PM] [qKtnf#1] Kristen: enabled noclip
[4:19:48 PM] [qKtnf#1] Kristen: became mortal (standard mode)
[4:20:22 PM] [qKtnf#1] Kristen: disconnected (Exiting)
[4:37:32 PM] txAdmin: Logger started
[4:40:34 PM] [BKBMK#1] miximus: joined with identifiers [license:91a41cf7de884e4d192a4e8076defd841e6409d5; discord:400761183931727873; fivem:860268; license2:eb6a9cd650a059197d8887ce53cf572e22c0b401]
[4:42:48 PM] [BKBMK#1] miximus: disconnected ([txAdmin] Server restarting (requested by ThePixelNetwork).)
[4:43:04 PM] txAdmin: Logger started
[4:44:30 PM] [QUiQD#1] miximus: joined with identifiers [license:91a41cf7de884e4d192a4e8076defd841e6409d5; discord:400761183931727873; fivem:860268; license2:eb6a9cd650a059197d8887ce53cf572e22c0b401]
[4:48:26 PM] [QUiQD#1] miximus: disconnected (Exiting)
[4:48:47 PM] txAdmin: Logger started
[4:50:05 PM] [VAVMP#1] miximus: joined with identifiers [license:91a41cf7de884e4d192a4e8076defd841e6409d5; discord:400761183931727873; fivem:860268; license2:eb6a9cd650a059197d8887ce53cf572e22c0b401]
[5:00:02 PM] [VAVMP#1] miximus: disconnected ([txAdmin] Server restarting (requested by ThePixelNetwork).)
[5:00:15 PM] txAdmin: Logger started
[5:01:33 PM] [RhJEn#1] miximus: joined with identifiers [license:91a41cf7de884e4d192a4e8076defd841e6409d5; discord:400761183931727873; fivem:860268; license2:eb6a9cd650a059197d8887ce53cf572e22c0b401]
[5:04:40 PM] [RhJEn#1] miximus: disconnected ([txAdmin] Server restarting (requested by ThePixelNetwork).)
[5:04:52 PM] txAdmin: Logger started
[5:06:10 PM] [WyiW4#1] miximus: joined with identifiers [license:91a41cf7de884e4d192a4e8076defd841e6409d5; discord:400761183931727873; fivem:860268; license2:eb6a9cd650a059197d8887ce53cf572e22c0b401]
[5:20:41 PM] [WyiW4#1] miximus: disconnected (Server shutting down: SIGHUP received)

================================================================
======== txAdmin Starting - 9/23/2024, 5:20:44 PM               
================================================================
[5:21:01 PM] txAdmin: Logger started
[5:22:20 PM] [aDWfA#1] miximus: joined with identifiers [license:91a41cf7de884e4d192a4e8076defd841e6409d5; discord:400761183931727873; fivem:860268; license2:eb6a9cd650a059197d8887ce53cf572e22c0b401]
[5:22:22 PM] [aDWfA#2] Kristen: joined with identifiers [license:6a0ab2401f6fc64c1b7a92ba0aa8faa55a4ce1f2; xbl:2535458523080240; live:1899947313095719; discord:502592324279468032; fivem:14269877; license2:6a0ab2401f6fc64c1b7a92ba0aa8faa55a4ce1f2]
[5:23:32 PM] [aDWfA#2] Kristen: enabled noclip
[5:23:51 PM] [aDWfA#2] Kristen: became mortal (standard mode)
[5:24:09 PM] [aDWfA#2] Kristen: enabled noclip
[5:24:38 PM] [aDWfA#2] Kristen: became mortal (standard mode)
[5:24:41 PM] [aDWfA#2] Kristen: enabled noclip
[5:26:02 PM] [aDWfA#2] Kristen: became mortal (standard mode)
[5:26:22 PM] [aDWfA#2] Kristen: enabled noclip
[5:26:26 PM] [aDWfA#2] Kristen: became mortal (standard mode)
[5:26:33 PM] [aDWfA#2] Kristen: enabled noclip
[5:27:06 PM] [aDWfA#2] Kristen: became mortal (standard mode)
[5:27:39 PM] [aDWfA#2] Kristen: enabled noclip
[5:27:44 PM] [aDWfA#2] Kristen: became mortal (standard mode)
[5:27:45 PM] [aDWfA#2] Kristen: enabled noclip
[5:28:14 PM] [aDWfA#2] Kristen: became mortal (standard mode)
[5:28:53 PM] [aDWfA#2] Kristen: enabled noclip
[5:29:04 PM] [aDWfA#2] Kristen: became mortal (standard mode)
[5:29:36 PM] [aDWfA#2] Kristen: teleported to player [#1] miximus (x=-1208.426, y=-1560.343, z=4.865)
[5:29:57 PM] [aDWfA#3] Tak: joined with identifiers [license:efe375be53a7fbe893182acbc33341a16a1c45c8; xbl:2535455997256357; live:1055518714530736; discord:190584605743644672; fivem:7025072; license2:2c2e89e2ee305b4d80a259c52b5aa8fcf29a663d]
[5:32:54 PM] [aDWfA#2] Kristen: enabled noclip
[5:33:19 PM] [aDWfA#2] Kristen: became mortal (standard mode)
[5:34:47 PM] [aDWfA#2] Kristen: disconnected (Server->client connection timed out. Last seen 142 msec ago.)
[5:35:14 PM] [aDWfA#1] miximus: disconnected (Exiting)
[5:35:19 PM] [aDWfA#3] Tak: disconnected ([txAdmin] Server restarting (requested by ThePixelNetwork).)
[5:35:32 PM] txAdmin: Logger started
[5:36:49 PM] [fgiwQ#1] miximus: joined with identifiers [license:91a41cf7de884e4d192a4e8076defd841e6409d5; discord:400761183931727873; fivem:860268; license2:eb6a9cd650a059197d8887ce53cf572e22c0b401]
[5:36:50 PM] [fgiwQ#2] Kristen: joined with identifiers [license:6a0ab2401f6fc64c1b7a92ba0aa8faa55a4ce1f2; xbl:2535458523080240; live:1899947313095719; discord:502592324279468032; fivem:14269877; license2:6a0ab2401f6fc64c1b7a92ba0aa8faa55a4ce1f2]
[5:38:03 PM] [fgiwQ#2] Kristen: enabled noclip
[5:38:46 PM] [fgiwQ#2] Kristen: became mortal (standard mode)
[5:40:28 PM] [fgiwQ#1] miximus: teleported to player [#2] Kristen (x=-359.051, y=-205.965, z=36.896)
[5:40:36 PM] [fgiwQ#1] miximus: teleported to player [#2] Kristen (x=-358.523, y=-205.833, z=36.930)
[5:41:23 PM] [fgiwQ#2] Kristen: deleted a vehicle
[5:43:55 PM] [fgiwQ#2] Kristen: repaired their vehicle
[5:51:54 PM] [fgiwQ#2] Kristen: said "/t"
[5:52:00 PM] [fgiwQ#2] Kristen: deleted a vehicle
[5:53:44 PM] [fgiwQ#2] Kristen: deleted a vehicle
[5:55:22 PM] [fgiwQ#2] Kristen: deleted a vehicle
[5:55:47 PM] [fgiwQ#2] Kristen: disconnected (Exiting)
[5:57:01 PM] [fgiwQ#1] miximus: disconnected ([txAdmin] Server restarting (requested by ThePixelNetwork).)
[5:57:13 PM] txAdmin: Logger started
[5:58:05 PM] txAdmin: Logger started
[5:59:17 PM] [tmiUj#1] miximus: joined with identifiers [license:91a41cf7de884e4d192a4e8076defd841e6409d5; discord:400761183931727873; fivem:860268; license2:eb6a9cd650a059197d8887ce53cf572e22c0b401]
[6:00:22 PM] [tmiUj#1] miximus: disconnected (Exiting)
[6:01:55 PM] txAdmin: Logger started
[6:03:23 PM] [DQYMX#1] miximus: joined with identifiers [license:91a41cf7de884e4d192a4e8076defd841e6409d5; discord:400761183931727873; fivem:860268; license2:eb6a9cd650a059197d8887ce53cf572e22c0b401]
[7:31:13 PM] [DQYMX#2] Kristen: joined with identifiers [license:6a0ab2401f6fc64c1b7a92ba0aa8faa55a4ce1f2; xbl:2535458523080240; live:1899947313095719; discord:502592324279468032; fivem:14269877; license2:6a0ab2401f6fc64c1b7a92ba0aa8faa55a4ce1f2]
[7:33:09 PM] [DQYMX#2] Kristen: teleported to player [#1] miximus (x=225.640, y=-257.248, z=52.785)
[7:34:12 PM] [DQYMX#2] Kristen: disconnected (Exiting)
[8:00:53 PM] [DQYMX#3] Yoda: joined with identifiers [license:f31dc2072b795f10e5aedf022c342b03364f5e66; xbl:2533274973664660; live:325692942744681; discord:673626335939264524; fivem:14746238; license2:a1230fc5a3b2441b5e93cffaf9f00661511ee807]
[8:07:47 PM] [DQYMX#3] Yoda: turned show player IDs on
[8:10:07 PM] [DQYMX#1] miximus: said "/createshoo"
[8:21:27 PM] [DQYMX#3] Yoda: enabled noclip
[8:21:38 PM] [DQYMX#3] Yoda: became mortal (standard mode)
[8:24:02 PM] [DQYMX#3] Yoda: enabled noclip
[8:24:21 PM] [DQYMX#3] Yoda: became mortal (standard mode)
[8:24:22 PM] [DQYMX#3] Yoda: disconnected ([txAdmin] Server restarting (requested by ThePixelNetwork).)
[8:24:22 PM] [DQYMX#1] miximus: disconnected ([txAdmin] Server restarting (requested by ThePixelNetwork).)
[8:24:35 PM] txAdmin: Logger started
[10:06:29 PM] [B8H4W#1] Kristen: joined with identifiers [license:6a0ab2401f6fc64c1b7a92ba0aa8faa55a4ce1f2; xbl:2535458523080240; live:1899947313095719; discord:502592324279468032; fivem:14269877; license2:6a0ab2401f6fc64c1b7a92ba0aa8faa55a4ce1f2]
[10:07:43 PM] [B8H4W#1] Kristen: enabled noclip
[10:07:48 PM] [B8H4W#1] Kristen: became mortal (standard mode)
[10:09:09 PM] [B8H4W#1] Kristen: enabled noclip
[10:09:23 PM] [B8H4W#1] Kristen: became mortal (standard mode)
[10:09:27 PM] [B8H4W#1] Kristen: enabled noclip
[10:09:36 PM] [B8H4W#1] Kristen: became mortal (standard mode)
[10:09:42 PM] [B8H4W#1] Kristen: enabled noclip
[10:10:13 PM] [B8H4W#1] Kristen: became mortal (standard mode)
[10:10:18 PM] [B8H4W#1] Kristen: enabled noclip
[10:10:52 PM] [B8H4W#1] Kristen: became mortal (standard mode)
[10:10:55 PM] [B8H4W#1] Kristen: enabled noclip
[10:12:07 PM] [B8H4W#1] Kristen: became mortal (standard mode)
[10:12:33 PM] [B8H4W#1] Kristen: enabled noclip
[10:12:58 PM] [B8H4W#1] Kristen: became mortal (standard mode)
[10:13:26 PM] [B8H4W#1] Kristen: enabled noclip
[10:13:35 PM] [B8H4W#1] Kristen: became mortal (standard mode)
[10:13:40 PM] [B8H4W#1] Kristen: enabled noclip
[10:13:47 PM] [B8H4W#1] Kristen: became mortal (standard mode)
[10:13:50 PM] [B8H4W#1] Kristen: enabled noclip
[10:13:57 PM] [B8H4W#1] Kristen: became mortal (standard mode)
[10:14:01 PM] [B8H4W#1] Kristen: enabled noclip
[10:14:05 PM] [B8H4W#1] Kristen: became mortal (standard mode)
[10:14:19 PM] [B8H4W#1] Kristen: enabled noclip
[10:14:21 PM] [B8H4W#1] Kristen: became mortal (standard mode)
[10:14:35 PM] [B8H4W#1] Kristen: healed themself
[10:14:46 PM] [B8H4W#1] Kristen: enabled noclip
[10:14:52 PM] [B8H4W#1] Kristen: became mortal (standard mode)
[10:15:02 PM] [B8H4W#1] Kristen: enabled noclip
[10:15:11 PM] [B8H4W#1] Kristen: became mortal (standard mode)
[10:15:15 PM] [B8H4W#1] Kristen: enabled noclip
[10:16:18 PM] [B8H4W#1] Kristen: became mortal (standard mode)
[10:16:24 PM] [B8H4W#1] Kristen: enabled noclip
[10:16:43 PM] [B8H4W#1] Kristen: became mortal (standard mode)
[10:16:54 PM] [B8H4W#1] Kristen: enabled noclip
[10:16:56 PM] [B8H4W#1] Kristen: became mortal (standard mode)
[10:17:08 PM] [B8H4W#1] Kristen: enabled noclip
[10:17:44 PM] [B8H4W#1] Kristen: became mortal (standard mode)
[10:17:46 PM] [B8H4W#1] Kristen: enabled noclip
[10:17:53 PM] [B8H4W#1] Kristen: became mortal (standard mode)
[10:18:00 PM] [B8H4W#1] Kristen: enabled noclip
[10:18:09 PM] [B8H4W#1] Kristen: became mortal (standard mode)
[10:18:49 PM] [B8H4W#1] Kristen: teleported to a waypoint
[10:19:31 PM] [B8H4W#1] Kristen: enabled noclip
[10:19:33 PM] [B8H4W#1] Kristen: became mortal (standard mode)
[10:20:16 PM] [B8H4W#1] Kristen: enabled noclip
[10:20:21 PM] [B8H4W#1] Kristen: became mortal (standard mode)
[10:25:38 PM] [B8H4W#1] Kristen: disconnected (Exiting)
[11:12:49 PM] [B8H4W#2] miximus: joined with identifiers [license:91a41cf7de884e4d192a4e8076defd841e6409d5; discord:400761183931727873; fivem:860268; license2:eb6a9cd650a059197d8887ce53cf572e22c0b401]
[11:29:00 PM] [B8H4W#3] Yoda: joined with identifiers [license:f31dc2072b795f10e5aedf022c342b03364f5e66; xbl:2533274973664660; live:325692942744681; discord:673626335939264524; fivem:14746238; license2:a1230fc5a3b2441b5e93cffaf9f00661511ee807]
[11:44:06 PM] [B8H4W#2] miximus: disconnected ([txAdmin] Server restarting (requested by ThePixelNetwork).)
[11:44:06 PM] [B8H4W#3] Yoda: disconnected ([txAdmin] Server restarting (requested by ThePixelNetwork).)
[11:44:19 PM] txAdmin: Logger started
[11:45:42 PM] [g69Pz#1] miximus: joined with identifiers [license:91a41cf7de884e4d192a4e8076defd841e6409d5; discord:400761183931727873; fivem:860268; license2:eb6a9cd650a059197d8887ce53cf572e22c0b401]
[11:30:31 PM] [g69Pz#1] miximus: disconnected (Server shutting down: SIGHUP received)

================================================================
======== txAdmin Starting - 9/23/2024, 11:31:01 PM              
================================================================
[11:31:18 PM] txAdmin: Logger started
[11:32:29 PM] [AXYRD#1] miximus: joined with identifiers [license:91a41cf7de884e4d192a4e8076defd841e6409d5; discord:400761183931727873; fivem:860268; license2:eb6a9cd650a059197d8887ce53cf572e22c0b401]
[11:47:27 PM] [AXYRD#1] miximus: said "/drugcreator"
[11:48:25 PM] [AXYRD#1] miximus: disconnected ([txAdmin] Server restarting (requested by ThePixelNetwork).)
[11:48:38 PM] txAdmin: Logger started
[11:50:34 PM] [37LYj#1] miximus: joined with identifiers [license:91a41cf7de884e4d192a4e8076defd841e6409d5; discord:400761183931727873; fivem:860268; license2:eb6a9cd650a059197d8887ce53cf572e22c0b401]
[11:57:16 PM] [37LYj#2] Owner: joined with identifiers [license:f31dc2072b795f10e5aedf022c342b03364f5e66; xbl:2533274973664660; live:325692942744681; discord:673626335939264524; fivem:14746238; license2:a1230fc5a3b2441b5e93cffaf9f00661511ee807]
[11:59:27 PM] [37LYj#2] Owner: enabled noclip
[11:59:35 PM] [37LYj#2] Owner: became mortal (standard mode)
[11:59:45 PM] [37LYj#2] Owner: turned show player IDs on
