
================================================================
======== Log Rotated - 9/22/2024, 12:00:00 AM                   
================================================================
[12:01:09 AM] txAdmin: Logger started
[12:02:16 AM] [a3XGJ#1] miximus: joined with identifiers [license:91a41cf7de884e4d192a4e8076defd841e6409d5; discord:400761183931727873; fivem:860268; license2:eb6a9cd650a059197d8887ce53cf572e22c0b401]
[12:03:10 AM] [a3XGJ#1] miximus: disconnected (Game crashed: GTA5_b3095.exe!sub_140FDA4A0 (0x53))
[12:16:18 AM] txAdmin: Logger started
[12:17:02 AM] [KnX7L#1] miximus: joined with identifiers [license:91a41cf7de884e4d192a4e8076defd841e6409d5; discord:400761183931727873; fivem:860268; license2:eb6a9cd650a059197d8887ce53cf572e22c0b401]
[12:17:52 AM] [KnX7L#1] miximus: disconnected (Game crashed: GTA5_b3095.exe!sub_140FDA4A0 (0x53))
[2:04:46 AM] txAdmin: Logger started
[2:07:22 AM] txAdmin: Logger started
[2:15:00 AM] txAdmin: Logger started
[2:32:20 AM] txAdmin: Logger started
[2:32:59 AM] txAdmin: Logger started
[2:41:19 AM] txAdmin: Logger started
[2:47:46 AM] txAdmin: Logger started
[4:13:09 AM] [Vb7rH#1] miximus: joined with identifiers [license:91a41cf7de884e4d192a4e8076defd841e6409d5; discord:400761183931727873; fivem:860268; license2:eb6a9cd650a059197d8887ce53cf572e22c0b401]
[4:15:30 AM] [Vb7rH#1] miximus: disconnected (Couldn't load resource DuyPack: Couldn't load resource DuyPack from resources:/DuyPack/: Could not o)
[4:35:02 AM] txAdmin: Logger started
[4:38:22 AM] [hAdXN#1] miximus: joined with identifiers [license:91a41cf7de884e4d192a4e8076defd841e6409d5; discord:400761183931727873; fivem:860268; license2:eb6a9cd650a059197d8887ce53cf572e22c0b401]
[4:40:46 AM] [hAdXN#2] Yoda: joined with identifiers [license:f31dc2072b795f10e5aedf022c342b03364f5e66; xbl:2533274973664660; live:325692942744681; discord:673626335939264524; fivem:14746238; license2:a1230fc5a3b2441b5e93cffaf9f00661511ee807]
[4:42:16 AM] [hAdXN#2] Yoda: said "/tz"
[4:42:19 AM] [hAdXN#2] Yoda: enabled noclip
[4:42:21 AM] [hAdXN#2] Yoda: turned show player IDs on
[4:42:30 AM] [hAdXN#2] Yoda: became mortal (standard mode)
[4:42:35 AM] [hAdXN#1] miximus: teleported to player [#2] Yoda (x=-570.541, y=312.000, z=84.480)
[4:42:56 AM] [hAdXN#2] Yoda: said "have to hotwire "
[4:43:19 AM] [hAdXN#3] Kristen: joined with identifiers [license:6a0ab2401f6fc64c1b7a92ba0aa8faa55a4ce1f2; xbl:2535458523080240; live:1899947313095719; discord:502592324279468032; fivem:14269877; license2:6a0ab2401f6fc64c1b7a92ba0aa8faa55a4ce1f2]
[4:44:35 AM] [hAdXN#3] Kristen: enabled noclip
[4:45:03 AM] [hAdXN#3] Kristen: became mortal (standard mode)
[4:45:12 AM] [hAdXN#3] Kristen: enabled noclip
[4:45:20 AM] [hAdXN#3] Kristen: became mortal (standard mode)
[4:45:24 AM] [hAdXN#2] Yoda: said "im not admin cant spawn money :("
[4:45:32 AM] [hAdXN#2] Yoda: enabled noclip
[4:45:36 AM] [hAdXN#3] Kristen: enabled noclip
[4:45:37 AM] [hAdXN#2] Yoda: became mortal (standard mode)
[4:45:52 AM] [hAdXN#3] Kristen: became mortal (standard mode)
[4:46:04 AM] [hAdXN#2] Yoda: enabled noclip
[4:46:12 AM] [hAdXN#2] Yoda: became mortal (standard mode)
[4:48:37 AM] [hAdXN#1] miximus: teleported to player [#3] Kristen (x=-1012.510, y=-1141.055, z=2.152)
[4:48:48 AM] [hAdXN#1] miximus: said "u are now"
[4:58:20 AM] [hAdXN#3] Kristen: teleported to a waypoint
[4:58:31 AM] [hAdXN#3] Kristen: enabled noclip
[4:58:39 AM] [hAdXN#3] Kristen: became mortal (standard mode)
[4:59:39 AM] [hAdXN#3] Kristen: enabled noclip
[5:00:03 AM] [hAdXN#2] Yoda: teleported to player [#3] Kristen (x=265.754, y=135.138, z=107.716)
[5:00:05 AM] [hAdXN#3] Kristen: became mortal (standard mode)
[5:00:08 AM] [hAdXN#3] Kristen: enabled noclip
[5:00:14 AM] [hAdXN#3] Kristen: became mortal (standard mode)
[5:00:40 AM] [hAdXN#3] Kristen: enabled noclip
[5:01:00 AM] [hAdXN#3] Kristen: became mortal (standard mode)
[5:01:19 AM] [hAdXN#3] Kristen: enabled noclip
[5:01:22 AM] [hAdXN#2] Yoda: said "UH OH "
[5:01:48 AM] [hAdXN#3] Kristen: became mortal (standard mode)
[5:01:53 AM] [hAdXN#3] Kristen: deleted a vehicle
[5:01:58 AM] [hAdXN#3] Kristen: disconnected (Exiting)
[5:02:45 AM] [hAdXN#4] Kristen: joined with identifiers [license:6a0ab2401f6fc64c1b7a92ba0aa8faa55a4ce1f2; xbl:2535458523080240; live:1899947313095719; discord:502592324279468032; fivem:14269877; license2:6a0ab2401f6fc64c1b7a92ba0aa8faa55a4ce1f2]
[5:04:18 AM] [hAdXN#4] Kristen: enabled noclip
[5:04:31 AM] [hAdXN#2] Yoda: said "tilli im doing house robbing so i looking at config and try to spawn in the stuff and it wont spawn :( "
[5:04:34 AM] [hAdXN#4] Kristen: became mortal (standard mode)
[5:04:55 AM] [hAdXN#2] Yoda: said "says items dont exist "
[5:06:54 AM] [hAdXN#2] Yoda: enabled noclip
[5:07:19 AM] [hAdXN#2] Yoda: became mortal (standard mode)
[5:08:28 AM] [hAdXN#2] Yoda: said "/e handsup"
[5:12:32 AM] [hAdXN#4] Kristen: said "when did u send this im sorry lol"
[5:12:35 AM] [hAdXN#4] Kristen: teleported to a waypoint
[5:12:39 AM] [hAdXN#4] Kristen: enabled noclip
[5:12:48 AM] [hAdXN#4] Kristen: became mortal (standard mode)
[5:12:59 AM] [hAdXN#4] Kristen: teleported to player [#2] Yoda (x=70.760, y=230.229, z=110.951)
[5:16:18 AM] [hAdXN#4] Kristen: disconnected (Detected a blacklisted word)
[5:16:26 AM] [hAdXN#2] Yoda: said "LMAO"
[5:17:20 AM] [hAdXN#5] Kristen: joined with identifiers [license:6a0ab2401f6fc64c1b7a92ba0aa8faa55a4ce1f2; xbl:2535458523080240; live:1899947313095719; discord:502592324279468032; fivem:14269877; license2:6a0ab2401f6fc64c1b7a92ba0aa8faa55a4ce1f2]
[5:22:34 AM] [hAdXN#1] miximus: teleported to player [#5] Kristen (x=70.549, y=230.308, z=110.951)
[5:23:21 AM] [hAdXN#2] Yoda: disconnected (Detected a blacklisted word)
[5:24:35 AM] [hAdXN#6] Yoda: joined with identifiers [license:f31dc2072b795f10e5aedf022c342b03364f5e66; xbl:2533274973664660; live:325692942744681; discord:673626335939264524; fivem:14746238; license2:a1230fc5a3b2441b5e93cffaf9f00661511ee807]
[5:30:23 AM] [hAdXN#6] Yoda: teleported to player [#1] miximus (x=311.407, y=-563.591, z=43.383)
[5:30:42 AM] [hAdXN#6] Yoda: turned show player IDs on
[5:35:28 AM] [hAdXN#6] Yoda: died from Bat by Kristen
[5:35:32 AM] [hAdXN#5] Kristen: enabled noclip
[5:35:40 AM] [hAdXN#6] Yoda: said "RDM NEED ADMIN PLZZZZ"
[5:35:47 AM] [hAdXN#5] Kristen: became mortal (standard mode)
[5:35:47 AM] [hAdXN#6] Yoda: healed player [#6] Yoda
[5:35:51 AM] [hAdXN#5] Kristen: enabled noclip
[5:35:54 AM] [hAdXN#5] Kristen: became mortal (standard mode)
[5:36:15 AM] [hAdXN#5] Kristen: enabled noclip
[5:36:18 AM] [hAdXN#5] Kristen: became mortal (standard mode)
[5:36:57 AM] [hAdXN#5] Kristen: enabled noclip
[5:36:59 AM] [hAdXN#5] Kristen: became mortal (standard mode)
[5:37:40 AM] [hAdXN#5] Kristen: disconnected ([txAdmin] Server restarting (requested by ThePixelNetwork).)
[5:37:40 AM] [hAdXN#1] miximus: disconnected ([txAdmin] Server restarting (requested by ThePixelNetwork).)
[5:37:40 AM] [hAdXN#6] Yoda: disconnected ([txAdmin] Server restarting (requested by ThePixelNetwork).)
[5:37:50 AM] txAdmin: Logger started
[5:38:54 AM] [CDGAA#1] Yoda: joined with identifiers [license:f31dc2072b795f10e5aedf022c342b03364f5e66; xbl:2533274973664660; live:325692942744681; discord:673626335939264524; fivem:14746238; license2:a1230fc5a3b2441b5e93cffaf9f00661511ee807]
[5:38:55 AM] [CDGAA#2] miximus: joined with identifiers [license:91a41cf7de884e4d192a4e8076defd841e6409d5; discord:400761183931727873; fivem:860268; license2:eb6a9cd650a059197d8887ce53cf572e22c0b401]
[5:39:08 AM] [CDGAA#3] Kristen: joined with identifiers [license:6a0ab2401f6fc64c1b7a92ba0aa8faa55a4ce1f2; xbl:2535458523080240; live:1899947313095719; discord:502592324279468032; fivem:14269877; license2:6a0ab2401f6fc64c1b7a92ba0aa8faa55a4ce1f2]
[5:40:15 AM] [CDGAA#3] Kristen: enabled noclip
[5:40:42 AM] [CDGAA#1] Yoda: enabled noclip
[5:40:49 AM] [CDGAA#1] Yoda: became mortal (standard mode)
[5:40:55 AM] [CDGAA#3] Kristen: became mortal (standard mode)
[5:41:18 AM] [CDGAA#3] Kristen: teleported to a waypoint
[5:41:37 AM] [CDGAA#1] Yoda: turned show player IDs on
[5:42:50 AM] [CDGAA#1] Yoda: enabled noclip
[5:43:09 AM] [CDGAA#1] Yoda: became mortal (standard mode)
[5:44:04 AM] [CDGAA#1] Yoda: teleported to player [#3] Kristen (x=-835.530, y=-940.062, z=17.771)
[5:44:50 AM] [CDGAA#1] Yoda: enabled noclip
[5:45:08 AM] [CDGAA#1] Yoda: became mortal (standard mode)
[5:45:33 AM] [CDGAA#1] Yoda: enabled noclip
[5:45:39 AM] [CDGAA#1] Yoda: became mortal (standard mode)
[5:47:29 AM] [CDGAA#2] miximus: died from suicide (Sawnoff Shotgun)
[5:47:40 AM] [CDGAA#1] Yoda: enabled noclip
[5:47:44 AM] [CDGAA#1] Yoda: became mortal (standard mode)
[5:48:17 AM] [CDGAA#3] Kristen: enabled noclip
[5:48:19 AM] [CDGAA#3] Kristen: became mortal (standard mode)
[5:48:23 AM] [CDGAA#3] Kristen: teleported to player [#2] miximus (x=133.754, y=-1309.873, z=28.977)
[5:49:01 AM] [CDGAA#3] Kristen: enabled noclip
[5:49:12 AM] [CDGAA#3] Kristen: became mortal (standard mode)
[5:49:25 AM] [CDGAA#3] Kristen: enabled noclip
[5:49:32 AM] [CDGAA#3] Kristen: became mortal (standard mode)
[5:49:39 AM] [CDGAA#3] Kristen: enabled noclip
[5:49:52 AM] [CDGAA#3] Kristen: became mortal (standard mode)
[5:51:24 AM] [CDGAA#3] Kristen: enabled noclip
[5:51:28 AM] [CDGAA#1] Yoda: enabled noclip
[5:51:33 AM] [CDGAA#1] Yoda: became mortal (standard mode)
[5:51:38 AM] [CDGAA#1] Yoda: enabled noclip
[5:51:47 AM] [CDGAA#1] Yoda: became mortal (standard mode)
[5:52:21 AM] [CDGAA#1] Yoda: enabled noclip
[5:53:04 AM] [CDGAA#1] Yoda: became mortal (standard mode)
[5:53:13 AM] [CDGAA#1] Yoda: enabled noclip
[5:53:18 AM] [CDGAA#3] Kristen: became mortal (standard mode)
[5:53:21 AM] [CDGAA#1] Yoda: teleported to player [#3] Kristen (x=1153.754, y=-1726.273, z=35.700)
[5:53:22 AM] [CDGAA#2] miximus: enabled noclip
[5:53:23 AM] [CDGAA#1] Yoda: became mortal (standard mode)
[5:53:41 AM] [CDGAA#3] Kristen: enabled noclip
[5:53:45 AM] [CDGAA#1] Yoda: enabled noclip
[5:54:25 AM] [CDGAA#1] Yoda: became mortal (standard mode)
[5:54:30 AM] [CDGAA#2] miximus: became mortal (standard mode)
[5:54:31 AM] [CDGAA#2] miximus: enabled noclip
[5:54:31 AM] [CDGAA#2] miximus: became mortal (standard mode)
[5:54:38 AM] [CDGAA#2] miximus: teleported to player [#1] Yoda (x=-1684.971, y=170.268, z=63.637)
[5:54:58 AM] [CDGAA#3] Kristen: became mortal (standard mode)
[5:55:00 AM] [CDGAA#1] Yoda: teleported to player [#2] miximus (x=-1666.365, y=237.508, z=62.491)
[5:55:07 AM] [CDGAA#2] miximus: summoned player [#3] Kristen
[5:56:04 AM] [CDGAA#1] Yoda: teleported to player [#2] miximus (x=-1567.833, y=222.804, z=60.132)
[5:56:04 AM] [CDGAA#2] miximus: summoned player [#3] Kristen
[5:57:53 AM] [CDGAA#2] miximus: disconnected ([txAdmin] Server restarting (requested by ThePixelNetwork).)
[5:57:53 AM] [CDGAA#1] Yoda: disconnected ([txAdmin] Server restarting (requested by ThePixelNetwork).)
[5:57:53 AM] [CDGAA#3] Kristen: disconnected ([txAdmin] Server restarting (requested by ThePixelNetwork).)
[5:58:04 AM] txAdmin: Logger started
[5:59:12 AM] [UWxPc#1] miximus: joined with identifiers [license:91a41cf7de884e4d192a4e8076defd841e6409d5; discord:400761183931727873; fivem:860268; license2:eb6a9cd650a059197d8887ce53cf572e22c0b401]
[5:59:17 AM] [UWxPc#2] Kristen: joined with identifiers [license:6a0ab2401f6fc64c1b7a92ba0aa8faa55a4ce1f2; xbl:2535458523080240; live:1899947313095719; discord:502592324279468032; fivem:14269877; license2:6a0ab2401f6fc64c1b7a92ba0aa8faa55a4ce1f2]
[6:00:40 AM] [UWxPc#3] Yoda: joined with identifiers [license:f31dc2072b795f10e5aedf022c342b03364f5e66; xbl:2533274973664660; live:325692942744681; discord:673626335939264524; fivem:14746238; license2:a1230fc5a3b2441b5e93cffaf9f00661511ee807]
[6:00:54 AM] [UWxPc#2] Kristen: teleported to a waypoint
[6:01:32 AM] [UWxPc#3] Yoda: teleported to player [#1] miximus (x=-1578.237, y=204.620, z=60.132)
[6:01:36 AM] [UWxPc#2] Kristen: healed player [#2] Kristen
[6:01:38 AM] [UWxPc#2] Kristen: teleported to player [#1] miximus (x=-1579.661, y=185.604, z=58.868)
[6:02:20 AM] [UWxPc#2] Kristen: enabled noclip
[6:02:22 AM] [UWxPc#3] Yoda: teleported to player [#2] Kristen (x=-1496.730, y=216.527, z=66.080)
[6:02:33 AM] [UWxPc#2] Kristen: became mortal (standard mode)
[6:02:44 AM] [UWxPc#2] Kristen: spawned a vehicle (model: esskey)
[6:04:28 AM] [UWxPc#3] Yoda: enabled noclip
[6:04:39 AM] [UWxPc#3] Yoda: became mortal (standard mode)
[6:04:59 AM] [UWxPc#3] Yoda: enabled noclip
[6:05:05 AM] [UWxPc#3] Yoda: became mortal (standard mode)
[6:07:17 AM] [UWxPc#3] Yoda: enabled noclip
[6:07:25 AM] [UWxPc#1] miximus: disconnected ([txAdmin] Server restarting (requested by ThePixelNetwork).)
[6:07:25 AM] [UWxPc#2] Kristen: disconnected ([txAdmin] Server restarting (requested by ThePixelNetwork).)
[6:07:25 AM] [UWxPc#3] Yoda: disconnected ([txAdmin] Server restarting (requested by ThePixelNetwork).)
[6:07:40 AM] txAdmin: Logger started
[6:08:46 AM] [76k3W#1] miximus: joined with identifiers [license:91a41cf7de884e4d192a4e8076defd841e6409d5; discord:400761183931727873; fivem:860268; license2:eb6a9cd650a059197d8887ce53cf572e22c0b401]
[6:08:47 AM] [76k3W#2] Yoda: joined with identifiers [license:f31dc2072b795f10e5aedf022c342b03364f5e66; xbl:2533274973664660; live:325692942744681; discord:673626335939264524; fivem:14746238; license2:a1230fc5a3b2441b5e93cffaf9f00661511ee807]
[6:08:55 AM] [76k3W#3] Kristen: joined with identifiers [license:6a0ab2401f6fc64c1b7a92ba0aa8faa55a4ce1f2; xbl:2535458523080240; live:1899947313095719; discord:502592324279468032; fivem:14269877; license2:6a0ab2401f6fc64c1b7a92ba0aa8faa55a4ce1f2]
[6:09:58 AM] [76k3W#2] Yoda: enabled noclip
[6:10:04 AM] [76k3W#3] Kristen: enabled noclip
[6:10:06 AM] [76k3W#2] Yoda: teleported to player [#1] miximus (x=-1580.716, y=204.818, z=60.722)
[6:10:09 AM] [76k3W#2] Yoda: became mortal (standard mode)
[6:10:15 AM] [76k3W#2] Yoda: enabled noclip
[6:10:16 AM] [76k3W#3] Kristen: became mortal (standard mode)
[6:10:18 AM] [76k3W#2] Yoda: turned show player IDs on
[6:10:21 AM] [76k3W#2] Yoda: became mortal (standard mode)
[6:10:35 AM] [76k3W#2] Yoda: enabled noclip
[6:10:43 AM] [76k3W#1] miximus: teleported to player [#3] Kristen (x=75.640, y=-1397.367, z=29.364)
[6:10:47 AM] [76k3W#2] Yoda: became mortal (standard mode)
[6:12:10 AM] [76k3W#2] Yoda: teleported to player [#1] miximus (x=80.598, y=-1389.508, z=29.364)
[6:14:35 AM] [76k3W#3] Kristen: enabled noclip
[6:14:45 AM] [76k3W#3] Kristen: became mortal (standard mode)
[6:15:25 AM] [76k3W#3] Kristen: enabled noclip
[6:15:27 AM] [76k3W#3] Kristen: became mortal (standard mode)
[6:16:50 AM] [76k3W#2] Yoda: enabled noclip
[6:17:39 AM] [76k3W#2] Yoda: became mortal (standard mode)
[6:17:46 AM] [76k3W#2] Yoda: enabled noclip
[6:18:09 AM] [76k3W#2] Yoda: became mortal (standard mode)
[6:18:10 AM] [76k3W#2] Yoda: enabled noclip
[6:18:15 AM] [76k3W#2] Yoda: became mortal (standard mode)
[6:18:27 AM] [76k3W#2] Yoda: died from suicide (Falling)
[6:18:29 AM] [76k3W#2] Yoda: enabled noclip
[6:18:32 AM] [76k3W#2] Yoda: became mortal (standard mode)
[6:18:46 AM] [76k3W#2] Yoda: enabled noclip
[6:18:51 AM] [76k3W#2] Yoda: became mortal (standard mode)
[6:19:04 AM] [76k3W#2] Yoda: enabled noclip
[6:19:34 AM] [76k3W#2] Yoda: became mortal (standard mode)
[6:19:37 AM] [76k3W#2] Yoda: healed player [#2] Yoda
[6:19:59 AM] [76k3W#3] Kristen: enabled noclip
[6:20:21 AM] [76k3W#2] Yoda: enabled noclip
[6:20:47 AM] [76k3W#2] Yoda: became mortal (standard mode)
[6:20:59 AM] [76k3W#3] Kristen: became mortal (standard mode)
[6:21:15 AM] [76k3W#2] Yoda: died from suicide
[6:21:23 AM] [76k3W#2] Yoda: healed themself
[6:21:26 AM] [76k3W#2] Yoda: enabled god mode
[6:21:28 AM] [76k3W#2] Yoda: enabled noclip
[6:21:34 AM] [76k3W#2] Yoda: became mortal (standard mode)
[6:21:57 AM] [76k3W#2] Yoda: enabled noclip
[6:22:07 AM] [76k3W#2] Yoda: became mortal (standard mode)
[6:22:14 AM] [76k3W#2] Yoda: enabled noclip
[6:22:29 AM] [76k3W#2] Yoda: became mortal (standard mode)
[6:22:59 AM] [76k3W#2] Yoda: enabled noclip
[6:23:13 AM] [76k3W#2] Yoda: became mortal (standard mode)
[6:23:14 AM] [76k3W#2] Yoda: enabled noclip
[6:23:26 AM] [76k3W#2] Yoda: became mortal (standard mode)
[6:24:27 AM] [76k3W#1] miximus: disconnected ([txAdmin] Server restarting (requested by ThePixelNetwork).)
[6:24:27 AM] [76k3W#2] Yoda: disconnected ([txAdmin] Server restarting (requested by ThePixelNetwork).)
[6:24:27 AM] [76k3W#3] Kristen: disconnected ([txAdmin] Server restarting (requested by ThePixelNetwork).)
[6:25:44 AM] txAdmin: Logger started
[6:25:57 AM] txAdmin: Logger started
[6:27:14 AM] [7cYPy#1] miximus: joined with identifiers [license:91a41cf7de884e4d192a4e8076defd841e6409d5; discord:400761183931727873; fivem:860268; license2:eb6a9cd650a059197d8887ce53cf572e22c0b401]
[6:27:19 AM] [7cYPy#2] Kristen: joined with identifiers [license:6a0ab2401f6fc64c1b7a92ba0aa8faa55a4ce1f2; xbl:2535458523080240; live:1899947313095719; discord:502592324279468032; fivem:14269877; license2:6a0ab2401f6fc64c1b7a92ba0aa8faa55a4ce1f2]
[6:27:54 AM] [7cYPy#3] Yoda: joined with identifiers [license:f31dc2072b795f10e5aedf022c342b03364f5e66; xbl:2533274973664660; live:325692942744681; discord:673626335939264524; fivem:14746238; license2:a1230fc5a3b2441b5e93cffaf9f00661511ee807]
[6:28:33 AM] [7cYPy#2] Kristen: enabled noclip
[6:28:44 AM] [7cYPy#2] Kristen: became mortal (standard mode)
[6:28:49 AM] [7cYPy#1] miximus: teleported to player [#2] Kristen (x=125.723, y=-223.345, z=54.555)
[6:29:05 AM] [7cYPy#3] Yoda: teleported to player [#1] miximus (x=123.745, y=-226.088, z=54.555)
[6:31:25 AM] [7cYPy#2] Kristen: enabled noclip
[6:31:31 AM] [7cYPy#2] Kristen: became mortal (standard mode)
[6:31:44 AM] [7cYPy#3] Yoda: enabled noclip
[6:31:47 AM] [7cYPy#2] Kristen: said "/hat"
[6:31:55 AM] [7cYPy#3] Yoda: became mortal (standard mode)
[6:32:04 AM] [7cYPy#1] miximus: teleported to player [#2] Kristen (x=-32.703, y=-153.785, z=57.065)
[6:32:17 AM] [7cYPy#3] Yoda: enabled noclip
[6:32:22 AM] [7cYPy#3] Yoda: became mortal (standard mode)
[6:33:08 AM] [7cYPy#1] miximus: said "/hat"
[6:33:09 AM] [7cYPy#3] Yoda: enabled noclip
[6:33:13 AM] [7cYPy#3] Yoda: became mortal (standard mode)
[6:34:10 AM] [7cYPy#2] Kristen: enabled noclip
[6:34:14 AM] [7cYPy#2] Kristen: became mortal (standard mode)
[6:34:38 AM] [7cYPy#3] Yoda: enabled noclip
[6:34:38 AM] [7cYPy#2] Kristen: enabled noclip
[6:34:42 AM] [7cYPy#2] Kristen: became mortal (standard mode)
[6:34:43 AM] [7cYPy#3] Yoda: became mortal (standard mode)
[6:35:31 AM] [7cYPy#1] miximus: disconnected ([txAdmin] Server restarting (requested by ThePixelNetwork).)
[6:35:31 AM] [7cYPy#3] Yoda: disconnected ([txAdmin] Server restarting (requested by ThePixelNetwork).)
[6:35:31 AM] [7cYPy#2] Kristen: disconnected ([txAdmin] Server restarting (requested by ThePixelNetwork).)

================================================================
======== txAdmin Starting - 9/22/2024, 6:39:27 AM               
================================================================
[6:41:41 AM] txAdmin: Logger started
[6:43:05 AM] [BwQfY#1] Kristen: joined with identifiers [license:6a0ab2401f6fc64c1b7a92ba0aa8faa55a4ce1f2; xbl:2535458523080240; live:1899947313095719; discord:502592324279468032; fivem:14269877; license2:6a0ab2401f6fc64c1b7a92ba0aa8faa55a4ce1f2]
[6:43:07 AM] [BwQfY#2] miximus: joined with identifiers [license:91a41cf7de884e4d192a4e8076defd841e6409d5; discord:400761183931727873; fivem:860268; license2:eb6a9cd650a059197d8887ce53cf572e22c0b401]
[6:43:09 AM] [BwQfY#3] Yoda: joined with identifiers [license:f31dc2072b795f10e5aedf022c342b03364f5e66; xbl:2533274973664660; live:325692942744681; discord:673626335939264524; fivem:14746238; license2:a1230fc5a3b2441b5e93cffaf9f00661511ee807]
[6:44:32 AM] [BwQfY#3] Yoda: teleported to player [#2] miximus (x=-32.004, y=-153.270, z=57.065)
[6:47:26 AM] [BwQfY#1] Kristen: enabled noclip
[6:47:30 AM] [BwQfY#1] Kristen: became mortal (standard mode)
[6:47:34 AM] [BwQfY#3] Yoda: enabled noclip
[6:47:39 AM] [BwQfY#3] Yoda: became mortal (standard mode)
[6:47:42 AM] [BwQfY#2] miximus: teleported to player [#1] Kristen (x=124.655, y=-224.268, z=54.555)
[6:55:29 AM] [BwQfY#3] Yoda: enabled noclip
[6:55:36 AM] [BwQfY#3] Yoda: became mortal (standard mode)
[6:55:47 AM] [BwQfY#3] Yoda: enabled noclip
[6:55:54 AM] [BwQfY#3] Yoda: became mortal (standard mode)
[6:56:18 AM] [BwQfY#3] Yoda: enabled noclip
[6:56:31 AM] [BwQfY#3] Yoda: became mortal (standard mode)
[6:57:04 AM] [BwQfY#2] miximus: teleported to player [#1] Kristen (x=128.875, y=-205.477, z=54.504)
[6:57:08 AM] [BwQfY#3] Yoda: enabled noclip
[6:57:19 AM] [BwQfY#3] Yoda: turned show player IDs on
[6:57:26 AM] [BwQfY#3] Yoda: became mortal (standard mode)
[6:57:30 AM] [BwQfY#2] miximus: disconnected (Exiting)
[6:57:30 AM] [BwQfY#3] Yoda: enabled noclip
[6:57:34 AM] [BwQfY#3] Yoda: became mortal (standard mode)
[6:58:08 AM] [BwQfY#4] miximus: joined with identifiers [license:91a41cf7de884e4d192a4e8076defd841e6409d5; discord:400761183931727873; fivem:860268; license2:eb6a9cd650a059197d8887ce53cf572e22c0b401]
[6:58:10 AM] [BwQfY#3] Yoda: disconnected (Exiting)
[6:59:27 AM] [BwQfY#1] Kristen: enabled noclip
[6:59:50 AM] [BwQfY#1] Kristen: became mortal (standard mode)
[6:59:55 AM] [BwQfY#1] Kristen: disconnected (Exiting)
[8:00:53 AM] [BwQfY#4] miximus: disconnected (Exiting)
[8:14:20 AM] txAdmin: Logger started
[8:20:19 AM] [VDtN7#1] miximus: joined with identifiers [license:91a41cf7de884e4d192a4e8076defd841e6409d5; discord:400761183931727873; fivem:860268; license2:eb6a9cd650a059197d8887ce53cf572e22c0b401]
[8:57:42 AM] [VDtN7#1] miximus: disconnected (Exiting)
[10:13:13 AM] txAdmin: Logger started
[3:40:34 PM] [8XzNV#1] Chin: joined with identifiers [license:0b009f8525bd5f735b342e11f16db70feeeb9e70; xbl:2535423149866175; live:914801252394711; discord:739868007232438314; fivem:11076027; license2:daab667af390d8e547de82237981e7a7d201aa7a]
[3:42:36 PM] [8XzNV#1] Chin: enabled noclip
[3:42:38 PM] [8XzNV#1] Chin: became mortal (standard mode)
[3:43:41 PM] [8XzNV#1] Chin: enabled noclip
[3:45:44 PM] [8XzNV#1] Chin: became mortal (standard mode)
[3:45:47 PM] [8XzNV#1] Chin: enabled noclip
[3:46:26 PM] [8XzNV#1] Chin: became mortal (standard mode)
[3:46:31 PM] [8XzNV#1] Chin: enabled noclip
[3:47:46 PM] [8XzNV#1] Chin: became mortal (standard mode)
[3:47:53 PM] [8XzNV#1] Chin: enabled noclip
[3:48:43 PM] [8XzNV#1] Chin: became mortal (standard mode)
[3:48:49 PM] [8XzNV#1] Chin: enabled noclip
[3:48:50 PM] [8XzNV#1] Chin: became mortal (standard mode)
[3:53:57 PM] [8XzNV#1] Chin: said "t/dv"
[3:54:07 PM] [8XzNV#1] Chin: said "/skin me"
[3:54:10 PM] [8XzNV#1] Chin: said "/skin"
[3:54:34 PM] [8XzNV#1] Chin: said "/skin 1"
[3:57:26 PM] [8XzNV#1] Chin: turned show player IDs on
[3:58:38 PM] [8XzNV#1] Chin: enabled noclip
[3:58:40 PM] [8XzNV#1] Chin: became mortal (standard mode)
[3:58:51 PM] [8XzNV#1] Chin: enabled noclip
[3:58:54 PM] [8XzNV#1] Chin: became mortal (standard mode)
[4:01:02 PM] [8XzNV#1] Chin: said "/heal me"
[4:06:38 PM] [8XzNV#1] Chin: enabled noclip
[4:06:39 PM] [8XzNV#1] Chin: became mortal (standard mode)
[4:08:47 PM] [8XzNV#1] Chin: enabled noclip
[4:08:50 PM] [8XzNV#1] Chin: became mortal (standard mode)
[4:09:17 PM] [8XzNV#1] Chin: disconnected (Exiting)
[6:13:49 PM] [8XzNV#2] Kristen: joined with identifiers [license:6a0ab2401f6fc64c1b7a92ba0aa8faa55a4ce1f2; xbl:2535458523080240; live:1899947313095719; discord:502592324279468032; fivem:14269877; license2:6a0ab2401f6fc64c1b7a92ba0aa8faa55a4ce1f2]
[6:16:15 PM] [8XzNV#2] Kristen: enabled noclip
[6:16:36 PM] [8XzNV#2] Kristen: became mortal (standard mode)
[6:27:16 PM] [8XzNV#2] Kristen: disconnected (Exiting)

================================================================
======== txAdmin Starting - 9/22/2024, 9:45:55 PM               
================================================================
[9:47:12 PM] txAdmin: Logger started
[9:58:26 PM] [8AbR8#1] miximus: joined with identifiers [license:91a41cf7de884e4d192a4e8076defd841e6409d5; discord:400761183931727873; fivem:860268; license2:eb6a9cd650a059197d8887ce53cf572e22c0b401]
[9:58:35 PM] [8AbR8#2] Kristen: joined with identifiers [license:6a0ab2401f6fc64c1b7a92ba0aa8faa55a4ce1f2; xbl:2535458523080240; live:1899947313095719; discord:502592324279468032; fivem:14269877; license2:6a0ab2401f6fc64c1b7a92ba0aa8faa55a4ce1f2]
[9:59:48 PM] [8AbR8#2] Kristen: enabled noclip
[9:59:56 PM] [8AbR8#2] Kristen: became mortal (standard mode)
[9:59:58 PM] [8AbR8#1] miximus: teleported to player [#2] Kristen (x=125.855, y=-223.411, z=54.555)
[10:07:33 PM] [8AbR8#2] Kristen: enabled noclip
[10:07:38 PM] [8AbR8#2] Kristen: became mortal (standard mode)
[10:14:16 PM] [8AbR8#2] Kristen: enabled noclip
[10:14:24 PM] [8AbR8#2] Kristen: became mortal (standard mode)
[10:15:19 PM] [8AbR8#2] Kristen: enabled noclip
[10:15:21 PM] [8AbR8#2] Kristen: became mortal (standard mode)
[10:16:43 PM] [8AbR8#2] Kristen: enabled noclip
[10:16:57 PM] [8AbR8#2] Kristen: became mortal (standard mode)
[10:17:35 PM] [8AbR8#2] Kristen: enabled noclip
[10:17:54 PM] [8AbR8#2] Kristen: became mortal (standard mode)
[10:18:29 PM] [8AbR8#2] Kristen: enabled noclip
[10:18:49 PM] [8AbR8#2] Kristen: became mortal (standard mode)
[10:18:58 PM] [8AbR8#2] Kristen: enabled noclip
[10:19:34 PM] [8AbR8#2] Kristen: became mortal (standard mode)
[10:19:38 PM] [8AbR8#2] Kristen: enabled noclip
[10:19:56 PM] [8AbR8#2] Kristen: became mortal (standard mode)
[10:19:57 PM] [8AbR8#2] Kristen: enabled noclip
[10:20:06 PM] [8AbR8#2] Kristen: became mortal (standard mode)
[10:20:18 PM] [8AbR8#2] Kristen: enabled noclip
[10:20:31 PM] [8AbR8#2] Kristen: became mortal (standard mode)
[10:22:47 PM] [8AbR8#2] Kristen: enabled noclip
[10:22:55 PM] [8AbR8#2] Kristen: became mortal (standard mode)
[10:23:32 PM] [8AbR8#2] Kristen: enabled noclip
[10:23:37 PM] [8AbR8#2] Kristen: became mortal (standard mode)
[10:24:01 PM] [8AbR8#1] miximus: teleported to player [#2] Kristen (x=348.949, y=-581.960, z=28.791)
[10:25:15 PM] [8AbR8#2] Kristen: enabled noclip
[10:25:16 PM] [8AbR8#2] Kristen: became mortal (standard mode)
[10:27:59 PM] [8AbR8#1] miximus: teleported to player [#2] Kristen (x=336.580, y=-570.396, z=28.791)
[10:29:56 PM] [8AbR8#2] Kristen: enabled noclip
[10:30:03 PM] [8AbR8#1] miximus: teleported to player [#2] Kristen (x=305.881, y=-551.367, z=87.193)
[10:30:05 PM] [8AbR8#2] Kristen: became mortal (standard mode)
[10:30:07 PM] [8AbR8#1] miximus: died from suicide (Falling)
[10:30:10 PM] [8AbR8#1] miximus: teleported to player [#2] Kristen (x=346.695, y=-586.800, z=77.470)
[10:30:57 PM] [8AbR8#2] Kristen: enabled noclip
[10:31:05 PM] [8AbR8#2] Kristen: became mortal (standard mode)
[10:33:03 PM] [8AbR8#2] Kristen: enabled noclip
[10:33:09 PM] [8AbR8#2] Kristen: became mortal (standard mode)
[10:33:16 PM] [8AbR8#2] Kristen: enabled noclip
[10:33:31 PM] [8AbR8#2] Kristen: became mortal (standard mode)
[10:33:45 PM] [8AbR8#2] Kristen: enabled noclip
[10:33:56 PM] [8AbR8#2] Kristen: became mortal (standard mode)
[10:33:59 PM] [8AbR8#2] Kristen: enabled noclip
[10:34:00 PM] [8AbR8#2] Kristen: became mortal (standard mode)
[10:34:43 PM] [8AbR8#1] miximus: disconnected (Exiting)
[10:35:01 PM] [8AbR8#2] Kristen: disconnected ([txAdmin] Server restarting (requested by ThePixelNetwork).)
[10:35:15 PM] txAdmin: Logger started
[10:36:32 PM] [9h3gj#1] miximus: joined with identifiers [license:91a41cf7de884e4d192a4e8076defd841e6409d5; discord:400761183931727873; fivem:860268; license2:eb6a9cd650a059197d8887ce53cf572e22c0b401]
[10:36:33 PM] [9h3gj#2] Kristen: joined with identifiers [license:6a0ab2401f6fc64c1b7a92ba0aa8faa55a4ce1f2; xbl:2535458523080240; live:1899947313095719; discord:502592324279468032; fivem:14269877; license2:6a0ab2401f6fc64c1b7a92ba0aa8faa55a4ce1f2]
[10:37:40 PM] [9h3gj#1] miximus: teleported to player [#2] Kristen (x=335.209, y=-570.488, z=29.752)
[10:39:05 PM] [9h3gj#2] Kristen: enabled noclip
[10:39:06 PM] [9h3gj#2] Kristen: became mortal (standard mode)
[10:41:05 PM] [9h3gj#2] Kristen: enabled noclip
[10:41:19 PM] [9h3gj#2] Kristen: became mortal (standard mode)
[10:44:07 PM] [9h3gj#2] Kristen: enabled noclip
[10:44:12 PM] [9h3gj#2] Kristen: became mortal (standard mode)
[10:44:13 PM] [9h3gj#2] Kristen: enabled noclip
[10:44:14 PM] [9h3gj#2] Kristen: became mortal (standard mode)
[10:44:25 PM] [9h3gj#1] miximus: disconnected ([txAdmin] Server restarting (requested by ThePixelNetwork).)
[10:44:25 PM] [9h3gj#2] Kristen: disconnected ([txAdmin] Server restarting (requested by ThePixelNetwork).)
[10:44:37 PM] txAdmin: Logger started
[10:45:58 PM] [DBYia#1] Kristen: joined with identifiers [license:6a0ab2401f6fc64c1b7a92ba0aa8faa55a4ce1f2; xbl:2535458523080240; live:1899947313095719; discord:502592324279468032; fivem:14269877; license2:6a0ab2401f6fc64c1b7a92ba0aa8faa55a4ce1f2]
[10:46:01 PM] [DBYia#2] miximus: joined with identifiers [license:91a41cf7de884e4d192a4e8076defd841e6409d5; discord:400761183931727873; fivem:860268; license2:eb6a9cd650a059197d8887ce53cf572e22c0b401]
[10:47:01 PM] [DBYia#1] Kristen: enabled noclip
[10:47:02 PM] [DBYia#1] Kristen: became mortal (standard mode)
[10:47:04 PM] [DBYia#1] Kristen: enabled noclip
[10:47:18 PM] [DBYia#1] Kristen: became mortal (standard mode)
[10:47:21 PM] [DBYia#1] Kristen: enabled noclip
[10:47:28 PM] [DBYia#1] Kristen: became mortal (standard mode)
[10:47:29 PM] [DBYia#1] Kristen: enabled noclip
[10:47:33 PM] [DBYia#1] Kristen: became mortal (standard mode)
[10:48:26 PM] [DBYia#1] Kristen: died from suicide (Falling)
[10:48:36 PM] [DBYia#2] miximus: died from suicide (Falling)
[10:49:23 PM] [DBYia#2] miximus: turned show player IDs on
[10:50:12 PM] [DBYia#1] Kristen: disconnected (Game crashed: Recursive-recursive error: AttachmentExtension Pool Full, Size == 860)
[10:50:59 PM] [DBYia#3] Kristen: joined with identifiers [license:6a0ab2401f6fc64c1b7a92ba0aa8faa55a4ce1f2; xbl:2535458523080240; live:1899947313095719; discord:502592324279468032; fivem:14269877; license2:6a0ab2401f6fc64c1b7a92ba0aa8faa55a4ce1f2]
[10:57:58 PM] [DBYia#2] miximus: disconnected ([txAdmin] Server restarting (requested by ThePixelNetwork).)
[10:57:58 PM] [DBYia#3] Kristen: disconnected ([txAdmin] Server restarting (requested by ThePixelNetwork).)
[10:58:10 PM] txAdmin: Logger started
[11:01:13 PM] [JbmxQ#1] Kristen: joined with identifiers [license:6a0ab2401f6fc64c1b7a92ba0aa8faa55a4ce1f2; xbl:2535458523080240; live:1899947313095719; discord:502592324279468032; fivem:14269877; license2:6a0ab2401f6fc64c1b7a92ba0aa8faa55a4ce1f2]
[11:03:57 PM] [JbmxQ#1] Kristen: enabled noclip
[11:03:58 PM] [JbmxQ#1] Kristen: became mortal (standard mode)
[11:03:59 PM] [JbmxQ#1] Kristen: disconnected (Exiting)
[11:04:44 PM] [JbmxQ#2] Kristen: joined with identifiers [license:6a0ab2401f6fc64c1b7a92ba0aa8faa55a4ce1f2; xbl:2535458523080240; live:1899947313095719; discord:502592324279468032; fivem:14269877; license2:6a0ab2401f6fc64c1b7a92ba0aa8faa55a4ce1f2]
[11:05:52 PM] [JbmxQ#2] Kristen: enabled noclip
[11:05:54 PM] [JbmxQ#2] Kristen: became mortal (standard mode)
[11:05:59 PM] [JbmxQ#2] Kristen: enabled noclip
[11:06:05 PM] [JbmxQ#2] Kristen: became mortal (standard mode)
[11:07:32 PM] [JbmxQ#2] Kristen: enabled noclip
[11:07:33 PM] [JbmxQ#2] Kristen: became mortal (standard mode)
[11:07:36 PM] [JbmxQ#2] Kristen: enabled noclip
[11:07:45 PM] [JbmxQ#2] Kristen: became mortal (standard mode)
[11:07:57 PM] [JbmxQ#2] Kristen: enabled noclip
[11:07:59 PM] [JbmxQ#2] Kristen: became mortal (standard mode)
[11:12:20 PM] [JbmxQ#2] Kristen: enabled noclip
[11:12:25 PM] [JbmxQ#2] Kristen: became mortal (standard mode)
[11:12:49 PM] [JbmxQ#2] Kristen: enabled noclip
[11:12:58 PM] [JbmxQ#2] Kristen: became mortal (standard mode)
[11:13:53 PM] [JbmxQ#2] Kristen: enabled noclip
[11:13:58 PM] [JbmxQ#2] Kristen: became mortal (standard mode)
[11:14:09 PM] [JbmxQ#2] Kristen: enabled noclip
[11:15:05 PM] [JbmxQ#2] Kristen: became mortal (standard mode)
[11:15:13 PM] [JbmxQ#2] Kristen: enabled noclip
[11:15:24 PM] [JbmxQ#2] Kristen: became mortal (standard mode)
[11:21:06 PM] [JbmxQ#2] Kristen: enabled noclip
[11:21:11 PM] [JbmxQ#2] Kristen: became mortal (standard mode)
[11:21:58 PM] [JbmxQ#2] Kristen: enabled noclip
[11:22:01 PM] [JbmxQ#2] Kristen: became mortal (standard mode)
[11:22:27 PM] [JbmxQ#2] Kristen: disconnected (Exiting)
[11:25:16 PM] [JbmxQ#3] Kristen: joined with identifiers [license:6a0ab2401f6fc64c1b7a92ba0aa8faa55a4ce1f2; xbl:2535458523080240; live:1899947313095719; discord:502592324279468032; fivem:14269877; license2:6a0ab2401f6fc64c1b7a92ba0aa8faa55a4ce1f2]
[11:26:29 PM] [JbmxQ#3] Kristen: enabled noclip
[11:26:54 PM] [JbmxQ#3] Kristen: became mortal (standard mode)
[11:27:12 PM] [JbmxQ#3] Kristen: enabled noclip
[11:27:26 PM] [JbmxQ#3] Kristen: became mortal (standard mode)
[11:27:30 PM] [JbmxQ#3] Kristen: enabled noclip
[11:27:39 PM] [JbmxQ#3] Kristen: became mortal (standard mode)
[11:28:15 PM] [JbmxQ#3] Kristen: enabled noclip
[11:28:28 PM] [JbmxQ#3] Kristen: became mortal (standard mode)
[11:29:02 PM] [JbmxQ#3] Kristen: disconnected (Exiting)
[11:51:14 PM] [JbmxQ#4] miximus: joined with identifiers [license:91a41cf7de884e4d192a4e8076defd841e6409d5; discord:400761183931727873; fivem:860268; license2:eb6a9cd650a059197d8887ce53cf572e22c0b401]
