
================================================================
======== Log Rotated - 9/24/2024, 12:00:00 AM                   
================================================================
[12:00:32 AM] [37LYj#2] Owner: said "oof forgot to sign into steam lol "
[12:00:38 AM] [37LYj#2] Owner: disconnected (Exiting)
[12:01:55 AM] [37LYj#3] Yoda: joined with identifiers [license:f31dc2072b795f10e5aedf022c342b03364f5e66; xbl:2533274973664660; live:325692942744681; discord:673626335939264524; fivem:14746238; license2:a1230fc5a3b2441b5e93cffaf9f00661511ee807]
[12:03:53 AM] [37LYj#3] Yoda: turned show player IDs on
[12:34:13 AM] [37LYj#1] miximus: disconnected ([txAdmin] Server restarting (requested by ThePixelNetwork).)
[12:34:13 AM] [37LYj#3] Yoda: disconnected ([txAdmin] Server restarting (requested by ThePixelNetwork).)
[12:34:26 AM] txAdmin: Logger started
[12:35:55 AM] [xxe7A#1] Kristen: joined with identifiers [license:6a0ab2401f6fc64c1b7a92ba0aa8faa55a4ce1f2; xbl:2535458523080240; live:1899947313095719; discord:502592324279468032; fivem:14269877; license2:6a0ab2401f6fc64c1b7a92ba0aa8faa55a4ce1f2]
[12:38:11 AM] [xxe7A#1] Kristen: enabled noclip
[12:38:24 AM] [xxe7A#1] Kristen: became mortal (standard mode)
[12:38:26 AM] [xxe7A#1] Kristen: disconnected ([txAdmin] Server restarting (requested by ThePixelNetwork).)
[12:38:39 AM] txAdmin: Logger started
[12:39:45 AM] [GWUwN#1] Kristen: joined with identifiers [license:6a0ab2401f6fc64c1b7a92ba0aa8faa55a4ce1f2; xbl:2535458523080240; live:1899947313095719; discord:502592324279468032; fivem:14269877; license2:6a0ab2401f6fc64c1b7a92ba0aa8faa55a4ce1f2]
[12:43:03 AM] [GWUwN#1] Kristen: disconnected (Exiting)
[12:56:47 AM] [GWUwN#2] tient: joined with identifiers [license:beb5a97c63ce877aeb50568caf61eecdd4ee5968; discord:400761183931727873]
[1:32:51 AM] [GWUwN#3] Kristen: joined with identifiers [license:6a0ab2401f6fc64c1b7a92ba0aa8faa55a4ce1f2; xbl:2535458523080240; live:1899947313095719; discord:502592324279468032; fivem:14269877; license2:6a0ab2401f6fc64c1b7a92ba0aa8faa55a4ce1f2]
[1:33:18 AM] [GWUwN#4] Zer0: joined with identifiers [license:d78d06982d5085c6057a456dd0a80a0979e8306f; discord:162806082807267329; fivem:3308253; license2:d78d06982d5085c6057a456dd0a80a0979e8306f]
[1:34:06 AM] [GWUwN#3] Kristen: teleported to player [#2] tient (x=163.411, y=-818.163, z=31.521)
[1:34:27 AM] [GWUwN#3] Kristen: enabled noclip
[1:34:33 AM] [GWUwN#3] Kristen: became mortal (standard mode)
[1:34:35 AM] [GWUwN#3] Kristen: enabled noclip
[1:34:47 AM] [GWUwN#3] Kristen: became mortal (standard mode)
[1:35:37 AM] [GWUwN#3] Kristen: enabled noclip
[1:35:44 AM] [GWUwN#2] tient: disconnected ([txAdmin] Server restarting (requested by ThePixelNetwork).)
[1:35:45 AM] [GWUwN#3] Kristen: disconnected ([txAdmin] Server restarting (requested by ThePixelNetwork).)
[1:35:45 AM] [GWUwN#4] Zer0: disconnected ([txAdmin] Server restarting (requested by ThePixelNetwork).)
[1:35:59 AM] txAdmin: Logger started
[1:37:36 AM] [pzVNc#1] Kristen: joined with identifiers [license:6a0ab2401f6fc64c1b7a92ba0aa8faa55a4ce1f2; xbl:2535458523080240; live:1899947313095719; discord:502592324279468032; fivem:14269877; license2:6a0ab2401f6fc64c1b7a92ba0aa8faa55a4ce1f2]
[1:39:12 AM] [pzVNc#1] Kristen: enabled noclip
[1:39:22 AM] [pzVNc#2] tient: joined with identifiers [license:beb5a97c63ce877aeb50568caf61eecdd4ee5968; discord:400761183931727873]
[1:39:23 AM] [pzVNc#1] Kristen: became mortal (standard mode)
[1:40:39 AM] [pzVNc#2] tient: teleported to player [#1] Kristen  (x=88.576, y=-161.051, z=55.094)
[1:41:09 AM] [pzVNc#2] tient: turned show player IDs on
[1:41:42 AM] [pzVNc#2] tient: said "goto dealership"
[1:41:52 AM] [pzVNc#2] tient: said "we gunna do the cars"
[1:42:57 AM] [pzVNc#2] tient: said "me have fun"
[1:44:24 AM] [pzVNc#2] tient: said "/import"
[1:45:06 AM] [pzVNc#2] tient: said "/deakeradmin"
[1:46:20 AM] [pzVNc#2] tient: said "ok u can set display vehicles now"
[1:49:18 AM] [pzVNc#2] tient: teleported to player [#1] Kristen  (x=-537.719, y=-706.444, z=32.785)
[1:49:31 AM] [pzVNc#2] tient: said "/announce moftherfuk"
[1:49:36 AM] [pzVNc#2] tient: made a server-wide announcement: mtfer
[1:49:36 AM] txAdmin: ((Broadcast) ThePixelNetwork): said "mtfer"
[1:49:46 AM] [pzVNc#2] tient: made a server-wide announcement: its valley all over
[1:49:46 AM] txAdmin: ((Broadcast) ThePixelNetwork): said "its valley all over"
[1:50:01 AM] [pzVNc#2] tient: made a server-wide announcement: valley has map problemns
[1:50:01 AM] txAdmin: ((Broadcast) ThePixelNetwork): said "valley has map problemns"
[1:50:14 AM] [pzVNc#2] tient: enabled noclip
[1:50:49 AM] [pzVNc#2] tient: made a server-wide announcement: taking out lil seoul
[1:50:49 AM] txAdmin: ((Broadcast) ThePixelNetwork): said "taking out lil seoul"
[1:50:55 AM] [pzVNc#2] tient: disconnected (Server->client connection timed out. Last seen 133 msec ago.)
[1:52:06 AM] [pzVNc#1] Kristen: disconnected ([txAdmin] Server restarting (requested by ThePixelNetwork).)
[1:52:19 AM] txAdmin: Logger started
[1:53:49 AM] [JYCjz#1] tient: joined with identifiers [license:beb5a97c63ce877aeb50568caf61eecdd4ee5968; discord:400761183931727873]
[1:54:12 AM] [JYCjz#2] Kristen: joined with identifiers [license:6a0ab2401f6fc64c1b7a92ba0aa8faa55a4ce1f2; xbl:2535458523080240; live:1899947313095719; discord:502592324279468032; fivem:14269877; license2:6a0ab2401f6fc64c1b7a92ba0aa8faa55a4ce1f2]
[1:55:30 AM] [JYCjz#2] Kristen: enabled noclip
[1:55:36 AM] [JYCjz#2] Kristen: became mortal (standard mode)
[1:55:51 AM] [JYCjz#1] tient: disconnected (Exiting)
[1:56:27 AM] [JYCjz#2] Kristen: enabled noclip
[1:57:32 AM] [JYCjz#2] Kristen: became mortal (standard mode)
[1:57:57 AM] [JYCjz#2] Kristen: enabled noclip
[1:58:08 AM] [JYCjz#2] Kristen: became mortal (standard mode)
[1:58:13 AM] [JYCjz#3] Zer0: joined with identifiers [license:d78d06982d5085c6057a456dd0a80a0979e8306f; discord:162806082807267329; fivem:3308253; license2:d78d06982d5085c6057a456dd0a80a0979e8306f]
[1:58:41 AM] [JYCjz#2] Kristen: enabled noclip
[1:59:21 AM] [JYCjz#2] Kristen: became mortal (standard mode)
[1:59:27 AM] [JYCjz#3] Zer0: teleported to player [#2] Kristen  (x=-633.059, y=-704.571, z=30.004)
[1:59:34 AM] [JYCjz#2] Kristen: enabled noclip
[1:59:43 AM] [JYCjz#2] Kristen: became mortal (standard mode)
[1:59:45 AM] [JYCjz#2] Kristen: enabled noclip
[1:59:46 AM] [JYCjz#2] Kristen: became mortal (standard mode)
[1:59:56 AM] [JYCjz#3] Zer0: teleported to player [#2] Kristen  (x=-676.062, y=-834.198, z=24.259)
[2:00:00 AM] [JYCjz#2] Kristen: enabled noclip
[2:00:11 AM] [JYCjz#2] Kristen: became mortal (standard mode)
[2:00:19 AM] [JYCjz#2] Kristen: enabled noclip
[2:00:34 AM] [JYCjz#3] Zer0: teleported to a waypoint
[2:00:37 AM] [JYCjz#3] Zer0: teleported to coordinates (x=-571.450, y=-447.830, z=31.160)
[2:01:00 AM] [JYCjz#2] Kristen: became mortal (standard mode)
[2:03:22 AM] [JYCjz#3] Zer0: turned show player IDs on
[2:03:22 AM] [JYCjz#3] Zer0: turned show player IDs off
[2:03:24 AM] [JYCjz#3] Zer0: turned show player IDs on
[2:04:01 AM] [JYCjz#3] Zer0: disconnected ([txAdmin] Server restarting (requested by ThePixelNetwork).)
[2:04:01 AM] [JYCjz#2] Kristen: disconnected ([txAdmin] Server restarting (requested by ThePixelNetwork).)
[2:04:15 AM] txAdmin: Logger started
[2:05:32 AM] [LXKkp#1] Kristen: joined with identifiers [license:6a0ab2401f6fc64c1b7a92ba0aa8faa55a4ce1f2; xbl:2535458523080240; live:1899947313095719; discord:502592324279468032; fivem:14269877; license2:6a0ab2401f6fc64c1b7a92ba0aa8faa55a4ce1f2]
[2:06:45 AM] [LXKkp#1] Kristen: enabled noclip
[2:06:59 AM] [LXKkp#1] Kristen: became mortal (standard mode)
[2:07:03 AM] [LXKkp#1] Kristen: enabled noclip
[2:07:04 AM] [LXKkp#1] Kristen: became mortal (standard mode)
[2:07:05 AM] [LXKkp#1] Kristen: enabled noclip
[2:08:32 AM] [LXKkp#1] Kristen: became mortal (standard mode)
[2:09:00 AM] [LXKkp#1] Kristen: enabled noclip
[2:09:40 AM] [LXKkp#1] Kristen: became mortal (standard mode)
[2:09:51 AM] [LXKkp#1] Kristen: enabled noclip
[2:10:27 AM] [LXKkp#1] Kristen: became mortal (standard mode)
[2:10:44 AM] [LXKkp#1] Kristen: enabled noclip
[2:11:11 AM] [LXKkp#1] Kristen: became mortal (standard mode)
[2:11:28 AM] [LXKkp#1] Kristen: enabled noclip
[2:11:46 AM] [LXKkp#1] Kristen: became mortal (standard mode)
[2:12:20 AM] [LXKkp#1] Kristen: enabled noclip
[2:12:31 AM] [LXKkp#1] Kristen: became mortal (standard mode)
[2:15:13 AM] [LXKkp#1] Kristen: enabled noclip
[2:15:20 AM] [LXKkp#1] Kristen: became mortal (standard mode)
[2:21:43 AM] [LXKkp#1] Kristen: disconnected (Exiting)
[3:07:56 AM] [LXKkp#2] miximus: joined with identifiers [license:91a41cf7de884e4d192a4e8076defd841e6409d5; discord:400761183931727873; fivem:860268; license2:eb6a9cd650a059197d8887ce53cf572e22c0b401]
[3:18:38 AM] [LXKkp#2] miximus: disconnected ([txAdmin] Server restarting (requested by ThePixelNetwork).)
[3:18:53 AM] txAdmin: Logger started
[3:20:14 AM] [z3AnD#1] miximus: joined with identifiers [license:91a41cf7de884e4d192a4e8076defd841e6409d5; discord:400761183931727873; fivem:860268; license2:eb6a9cd650a059197d8887ce53cf572e22c0b401]
[3:24:04 AM] [z3AnD#1] miximus: disconnected ([txAdmin] Server restarting (requested by ThePixelNetwork).)
[3:24:18 AM] txAdmin: Logger started
[3:26:25 AM] txAdmin: Logger started
[3:27:35 AM] [yQJYd#1] miximus: joined with identifiers [license:91a41cf7de884e4d192a4e8076defd841e6409d5; discord:400761183931727873; fivem:860268; license2:eb6a9cd650a059197d8887ce53cf572e22c0b401]
[3:30:36 AM] [yQJYd#1] miximus: died from suicide (Falling)
[3:31:31 AM] [yQJYd#1] miximus: disconnected (Exiting)
[3:33:03 AM] txAdmin: Logger started
[3:34:28 AM] [Ln3TP#1] miximus: joined with identifiers [license:91a41cf7de884e4d192a4e8076defd841e6409d5; discord:400761183931727873; fivem:860268; license2:eb6a9cd650a059197d8887ce53cf572e22c0b401]
[3:49:19 AM] [Ln3TP#2] Yoda: joined with identifiers [license:f31dc2072b795f10e5aedf022c342b03364f5e66; xbl:2533274973664660; live:325692942744681; discord:673626335939264524; fivem:14746238; license2:a1230fc5a3b2441b5e93cffaf9f00661511ee807]
[3:52:30 AM] [Ln3TP#2] Yoda: turned show player IDs on
[3:54:49 AM] [Ln3TP#2] Yoda: enabled noclip
[3:54:53 AM] [Ln3TP#2] Yoda: became mortal (standard mode)
[3:55:13 AM] [Ln3TP#2] Yoda: caused an explosion (CAR)
[3:55:13 AM] [Ln3TP#2] Yoda: died from suicide (Explosion)
[3:55:17 AM] [Ln3TP#2] Yoda: repaired their vehicle
[3:55:19 AM] [Ln3TP#2] Yoda: repaired their vehicle
[3:56:37 AM] [Ln3TP#2] Yoda: repaired their vehicle
[3:56:48 AM] [Ln3TP#2] Yoda: healed player [#2] Yoda
[3:56:59 AM] [Ln3TP#2] Yoda: repaired their vehicle
[3:57:07 AM] [Ln3TP#2] Yoda: deleted a vehicle
[3:57:26 AM] [Ln3TP#3] Zer0: joined with identifiers [license:d78d06982d5085c6057a456dd0a80a0979e8306f; discord:162806082807267329; fivem:3308253; license2:d78d06982d5085c6057a456dd0a80a0979e8306f]
[3:58:33 AM] [Ln3TP#1] miximus: said "/dvc"
[3:59:46 AM] [Ln3TP#3] Zer0: turned show player IDs on
[4:01:15 AM] [Ln3TP#2] Yoda: enabled noclip
[4:01:21 AM] [Ln3TP#2] Yoda: became mortal (standard mode)
[4:01:47 AM] [Ln3TP#3] Zer0: turned show player IDs off
[4:01:56 AM] [Ln3TP#2] Yoda: caused an explosion (TRUCK)
[4:01:57 AM] [Ln3TP#2] Yoda: died from suicide (Explosion)
[4:02:00 AM] [Ln3TP#2] Yoda: deleted a vehicle
[4:02:24 AM] [Ln3TP#2] Yoda: healed player [#2] Yoda
[4:04:39 AM] [Ln3TP#3] Zer0: turned show player IDs on
[4:04:39 AM] [Ln3TP#3] Zer0: turned show player IDs off
[4:04:40 AM] [Ln3TP#3] Zer0: turned show player IDs on
[4:04:40 AM] [Ln3TP#3] Zer0: turned show player IDs off
[4:05:34 AM] [Ln3TP#1] miximus: disconnected (Exiting)
[4:06:07 AM] [Ln3TP#2] Yoda: triggered drunk effect on [#2] Yoda
[4:06:20 AM] [Ln3TP#2] Yoda: said "/quir"
[4:06:25 AM] [Ln3TP#2] Yoda: disconnected (Exiting)
[4:06:45 AM] [Ln3TP#3] Zer0: turned show player IDs on
[4:06:45 AM] [Ln3TP#3] Zer0: turned show player IDs off
[4:06:46 AM] [Ln3TP#3] Zer0: turned show player IDs on
[4:06:47 AM] [Ln3TP#3] Zer0: turned show player IDs off
[4:07:09 AM] [Ln3TP#3] Zer0: turned show player IDs on
[4:07:56 AM] [Ln3TP#3] Zer0: turned show player IDs off
[4:07:56 AM] [Ln3TP#3] Zer0: turned show player IDs on
[4:07:57 AM] [Ln3TP#3] Zer0: turned show player IDs off
[4:07:57 AM] [Ln3TP#3] Zer0: turned show player IDs on
[4:15:44 AM] [Ln3TP#4] chickncurry: joined with identifiers [license:9730242ed4f44a20dde4d0177d8d29b6163130c5; xbl:2535430595960543; live:844427997642053; discord:340728177783603201; fivem:13037150; license2:9730242ed4f44a20dde4d0177d8d29b6163130c5]
[4:15:49 AM] [Ln3TP#3] Zer0: turned show player IDs off
[4:15:51 AM] [Ln3TP#3] Zer0: turned show player IDs on
[4:15:52 AM] [Ln3TP#3] Zer0: turned show player IDs off
[4:15:53 AM] [Ln3TP#3] Zer0: turned show player IDs on
[4:15:54 AM] [Ln3TP#3] Zer0: turned show player IDs off
[4:18:23 AM] [Ln3TP#3] Zer0: turned show player IDs on
[4:18:42 AM] [Ln3TP#4] chickncurry: teleported to player [#3] Zer0 (x=-582.132, y=-448.563, z=31.150)
[4:18:47 AM] [Ln3TP#3] Zer0: turned show player IDs off
[4:18:48 AM] [Ln3TP#3] Zer0: turned show player IDs on
[4:19:14 AM] [Ln3TP#3] Zer0: turned show player IDs off
[4:19:14 AM] [Ln3TP#3] Zer0: turned show player IDs on
[4:19:56 AM] [Ln3TP#3] Zer0: turned show player IDs off
[4:19:57 AM] [Ln3TP#3] Zer0: turned show player IDs on
[4:20:19 AM] [Ln3TP#3] Zer0: turned show player IDs off
[4:20:19 AM] [Ln3TP#3] Zer0: turned show player IDs on
[4:20:43 AM] [Ln3TP#3] Zer0: turned show player IDs off
[4:20:56 AM] [Ln3TP#4] chickncurry: teleported to player [#3] Zer0 (x=-567.917, y=-448.470, z=31.150)
[4:44:58 AM] [Ln3TP#4] chickncurry: disconnected (Server->client connection timed out. Last seen 41513 msec ago.)
[4:46:12 AM] [Ln3TP#3] Zer0: disconnected (Exiting)
[6:01:18 AM] txAdmin: Logger started
[6:02:35 AM] [gae7f#1] Zer0: joined with identifiers [license:d78d06982d5085c6057a456dd0a80a0979e8306f; discord:162806082807267329; fivem:3308253; license2:d78d06982d5085c6057a456dd0a80a0979e8306f]
[6:08:04 AM] [gae7f#2] Tak: joined with identifiers [license:efe375be53a7fbe893182acbc33341a16a1c45c8; xbl:2535455997256357; live:1055518714530736; discord:190584605743644672; fivem:7025072; license2:2c2e89e2ee305b4d80a259c52b5aa8fcf29a663d]
[6:09:20 AM] [gae7f#1] Zer0: disconnected ([txAdmin] Server restarting (requested by ThePixelNetwork).)
[6:09:20 AM] [gae7f#2] Tak: disconnected ([txAdmin] Server restarting (requested by ThePixelNetwork).)
[6:09:34 AM] txAdmin: Logger started
[6:12:13 AM] [nDBdj#1] Zer0: joined with identifiers [license:d78d06982d5085c6057a456dd0a80a0979e8306f; discord:162806082807267329; fivem:3308253; license2:d78d06982d5085c6057a456dd0a80a0979e8306f]
[6:13:10 AM] [nDBdj#2] miximus: joined with identifiers [license:91a41cf7de884e4d192a4e8076defd841e6409d5; discord:400761183931727873; fivem:860268; license2:eb6a9cd650a059197d8887ce53cf572e22c0b401]
[6:14:58 AM] [nDBdj#1] Zer0: said "still nothing"
[6:15:26 AM] [nDBdj#1] Zer0: made a server-wide announcement: still nothing rip
[6:15:27 AM] txAdmin: ((Broadcast) frank): said "still nothing rip"
[6:15:55 AM] [nDBdj#2] miximus: disconnected (Exiting)
[6:16:34 AM] [nDBdj#1] Zer0: said "/repairweapin 1"
[6:16:42 AM] [nDBdj#1] Zer0: turned show player IDs on
[6:16:46 AM] [nDBdj#1] Zer0: turned show player IDs off
[6:16:48 AM] [nDBdj#1] Zer0: turned show player IDs on
[6:16:48 AM] [nDBdj#1] Zer0: turned show player IDs off
[6:16:49 AM] [nDBdj#1] Zer0: turned show player IDs on
[6:16:49 AM] [nDBdj#1] Zer0: turned show player IDs off
[6:16:49 AM] [nDBdj#1] Zer0: turned show player IDs on
[6:16:50 AM] [nDBdj#1] Zer0: turned show player IDs off
[6:16:50 AM] [nDBdj#1] Zer0: turned show player IDs on
[6:16:51 AM] [nDBdj#1] Zer0: turned show player IDs off
[6:16:53 AM] [nDBdj#1] Zer0: turned show player IDs on
[6:16:54 AM] [nDBdj#1] Zer0: turned show player IDs off
[6:16:57 AM] [nDBdj#1] Zer0: turned show player IDs on
[6:16:57 AM] [nDBdj#1] Zer0: turned show player IDs off
[6:16:57 AM] [nDBdj#1] Zer0: turned show player IDs on
[6:17:00 AM] [nDBdj#1] Zer0: turned show player IDs off
[6:17:01 AM] [nDBdj#1] Zer0: turned show player IDs on
[6:17:02 AM] [nDBdj#1] Zer0: turned show player IDs off
[6:17:05 AM] [nDBdj#1] Zer0: turned show player IDs on
[6:17:11 AM] [nDBdj#1] Zer0: turned show player IDs off
[6:17:12 AM] [nDBdj#1] Zer0: turned show player IDs on
[6:17:13 AM] [nDBdj#1] Zer0: turned show player IDs off
[6:17:15 AM] [nDBdj#1] Zer0: turned show player IDs on
[6:17:16 AM] [nDBdj#1] Zer0: turned show player IDs off
[6:17:16 AM] [nDBdj#1] Zer0: turned show player IDs on
[6:17:17 AM] [nDBdj#1] Zer0: turned show player IDs off
[6:17:17 AM] [nDBdj#1] Zer0: turned show player IDs on
[6:17:17 AM] [nDBdj#1] Zer0: turned show player IDs off
[6:17:18 AM] [nDBdj#1] Zer0: turned show player IDs on
[6:17:18 AM] [nDBdj#1] Zer0: turned show player IDs off
[6:17:28 AM] [nDBdj#1] Zer0: turned show player IDs on
[6:17:29 AM] [nDBdj#1] Zer0: turned show player IDs off
[6:17:29 AM] [nDBdj#1] Zer0: turned show player IDs on
[6:17:29 AM] [nDBdj#1] Zer0: turned show player IDs off
[6:17:30 AM] [nDBdj#1] Zer0: turned show player IDs on
[6:17:30 AM] [nDBdj#1] Zer0: turned show player IDs off
[6:17:30 AM] [nDBdj#1] Zer0: turned show player IDs on
[6:17:30 AM] [nDBdj#1] Zer0: turned show player IDs off
[6:17:31 AM] [nDBdj#1] Zer0: turned show player IDs on
[6:17:31 AM] [nDBdj#1] Zer0: turned show player IDs off
[6:17:32 AM] [nDBdj#1] Zer0: turned show player IDs on
[6:17:33 AM] [nDBdj#1] Zer0: turned show player IDs off
[6:17:33 AM] [nDBdj#1] Zer0: turned show player IDs on
[6:17:34 AM] [nDBdj#1] Zer0: turned show player IDs off
[6:17:34 AM] [nDBdj#1] Zer0: turned show player IDs on
[6:17:34 AM] [nDBdj#1] Zer0: turned show player IDs off
[6:17:43 AM] [nDBdj#1] Zer0: turned show player IDs on
[6:17:43 AM] [nDBdj#1] Zer0: turned show player IDs off
[6:17:44 AM] [nDBdj#1] Zer0: turned show player IDs on
[6:17:46 AM] [nDBdj#1] Zer0: turned show player IDs off
[6:17:46 AM] [nDBdj#1] Zer0: turned show player IDs on
[6:17:48 AM] [nDBdj#1] Zer0: turned show player IDs off
[6:17:52 AM] [nDBdj#1] Zer0: turned show player IDs on
[6:17:59 AM] [nDBdj#1] Zer0: turned show player IDs off
[6:17:59 AM] [nDBdj#1] Zer0: turned show player IDs on
[6:18:01 AM] [nDBdj#1] Zer0: turned show player IDs off
[6:18:04 AM] [nDBdj#1] Zer0: turned show player IDs on
[6:18:07 AM] [nDBdj#1] Zer0: turned show player IDs off
[6:18:07 AM] [nDBdj#1] Zer0: turned show player IDs on
[6:18:08 AM] [nDBdj#1] Zer0: turned show player IDs off
[6:18:50 AM] [nDBdj#1] Zer0: turned show player IDs on
[6:18:52 AM] [nDBdj#1] Zer0: turned show player IDs off
[6:18:54 AM] [nDBdj#1] Zer0: turned show player IDs on
[6:18:54 AM] [nDBdj#1] Zer0: turned show player IDs off
[6:18:54 AM] [nDBdj#1] Zer0: turned show player IDs on
[6:18:55 AM] [nDBdj#1] Zer0: turned show player IDs off
[6:18:55 AM] [nDBdj#1] Zer0: turned show player IDs on
[6:18:57 AM] [nDBdj#1] Zer0: turned show player IDs off
[6:18:58 AM] [nDBdj#1] Zer0: turned show player IDs on
[6:19:15 AM] [nDBdj#1] Zer0: turned show player IDs off
[6:19:17 AM] [nDBdj#1] Zer0: turned show player IDs on
[6:19:18 AM] [nDBdj#1] Zer0: turned show player IDs off
[6:19:18 AM] [nDBdj#1] Zer0: turned show player IDs on
[6:19:18 AM] [nDBdj#1] Zer0: turned show player IDs off
[6:19:18 AM] [nDBdj#1] Zer0: turned show player IDs on
[6:19:18 AM] [nDBdj#1] Zer0: turned show player IDs off
[6:19:19 AM] [nDBdj#1] Zer0: turned show player IDs on
[6:19:19 AM] [nDBdj#1] Zer0: turned show player IDs off
[6:19:22 AM] [nDBdj#1] Zer0: turned show player IDs on
[6:19:24 AM] [nDBdj#1] Zer0: turned show player IDs off
[6:19:25 AM] [nDBdj#1] Zer0: turned show player IDs on
[6:19:26 AM] [nDBdj#1] Zer0: turned show player IDs off
[6:19:27 AM] [nDBdj#1] Zer0: turned show player IDs on
[6:19:28 AM] [nDBdj#1] Zer0: turned show player IDs off
[6:19:28 AM] [nDBdj#1] Zer0: turned show player IDs off
[6:19:30 AM] [nDBdj#1] Zer0: turned show player IDs on
[6:19:30 AM] [nDBdj#1] Zer0: turned show player IDs off
[6:19:32 AM] [nDBdj#1] Zer0: turned show player IDs on
[6:19:35 AM] [nDBdj#1] Zer0: turned show player IDs off
[6:19:46 AM] [nDBdj#1] Zer0: enabled noclip
[6:19:48 AM] [nDBdj#1] Zer0: became mortal (standard mode)
[6:19:54 AM] [nDBdj#1] Zer0: turned show player IDs on
[6:20:04 AM] [nDBdj#1] Zer0: turned show player IDs off
[6:20:04 AM] [nDBdj#1] Zer0: turned show player IDs on
[6:20:04 AM] [nDBdj#1] Zer0: turned show player IDs off
[6:20:05 AM] [nDBdj#1] Zer0: turned show player IDs on
[6:20:05 AM] [nDBdj#1] Zer0: turned show player IDs off
[6:20:05 AM] [nDBdj#1] Zer0: turned show player IDs on
[6:20:06 AM] [nDBdj#1] Zer0: turned show player IDs off
[6:20:06 AM] [nDBdj#1] Zer0: turned show player IDs on
[6:20:07 AM] [nDBdj#1] Zer0: turned show player IDs off
[6:20:12 AM] [nDBdj#1] Zer0: turned show player IDs on
[6:20:15 AM] [nDBdj#1] Zer0: turned show player IDs off
[6:20:16 AM] [nDBdj#1] Zer0: turned show player IDs on
[6:20:23 AM] [nDBdj#1] Zer0: enabled noclip
[6:20:56 AM] [nDBdj#1] Zer0: became mortal (standard mode)
[6:22:36 AM] [nDBdj#1] Zer0: turned show player IDs off
[6:22:37 AM] [nDBdj#1] Zer0: enabled noclip
[6:22:57 AM] [nDBdj#1] Zer0: became mortal (standard mode)
[6:31:21 AM] [nDBdj#1] Zer0: said "/jobs"
[6:37:43 AM] [nDBdj#1] Zer0: disconnected (Exiting)
[7:09:47 AM] [nDBdj#3] Tak: joined with identifiers [license:efe375be53a7fbe893182acbc33341a16a1c45c8; xbl:2535455997256357; live:1055518714530736; discord:190584605743644672; fivem:7025072; license2:2c2e89e2ee305b4d80a259c52b5aa8fcf29a663d]
[7:45:50 AM] [nDBdj#3] Tak: died from suicide
[7:46:08 AM] [nDBdj#3] Tak: disconnected (Exiting)
[7:46:57 AM] [nDBdj#4] Tak: joined with identifiers [license:efe375be53a7fbe893182acbc33341a16a1c45c8; xbl:2535455997256357; live:1055518714530736; discord:190584605743644672; fivem:7025072; license2:2c2e89e2ee305b4d80a259c52b5aa8fcf29a663d]
[7:47:45 AM] [nDBdj#4] Tak: died from suicide (Falling)
[7:48:32 AM] [nDBdj#4] Tak: died from suicide (Falling)
[7:54:13 AM] [nDBdj#5] miximus: joined with identifiers [license:91a41cf7de884e4d192a4e8076defd841e6409d5; discord:400761183931727873; fivem:860268; license2:eb6a9cd650a059197d8887ce53cf572e22c0b401]
[7:58:17 AM] [nDBdj#4] Tak: disconnected (Server shutting down: SIGHUP received)
[7:58:17 AM] [nDBdj#5] miximus: disconnected (Server shutting down: SIGHUP received)

================================================================
======== txAdmin Starting - 9/24/2024, 7:59:49 AM               
================================================================
[8:00:33 AM] txAdmin: Logger started
[8:03:13 AM] [qczGD#1] Tak: joined with identifiers [license:efe375be53a7fbe893182acbc33341a16a1c45c8; xbl:2535455997256357; live:1055518714530736; discord:190584605743644672; fivem:7025072; license2:2c2e89e2ee305b4d80a259c52b5aa8fcf29a663d]
[8:33:36 AM] txAdmin: ((Broadcast) txAdmin): said "This server is scheduled to restart in 1 minute. Please disconnect now."
[8:33:50 AM] txAdmin: ((Broadcast) txAdmin): said "This server is scheduled to restart in 1 minute. Please disconnect now."
[8:34:02 AM] [qczGD#1] Tak: disconnected (Exiting)
[8:35:03 AM] txAdmin: Logger started
[8:36:23 AM] [dHDwN#1] miximus: joined with identifiers [license:91a41cf7de884e4d192a4e8076defd841e6409d5; discord:400761183931727873; fivem:860268; license2:eb6a9cd650a059197d8887ce53cf572e22c0b401]
[8:47:58 AM] [dHDwN#2] Tak: joined with identifiers [license:efe375be53a7fbe893182acbc33341a16a1c45c8; xbl:2535455997256357; live:1055518714530736; discord:190584605743644672; fivem:7025072; license2:2c2e89e2ee305b4d80a259c52b5aa8fcf29a663d]
[8:55:57 AM] [dHDwN#1] miximus: teleported to player [#2] Tak (x=557.301, y=-505.754, z=24.747)
[9:28:00 AM] [dHDwN#2] Tak: disconnected (Exiting)
[9:50:59 AM] [dHDwN#1] miximus: disconnected ([txAdmin] Server restarting (requested by ThePixelNetwork).)
[9:51:13 AM] txAdmin: Logger started
[9:52:21 AM] [Aqny9#1] miximus: joined with identifiers [license:91a41cf7de884e4d192a4e8076defd841e6409d5; discord:400761183931727873; fivem:860268; license2:eb6a9cd650a059197d8887ce53cf572e22c0b401]
[10:00:31 AM] [Aqny9#1] miximus: teleported to a waypoint
[10:00:33 AM] [Aqny9#1] miximus: teleported to coordinates (x=1074.890, y=-1988.190, z=30.890)
[10:21:21 AM] [Aqny9#1] miximus: disconnected ([txAdmin] Server restarting (requested by ThePixelNetwork).)
[10:21:34 AM] txAdmin: Logger started
[10:26:07 AM] [96KK6#1] miximus: joined with identifiers [license:91a41cf7de884e4d192a4e8076defd841e6409d5; discord:400761183931727873; fivem:860268; license2:eb6a9cd650a059197d8887ce53cf572e22c0b401]
[10:50:51 AM] [96KK6#1] miximus: disconnected (Exiting)
[10:51:43 AM] [96KK6#2] miximus: joined with identifiers [license:91a41cf7de884e4d192a4e8076defd841e6409d5; discord:400761183931727873; fivem:860268; license2:eb6a9cd650a059197d8887ce53cf572e22c0b401]
[10:55:05 AM] [96KK6#2] miximus: disconnected (Exiting)
[7:04:15 PM] [96KK6#3] Kristen: joined with identifiers [license:6a0ab2401f6fc64c1b7a92ba0aa8faa55a4ce1f2; xbl:2535458523080240; live:1899947313095719; discord:502592324279468032; fivem:14269877; license2:6a0ab2401f6fc64c1b7a92ba0aa8faa55a4ce1f2]
[7:05:35 PM] [96KK6#3] Kristen: enabled noclip
[7:05:39 PM] [96KK6#3] Kristen: became mortal (standard mode)
[7:06:19 PM] [96KK6#3] Kristen: enabled noclip
[7:06:23 PM] [96KK6#3] Kristen: became mortal (standard mode)
[7:06:42 PM] [96KK6#3] Kristen: enabled noclip
[7:06:55 PM] [96KK6#3] Kristen: healed themself
[7:07:16 PM] [96KK6#3] Kristen: became mortal (standard mode)
[7:08:26 PM] [96KK6#3] Kristen: enabled noclip
[7:08:29 PM] [96KK6#3] Kristen: became mortal (standard mode)
[7:10:06 PM] [96KK6#3] Kristen: enabled noclip
[7:10:08 PM] [96KK6#3] Kristen: became mortal (standard mode)
[7:15:03 PM] [96KK6#3] Kristen: enabled noclip
[7:15:31 PM] [96KK6#3] Kristen: became mortal (standard mode)
[7:18:20 PM] [96KK6#3] Kristen: teleported to coordinates (x=-322.250, y=-1545.870, z=31.020)
[7:19:26 PM] [96KK6#3] Kristen: enabled noclip
[7:19:49 PM] [96KK6#3] Kristen: became mortal (standard mode)
[7:20:25 PM] [96KK6#3] Kristen: enabled noclip
[7:20:29 PM] [96KK6#3] Kristen: became mortal (standard mode)
[7:21:41 PM] [96KK6#3] Kristen: enabled noclip
[7:21:50 PM] [96KK6#3] Kristen: became mortal (standard mode)
[7:24:25 PM] [96KK6#4] Yoda: joined with identifiers [license:f31dc2072b795f10e5aedf022c342b03364f5e66; xbl:2533274973664660; live:325692942744681; discord:673626335939264524; fivem:14746238; license2:a1230fc5a3b2441b5e93cffaf9f00661511ee807]
[7:25:33 PM] [96KK6#3] Kristen: healed themself
[7:25:52 PM] [96KK6#4] Yoda: turned show player IDs on
[7:25:54 PM] [96KK6#4] Yoda: enabled noclip
[7:25:58 PM] [96KK6#4] Yoda: became mortal (standard mode)
[7:27:16 PM] [96KK6#3] Kristen: healed themself
[7:28:07 PM] [96KK6#3] Kristen: teleported to coordinates (x=159.560, y=-775.770, z=32.200)
[7:28:25 PM] [96KK6#3] Kristen: teleported to coordinates (x=159.980, y=-774.050, z=32.290)
[7:29:49 PM] [96KK6#4] Yoda: enabled noclip
[7:29:57 PM] [96KK6#4] Yoda: became mortal (standard mode)
[7:30:41 PM] [96KK6#4] Yoda: enabled noclip
[7:30:47 PM] [96KK6#4] Yoda: became mortal (standard mode)
[7:38:29 PM] [96KK6#3] Kristen: deleted a vehicle
[7:38:38 PM] [96KK6#3] Kristen: enabled noclip
[7:38:47 PM] [96KK6#3] Kristen: became mortal (standard mode)
[7:39:11 PM] [96KK6#3] Kristen: enabled noclip
[7:39:15 PM] [96KK6#3] Kristen: became mortal (standard mode)
[7:39:34 PM] [96KK6#3] Kristen: enabled noclip
[7:39:37 PM] [96KK6#3] Kristen: became mortal (standard mode)
[7:40:10 PM] [96KK6#3] Kristen: enabled noclip
[7:40:15 PM] [96KK6#3] Kristen: became mortal (standard mode)
[7:42:06 PM] [96KK6#3] Kristen: enabled noclip
[7:42:08 PM] [96KK6#3] Kristen: became mortal (standard mode)
[7:42:26 PM] [96KK6#3] Kristen: enabled noclip
[7:42:35 PM] [96KK6#3] Kristen: became mortal (standard mode)
[7:42:55 PM] [96KK6#3] Kristen: enabled noclip
[7:42:58 PM] [96KK6#3] Kristen: became mortal (standard mode)
[7:43:08 PM] [96KK6#3] Kristen: enabled noclip
[7:43:18 PM] [96KK6#3] Kristen: became mortal (standard mode)
[7:43:30 PM] [96KK6#4] Yoda: enabled noclip
[7:44:15 PM] [96KK6#4] Yoda: became mortal (standard mode)
[7:44:31 PM] [96KK6#4] Yoda: enabled noclip
[7:44:36 PM] [96KK6#4] Yoda: became mortal (standard mode)
[7:48:09 PM] [96KK6#4] Yoda: enabled noclip
[7:48:15 PM] [96KK6#4] Yoda: became mortal (standard mode)
[7:49:40 PM] [96KK6#3] Kristen: enabled noclip
[7:49:52 PM] [96KK6#3] Kristen: became mortal (standard mode)
[7:49:59 PM] [96KK6#4] Yoda: enabled noclip
[7:49:59 PM] [96KK6#3] Kristen: summoned player [#4] Yoda
[7:50:04 PM] [96KK6#4] Yoda: became mortal (standard mode)
[7:52:06 PM] [96KK6#3] Kristen: enabled noclip
[7:52:10 PM] [96KK6#3] Kristen: became mortal (standard mode)
[7:52:53 PM] [96KK6#4] Yoda: enabled noclip
[7:53:00 PM] [96KK6#4] Yoda: became mortal (standard mode)
[7:54:39 PM] [96KK6#4] Yoda: teleported to player [#3] Kristen  (x=1079.051, y=-1992.778, z=30.982)
[7:56:16 PM] [96KK6#3] Kristen: enabled noclip
[7:56:23 PM] [96KK6#3] Kristen: became mortal (standard mode)
[7:56:29 PM] [96KK6#4] Yoda: said "//tx"
[7:56:34 PM] [96KK6#4] Yoda: enabled noclip
[7:56:50 PM] [96KK6#4] Yoda: became mortal (standard mode)
[7:56:57 PM] [96KK6#3] Kristen: enabled noclip
[7:57:03 PM] [96KK6#3] Kristen: became mortal (standard mode)
[7:59:30 PM] [96KK6#4] Yoda: enabled noclip
[7:59:35 PM] [96KK6#3] Kristen: enabled noclip
[7:59:46 PM] [96KK6#4] Yoda: became mortal (standard mode)
[8:01:03 PM] [96KK6#3] Kristen: became mortal (standard mode)
[8:01:36 PM] [96KK6#3] Kristen: enabled noclip
[8:02:10 PM] [96KK6#3] Kristen: became mortal (standard mode)
[8:02:28 PM] [96KK6#4] Yoda: enabled noclip
[8:03:05 PM] [96KK6#4] Yoda: became mortal (standard mode)
[8:04:34 PM] [96KK6#4] Yoda: died from Ranover by Vehicle by Kristen
[8:04:38 PM] [96KK6#5] miximus: joined with identifiers [license:91a41cf7de884e4d192a4e8076defd841e6409d5; discord:400761183931727873; fivem:860268; license2:eb6a9cd650a059197d8887ce53cf572e22c0b401]
[8:04:47 PM] [96KK6#4] Yoda: died from suicide (Falling)
[8:04:51 PM] [96KK6#3] Kristen: repaired their vehicle
[8:05:21 PM] [96KK6#4] Yoda: died from suicide
[8:05:30 PM] [96KK6#3] Kristen: (Kristen ): said "/911medic"
[8:05:56 PM] [96KK6#3] Kristen: (Kristen ): said "/-take-mdt-alert"
[8:07:25 PM] [96KK6#3] Kristen: repaired their vehicle
[8:07:31 PM] [96KK6#3] Kristen: teleported to player [#5] miximus (x=2973.218, y=2839.371, z=45.944)
[8:07:32 PM] [96KK6#4] Yoda: repaired their vehicle
[8:07:40 PM] [96KK6#4] Yoda: boosted their vehicle
[8:07:57 PM] [96KK6#3] Kristen: summoned player [#4] Yoda
[8:08:08 PM] [96KK6#3] Kristen: deleted a vehicle
[8:08:37 PM] [96KK6#5] miximus: turned show player IDs on
[8:10:13 PM] [96KK6#4] Yoda: teleported to a waypoint
[8:10:13 PM] [96KK6#3] Kristen: deleted a vehicle
[8:12:06 PM] [96KK6#4] Yoda: enabled noclip
[8:12:25 PM] [96KK6#4] Yoda: became mortal (standard mode)
[8:12:31 PM] [96KK6#4] Yoda: enabled noclip
[8:12:52 PM] [96KK6#4] Yoda: became mortal (standard mode)
[8:13:15 PM] [96KK6#4] Yoda: died from Ranover by Vehicle by Kristen
[8:13:57 PM] [96KK6#4] Yoda: died from suicide (Falling)
[8:14:18 PM] [96KK6#3] Kristen: enabled noclip
[8:14:20 PM] [96KK6#3] Kristen: became mortal (standard mode)
[8:14:30 PM] [96KK6#3] Kristen: enabled noclip
[8:14:30 PM] [96KK6#3] Kristen: became mortal (standard mode)
[8:14:46 PM] [96KK6#3] Kristen: enabled noclip
[8:14:49 PM] [96KK6#3] Kristen: became mortal (standard mode)
[8:16:37 PM] [96KK6#3] Kristen: healed player [#5] miximus
[8:17:13 PM] [96KK6#3] Kristen: (Kristen ): said "/carry"
[8:19:09 PM] [96KK6#3] Kristen: died from Ranover by Vehicle by Yoda
[8:19:21 PM] [96KK6#3] Kristen: healed themself
[8:19:54 PM] [96KK6#4] Yoda: said "/-take-mdt-alert"
[8:20:03 PM] [96KK6#3] Kristen: (Kristen ): said "/-take-mdt-alert"
[8:21:40 PM] [96KK6#3] Kristen: repaired their vehicle
[8:38:06 PM] [96KK6#4] Yoda: died from Micro SMG by Kristen
[8:38:15 PM] [96KK6#4] Yoda: died from Micro SMG by Kristen
[8:38:36 PM] [96KK6#4] Yoda: enabled noclip
[8:38:41 PM] [96KK6#4] Yoda: became mortal (standard mode)
[8:38:52 PM] [96KK6#4] Yoda: enabled noclip
[8:38:59 PM] [96KK6#4] Yoda: became mortal (standard mode)
[8:39:18 PM] [96KK6#5] miximus: died from Ranover by Vehicle by Yoda
[8:39:26 PM] [96KK6#4] Yoda: died from suicide (Falling)
[8:40:42 PM] [96KK6#4] Yoda: enabled noclip
[8:40:53 PM] [96KK6#4] Yoda: became mortal (standard mode)
[8:41:48 PM] [96KK6#4] Yoda: enabled noclip
[8:42:20 PM] [96KK6#4] Yoda: became mortal (standard mode)
[8:42:47 PM] [96KK6#4] Yoda: boosted their vehicle
[8:43:31 PM] [96KK6#4] Yoda: teleported to player [#5] miximus (x=918.884, y=51.336, z=80.891)
[8:43:42 PM] [96KK6#4] Yoda: teleported to player [#5] miximus (x=917.051, y=50.031, z=80.891)
[8:43:47 PM] [96KK6#3] Kristen: made a server-wide announcement: duy sucks balls
[8:43:47 PM] txAdmin: ((Broadcast) tilli): said "duy sucks balls"
[8:46:34 PM] [96KK6#3] Kristen: enabled noclip
[8:46:45 PM] [96KK6#3] Kristen: became mortal (standard mode)
[8:47:12 PM] [96KK6#3] Kristen: enabled noclip
[8:47:35 PM] [96KK6#3] Kristen: became mortal (standard mode)
[8:47:53 PM] [96KK6#3] Kristen: enabled noclip
[8:48:04 PM] [96KK6#3] Kristen: became mortal (standard mode)
[8:48:34 PM] [96KK6#3] Kristen: enabled noclip
[8:48:53 PM] [96KK6#3] Kristen: became mortal (standard mode)
[8:58:47 PM] [96KK6#3] Kristen: enabled noclip
[8:58:49 PM] [96KK6#3] Kristen: became mortal (standard mode)
[8:59:01 PM] [96KK6#3] Kristen: enabled noclip
[8:59:38 PM] [96KK6#3] Kristen: became mortal (standard mode)
[8:59:55 PM] [96KK6#3] Kristen: healed themself
[9:00:08 PM] [96KK6#3] Kristen: enabled noclip
[9:00:23 PM] [96KK6#3] Kristen: became mortal (standard mode)
[9:02:04 PM] [96KK6#3] Kristen: enabled noclip
[9:02:18 PM] [96KK6#3] Kristen: became mortal (standard mode)
[9:04:48 PM] [96KK6#4] Yoda: said "/-take-mdt-alert"
[9:05:20 PM] [96KK6#4] Yoda: said "/-take-mdt-alert"
[9:05:22 PM] [96KK6#4] Yoda: said "/-take-mdt-alert"
[9:07:19 PM] [96KK6#3] Kristen: enabled noclip
[9:07:40 PM] [96KK6#3] Kristen: became mortal (standard mode)
[9:07:48 PM] [96KK6#3] Kristen: enabled noclip
[9:08:12 PM] [96KK6#3] Kristen: became mortal (standard mode)
[9:09:09 PM] [96KK6#4] Yoda: enabled noclip
[9:09:19 PM] [96KK6#4] Yoda: became mortal (standard mode)
[9:09:38 PM] [96KK6#3] Kristen: enabled noclip
[9:09:41 PM] [96KK6#3] Kristen: became mortal (standard mode)
[9:12:04 PM] [96KK6#4] Yoda: spawned a vehicle (model: tyrant)
[9:12:28 PM] [96KK6#4] Yoda: deleted a vehicle
[9:12:57 PM] [96KK6#4] Yoda: spawned a vehicle (model: issi5)
[9:12:58 PM] [96KK6#3] Kristen: disconnected (Server shutting down: SIGHUP received)
[9:12:58 PM] [96KK6#4] Yoda: disconnected (Server shutting down: SIGHUP received)
[9:12:58 PM] [96KK6#5] miximus: disconnected (Server shutting down: SIGHUP received)

================================================================
======== txAdmin Starting - 9/24/2024, 9:33:05 PM               
================================================================
[9:33:17 PM] txAdmin: Logger started
[9:35:13 PM] [8Pm9H#1] Kristen: joined with identifiers [license:6a0ab2401f6fc64c1b7a92ba0aa8faa55a4ce1f2; xbl:2535458523080240; live:1899947313095719; discord:502592324279468032; fivem:14269877; license2:6a0ab2401f6fc64c1b7a92ba0aa8faa55a4ce1f2]
[9:36:52 PM] [8Pm9H#1] Kristen: (Kristen ): said "/tc"
[9:37:00 PM] [8Pm9H#1] Kristen: enabled noclip
[9:37:20 PM] [8Pm9H#1] Kristen: became mortal (standard mode)
[9:37:27 PM] [8Pm9H#1] Kristen: enabled noclip
[9:37:35 PM] [8Pm9H#1] Kristen: became mortal (standard mode)
[9:38:27 PM] [8Pm9H#1] Kristen: disconnected (Exiting)
[9:42:25 PM] [8Pm9H#2] Yoda: joined with identifiers [license:f31dc2072b795f10e5aedf022c342b03364f5e66; xbl:2533274973664660; live:325692942744681; discord:673626335939264524; fivem:14746238; license2:a1230fc5a3b2441b5e93cffaf9f00661511ee807]
[9:44:04 PM] [8Pm9H#3] Chin: joined with identifiers [license:0b009f8525bd5f735b342e11f16db70feeeb9e70; xbl:2535423149866175; live:914801252394711; discord:739868007232438314; fivem:11076027; license2:daab667af390d8e547de82237981e7a7d201aa7a]
[9:44:17 PM] [8Pm9H#2] Yoda: spawned a vehicle (model: f620)
[9:45:16 PM] [8Pm9H#3] Chin: enabled noclip
[9:45:18 PM] [8Pm9H#3] Chin: became mortal (standard mode)
[9:45:37 PM] [8Pm9H#2] Yoda: turned show player IDs on
[9:46:33 PM] [8Pm9H#3] Chin: enabled noclip
[9:46:37 PM] [8Pm9H#3] Chin: became mortal (standard mode)
[9:48:44 PM] [8Pm9H#2] Yoda: disconnected (Exiting)
[9:50:43 PM] [8Pm9H#3] Chin: disconnected (Exiting)
[10:05:27 PM] [8Pm9H#4] Chin: joined with identifiers [license:0b009f8525bd5f735b342e11f16db70feeeb9e70; xbl:2535423149866175; live:914801252394711; discord:739868007232438314; fivem:11076027; license2:daab667af390d8e547de82237981e7a7d201aa7a]
[10:06:35 PM] [8Pm9H#4] Chin: enabled noclip
[10:06:40 PM] [8Pm9H#4] Chin: became mortal (standard mode)
[10:08:30 PM] [8Pm9H#4] Chin: enabled noclip
[10:08:41 PM] [8Pm9H#4] Chin: became mortal (standard mode)
[10:08:54 PM] [8Pm9H#4] Chin: enabled noclip
[10:09:08 PM] [8Pm9H#5] Yoda: joined with identifiers [license:f31dc2072b795f10e5aedf022c342b03364f5e66; xbl:2533274973664660; live:325692942744681; discord:673626335939264524; fivem:14746238; license2:a1230fc5a3b2441b5e93cffaf9f00661511ee807]
[10:09:17 PM] [8Pm9H#4] Chin: became mortal (standard mode)
[10:09:55 PM] [8Pm9H#4] Chin: turned show player IDs on
[10:11:47 PM] [8Pm9H#5] Yoda: said "/-take-mdt-alert"
[10:11:52 PM] [8Pm9H#5] Yoda: repaired their vehicle
[10:11:55 PM] [8Pm9H#5] Yoda: repaired their vehicle
[10:11:57 PM] [8Pm9H#5] Yoda: repaired their vehicle
[10:11:57 PM] [8Pm9H#5] Yoda: repaired their vehicle
[10:12:01 PM] [8Pm9H#5] Yoda: boosted their vehicle
[10:13:03 PM] [8Pm9H#4] Chin: enabled noclip
[10:13:11 PM] [8Pm9H#4] Chin: became mortal (standard mode)
[10:13:19 PM] [8Pm9H#4] Chin: enabled noclip
[10:13:28 PM] [8Pm9H#4] Chin: became mortal (standard mode)
[10:14:50 PM] [8Pm9H#4] Chin: enabled noclip
[10:14:57 PM] [8Pm9H#4] Chin: became mortal (standard mode)
[10:15:15 PM] [8Pm9H#4] Chin: disconnected (Exiting)
[10:15:18 PM] [8Pm9H#5] Yoda: enabled noclip
[10:15:24 PM] [8Pm9H#5] Yoda: became mortal (standard mode)
[10:15:44 PM] [8Pm9H#5] Yoda: repaired their vehicle
[10:15:46 PM] [8Pm9H#5] Yoda: repaired their vehicle
[10:15:50 PM] [8Pm9H#5] Yoda: deleted a vehicle
[10:15:59 PM] [8Pm9H#5] Yoda: disconnected (Exiting)
[10:28:00 PM] [8Pm9H#6] Yoda: joined with identifiers [license:f31dc2072b795f10e5aedf022c342b03364f5e66; xbl:2533274973664660; live:325692942744681; discord:673626335939264524; fivem:14746238; license2:a1230fc5a3b2441b5e93cffaf9f00661511ee807]
[10:31:12 PM] [8Pm9H#6] Yoda: enabled noclip
[10:31:48 PM] [8Pm9H#6] Yoda: became mortal (standard mode)
[10:32:04 PM] [8Pm9H#6] Yoda: enabled noclip
[10:32:06 PM] [8Pm9H#6] Yoda: became mortal (standard mode)
[10:35:13 PM] [8Pm9H#6] Yoda: enabled noclip
[10:36:47 PM] [8Pm9H#6] Yoda: became mortal (standard mode)
[10:37:42 PM] [8Pm9H#6] Yoda: enabled noclip
[10:39:17 PM] [8Pm9H#6] Yoda: became mortal (standard mode)
[10:39:35 PM] [8Pm9H#6] Yoda: died from suicide (Falling)
[10:39:37 PM] [8Pm9H#6] Yoda: said "/x"
[10:39:43 PM] [8Pm9H#6] Yoda: healed player [#6] Yoda
[10:46:01 PM] [8Pm9H#6] Yoda: died from suicide (Rammed by Vehicle)
[10:47:20 PM] [8Pm9H#7] Kristen: joined with identifiers [license:6a0ab2401f6fc64c1b7a92ba0aa8faa55a4ce1f2; xbl:2535458523080240; live:1899947313095719; discord:502592324279468032; fivem:14269877; license2:6a0ab2401f6fc64c1b7a92ba0aa8faa55a4ce1f2]
[10:47:28 PM] [8Pm9H#6] Yoda: teleported to player [#7] Kristen  (x=-2250315902484480.000, y=-21554333369711460352.000, z=0.000)
[10:47:35 PM] [8Pm9H#6] Yoda: enabled noclip
[10:47:59 PM] [8Pm9H#6] Yoda: teleported to a waypoint
[10:48:07 PM] [8Pm9H#6] Yoda: became mortal (standard mode)
[10:48:28 PM] [8Pm9H#6] Yoda: died from suicide (Falling)
[10:48:40 PM] [8Pm9H#6] Yoda: enabled noclip
[10:48:42 PM] [8Pm9H#6] Yoda: healed themself
[10:48:49 PM] [8Pm9H#6] Yoda: teleported to player [#7] Kristen  (x=1126.325, y=-642.897, z=56.728)
[10:48:53 PM] [8Pm9H#6] Yoda: became mortal (standard mode)
[10:49:32 PM] [8Pm9H#6] Yoda: enabled noclip
[10:49:39 PM] [8Pm9H#6] Yoda: turned show player IDs on
[10:49:40 PM] [8Pm9H#6] Yoda: became mortal (standard mode)
[10:50:13 PM] [8Pm9H#7] Kristen: enabled noclip
[10:50:14 PM] [8Pm9H#7] Kristen: became mortal (standard mode)
[10:50:18 PM] [8Pm9H#6] Yoda: spawned a vehicle (model: issi5)
[10:51:17 PM] [8Pm9H#8] Chin: joined with identifiers [license:0b009f8525bd5f735b342e11f16db70feeeb9e70; xbl:2535423149866175; live:914801252394711; discord:739868007232438314; fivem:11076027; license2:daab667af390d8e547de82237981e7a7d201aa7a]
[10:52:30 PM] [8Pm9H#6] Yoda: teleported to a waypoint
[10:52:54 PM] [8Pm9H#8] Chin: died from suicide (Pistol)
[10:52:59 PM] [8Pm9H#8] Chin: healed themself
[10:55:04 PM] [8Pm9H#7] Kristen: teleported to a waypoint
[10:55:26 PM] [8Pm9H#6] Yoda: repaired their vehicle
[10:55:38 PM] [8Pm9H#8] Chin: enabled noclip
[10:55:48 PM] [8Pm9H#6] Yoda: teleported to player [#7] Kristen  (x=1095.297, y=-3196.497, z=-38.962)
[10:55:48 PM] [8Pm9H#8] Chin: became mortal (standard mode)
[10:57:20 PM] [8Pm9H#8] Chin: teleported to player [#7] Kristen  (x=1095.297, y=-3196.497, z=-38.962)
[11:00:35 PM] [8Pm9H#6] Yoda: teleported to player [#7] Kristen  (x=1094.242, y=-3196.668, z=-38.996)
[11:00:38 PM] [8Pm9H#7] Kristen: enabled noclip
[11:00:39 PM] [8Pm9H#6] Yoda: enabled noclip
[11:00:43 PM] [8Pm9H#6] Yoda: became mortal (standard mode)
[11:00:46 PM] [8Pm9H#6] Yoda: enabled noclip
[11:00:48 PM] [8Pm9H#8] Chin: repaired their vehicle
[11:00:48 PM] [8Pm9H#6] Yoda: became mortal (standard mode)
[11:00:54 PM] [8Pm9H#7] Kristen: became mortal (standard mode)
[11:00:55 PM] [8Pm9H#8] Chin: repaired their vehicle
[11:00:59 PM] [8Pm9H#7] Kristen: summoned player [#6] Yoda
[11:01:02 PM] [8Pm9H#6] Yoda: enabled noclip
[11:01:06 PM] [8Pm9H#6] Yoda: became mortal (standard mode)
[11:01:11 PM] [8Pm9H#6] Yoda: died from suicide (Falling)
[11:01:15 PM] [8Pm9H#7] Kristen: summoned player [#6] Yoda
[11:01:22 PM] [8Pm9H#7] Kristen: healed player [#6] Yoda
[11:01:22 PM] [8Pm9H#7] Kristen: summoned player [#6] Yoda
[11:02:15 PM] [8Pm9H#7] Kristen: enabled noclip
[11:02:36 PM] [8Pm9H#6] Yoda: enabled noclip
[11:02:46 PM] [8Pm9H#7] Kristen: became mortal (standard mode)
[11:02:51 PM] [8Pm9H#7] Kristen: enabled noclip
[11:02:54 PM] [8Pm9H#7] Kristen: became mortal (standard mode)
[11:03:16 PM] [8Pm9H#6] Yoda: teleported to player [#7] Kristen  (x=464.993, y=-1894.075, z=25.893)
[11:03:20 PM] [8Pm9H#6] Yoda: became mortal (standard mode)
[11:03:52 PM] [8Pm9H#8] Chin: turned show player IDs on
[11:06:10 PM] [8Pm9H#8] Chin: repaired their vehicle
[11:07:00 PM] [8Pm9H#8] Chin: repaired their vehicle
[11:18:11 PM] [8Pm9H#7] Kristen: enabled noclip
[11:18:46 PM] [8Pm9H#7] Kristen: became mortal (standard mode)
[11:19:09 PM] [8Pm9H#6] Yoda: teleported to player [#7] Kristen  (x=-60.567, y=-1214.123, z=28.640)
[11:21:15 PM] [8Pm9H#6] Yoda: disconnected (Exiting)
[11:22:54 PM] [8Pm9H#9] Yoda: joined with identifiers [license:f31dc2072b795f10e5aedf022c342b03364f5e66; xbl:2533274973664660; live:325692942744681; discord:673626335939264524; fivem:14746238; license2:a1230fc5a3b2441b5e93cffaf9f00661511ee807]
[11:24:18 PM] [8Pm9H#9] Yoda: teleported to a waypoint
[11:24:49 PM] [8Pm9H#9] Yoda: turned show player IDs on
[11:25:15 PM] [8Pm9H#7] Kristen: teleported to player [#9] Yoda (x=98.927, y=-622.563, z=43.400)
[11:25:20 PM] [8Pm9H#7] Kristen: enabled noclip
[11:25:22 PM] [8Pm9H#7] Kristen: became mortal (standard mode)
[11:26:58 PM] [8Pm9H#9] Yoda: enabled noclip
[11:27:01 PM] [8Pm9H#9] Yoda: became mortal (standard mode)
[11:27:08 PM] [8Pm9H#9] Yoda: enabled noclip
[11:27:09 PM] [8Pm9H#7] Kristen: enabled noclip
[11:27:10 PM] [8Pm9H#7] Kristen: became mortal (standard mode)
[11:27:11 PM] [8Pm9H#7] Kristen: enabled noclip
[11:27:11 PM] [8Pm9H#9] Yoda: became mortal (standard mode)
[11:27:17 PM] [8Pm9H#7] Kristen: became mortal (standard mode)
[11:27:45 PM] [8Pm9H#7] Kristen: enabled noclip
[11:27:47 PM] [8Pm9H#7] Kristen: became mortal (standard mode)
[11:28:49 PM] [8Pm9H#7] Kristen: enabled noclip
[11:28:49 PM] [8Pm9H#7] Kristen: became mortal (standard mode)
[11:29:15 PM] [8Pm9H#7] Kristen: enabled noclip
[11:29:18 PM] [8Pm9H#7] Kristen: became mortal (standard mode)
[11:29:21 PM] [8Pm9H#9] Yoda: teleported to player [#7] Kristen  (x=887.156, y=-953.749, z=39.204)
[11:30:44 PM] [8Pm9H#7] Kristen: enabled noclip
[11:31:13 PM] [8Pm9H#7] Kristen: became mortal (standard mode)
[11:32:15 PM] [8Pm9H#7] Kristen: deleted a vehicle
[11:32:48 PM] [8Pm9H#7] Kristen: died from suicide (Pistol)
[11:32:54 PM] [8Pm9H#7] Kristen: healed themself
[11:40:34 PM] [8Pm9H#7] Kristen: enabled noclip
[11:41:18 PM] [8Pm9H#7] Kristen: became mortal (standard mode)
[11:41:38 PM] [8Pm9H#7] Kristen: enabled noclip
[11:41:48 PM] [8Pm9H#7] Kristen: became mortal (standard mode)
[11:41:49 PM] [8Pm9H#7] Kristen: enabled noclip
[11:41:51 PM] [8Pm9H#7] Kristen: became mortal (standard mode)
[11:41:57 PM] [8Pm9H#8] Chin: disconnected (Server->client connection timed out. Last seen 44395 msec ago.)
[11:45:12 PM] [8Pm9H#7] Kristen: disconnected (Exiting)
[11:50:44 PM] [8Pm9H#9] Yoda: enabled noclip
[11:50:50 PM] [8Pm9H#9] Yoda: became mortal (standard mode)
[11:51:02 PM] [8Pm9H#9] Yoda: enabled noclip
[11:52:17 PM] [8Pm9H#9] Yoda: became mortal (standard mode)
[11:53:02 PM] [8Pm9H#9] Yoda: died from suicide (Falling)
[11:53:44 PM] [8Pm9H#10] Gấu Heo: joined with identifiers [license:772d049f572ab0083ce59d5f203721ea99f1bffc; discord:492632249150472193; fivem:2263534; license2:772d049f572ab0083ce59d5f203721ea99f1bffc]
[11:54:45 PM] [8Pm9H#9] Yoda: enabled noclip
[11:55:32 PM] [8Pm9H#9] Yoda: teleported to player [#10] Gấu Heo (x=-284.294, y=562.457, z=173.818)
[11:56:24 PM] [8Pm9H#9] Yoda: said "/txz"
[11:56:26 PM] [8Pm9H#9] Yoda: became mortal (standard mode)
[11:56:59 PM] [8Pm9H#11] Kristen: joined with identifiers [license:6a0ab2401f6fc64c1b7a92ba0aa8faa55a4ce1f2; xbl:2535458523080240; live:1899947313095719; discord:502592324279468032; fivem:14269877; license2:6a0ab2401f6fc64c1b7a92ba0aa8faa55a4ce1f2]
[11:57:58 PM] [8Pm9H#12] Tom From Myspace: joined with identifiers [license:3f163e1ad4ce736fbb44f94703c2818a03c51254; xbl:2535421207793645; live:985157962834694; discord:138849547081220096]
[11:58:26 PM] [8Pm9H#11] Kristen: enabled noclip
[11:58:31 PM] [8Pm9H#9] Yoda: enabled noclip
[11:58:46 PM] [8Pm9H#11] Kristen: became mortal (standard mode)
[11:58:56 PM] [8Pm9H#9] Yoda: became mortal (standard mode)
[11:59:17 PM] [8Pm9H#11] Kristen: enabled noclip
[11:59:36 PM] [8Pm9H#11] Kristen: became mortal (standard mode)
[11:59:44 PM] [8Pm9H#11] Kristen: enabled noclip
[11:59:51 PM] [8Pm9H#11] Kristen: became mortal (standard mode)
