
================================================================
======== Log Rotated - 9/25/2024, 12:00:00 AM                   
================================================================
[12:00:13 AM] [8Pm9H#11] Kristen: enabled noclip
[12:00:34 AM] [8Pm9H#11] Kristen: became mortal (standard mode)
[12:00:44 AM] [8Pm9H#11] Kristen: enabled noclip
[12:00:52 AM] [8Pm9H#11] Kristen: became mortal (standard mode)
[12:00:57 AM] [8Pm9H#10] Gấu Heo: disconnected (Exiting)
[12:01:07 AM] [8Pm9H#9] Yoda: enabled noclip
[12:01:28 AM] [8Pm9H#12] Tom From Myspace: disconnected (Exiting)
[12:01:30 AM] [8Pm9H#9] Yoda: became mortal (standard mode)
[12:02:07 AM] [8Pm9H#9] Yoda: enabled noclip
[12:02:09 AM] [8Pm9H#13] Tom From Myspace: joined with identifiers [license:3f163e1ad4ce736fbb44f94703c2818a03c51254; xbl:2535421207793645; live:985157962834694; discord:138849547081220096]
[12:02:15 AM] [8Pm9H#9] Yoda: teleported to player [#11] Kristen  (x=-137.947, y=56.057, z=83.519)
[12:02:21 AM] [8Pm9H#11] Kristen: enabled noclip
[12:02:26 AM] [8Pm9H#9] Yoda: became mortal (standard mode)
[12:02:30 AM] [8Pm9H#9] Yoda: summoned player [#11] Kristen 
[12:02:31 AM] [8Pm9H#11] Kristen: became mortal (standard mode)
[12:03:08 AM] [8Pm9H#9] Yoda: said "/-take-mdt-alert"
[12:03:11 AM] [8Pm9H#11] Kristen: teleported to player [#13] Tom From Myspace (x=-288.804, y=566.993, z=173.818)
[12:03:15 AM] [8Pm9H#13] Tom From Myspace: said "//ex"
[12:03:17 AM] [8Pm9H#9] Yoda: teleported to player [#13] Tom From Myspace (x=-288.409, y=567.165, z=173.818)
[12:03:18 AM] [8Pm9H#13] Tom From Myspace: said "/help"
[12:03:27 AM] [8Pm9H#11] Kristen: enabled noclip
[12:03:38 AM] [8Pm9H#13] Tom From Myspace: disconnected (Exiting)
[12:04:03 AM] [8Pm9H#9] Yoda: disconnected (Exiting)
[12:04:05 AM] [8Pm9H#11] Kristen: became mortal (standard mode)
[12:04:22 AM] [8Pm9H#11] Kristen: disconnected (Exiting)

================================================================
======== txAdmin Starting - 9/25/2024, 9:32:27 AM               
================================================================
[9:32:47 AM] txAdmin: Logger started
