
================================================================
======== txAdmin Starting - 9/20/2024, 9:48:19 AM               
================================================================

================================================================
======== txAdmin Starting - 9/20/2024, 9:48:30 AM               
================================================================
[9:50:50 AM] txAdmin: Logger started
[10:05:02 AM] txAdmin: Logger started
[10:05:19 AM] txAdmin: Logger started
[10:06:02 AM] txAdmin: Logger started
[10:09:42 AM] txAdmin: Logger started
[10:10:15 AM] txAdmin: Logger started
[10:11:09 AM] txAdmin: Logger started
[10:17:02 AM] txAdmin: Logger started
[10:18:45 AM] txAdmin: Logger started
[10:23:07 AM] txAdmin: Logger started
[10:23:51 AM] txAdmin: Logger started
[10:25:07 AM] txAdmin: Logger started

================================================================
======== txAdmin Starting - 9/20/2024, 10:26:15 AM              
================================================================
[10:26:27 AM] txAdmin: Logger started

================================================================
======== txAdmin Starting - 9/20/2024, 10:27:54 AM              
================================================================
[10:27:57 AM] txAdmin: Logger started

================================================================
======== txAdmin Starting - 9/20/2024, 10:28:09 AM              
================================================================
[10:28:21 AM] txAdmin: Logger started
[10:41:31 AM] txAdmin: Logger started
[10:42:01 AM] txAdmin: Logger started
[10:42:31 AM] txAdmin: Logger started
[10:45:29 AM] txAdmin: Logger started
[10:47:07 AM] txAdmin: Logger started
[10:47:56 AM] txAdmin: Logger started
[10:49:07 AM] txAdmin: Logger started
[11:36:42 AM] txAdmin: Logger started
[11:37:42 AM] [KGQaW#1] miximus: joined with identifiers [license:91a41cf7de884e4d192a4e8076defd841e6409d5; discord:400761183931727873; fivem:860268; license2:eb6a9cd650a059197d8887ce53cf572e22c0b401]
[11:38:42 AM] [KGQaW#1] miximus: disconnected (Exiting)
[11:39:10 AM] [KGQaW#2] miximus: joined with identifiers [license:91a41cf7de884e4d192a4e8076defd841e6409d5; discord:400761183931727873; fivem:860268; license2:eb6a9cd650a059197d8887ce53cf572e22c0b401]
[11:40:18 AM] [KGQaW#2] miximus: disconnected (Exiting)
[11:41:20 AM] [KGQaW#3] miximus: joined with identifiers [license:91a41cf7de884e4d192a4e8076defd841e6409d5; discord:400761183931727873; fivem:860268; license2:eb6a9cd650a059197d8887ce53cf572e22c0b401]
[11:42:07 AM] [KGQaW#3] miximus: disconnected (Exiting)

================================================================
======== txAdmin Starting - 9/20/2024, 11:42:30 AM              
================================================================
[11:42:43 AM] txAdmin: Logger started
[11:43:43 AM] [Cekti#1] miximus: joined with identifiers [license:91a41cf7de884e4d192a4e8076defd841e6409d5; discord:400761183931727873; fivem:860268; license2:eb6a9cd650a059197d8887ce53cf572e22c0b401]
[11:45:29 AM] [Cekti#1] miximus: disconnected (Exiting)

================================================================
======== txAdmin Starting - 9/20/2024, 11:45:43 AM              
================================================================
[11:45:46 AM] txAdmin: Logger started
[11:45:57 AM] [tyfw6#1] miximus: joined with identifiers [license:91a41cf7de884e4d192a4e8076defd841e6409d5; discord:400761183931727873; fivem:860268; license2:eb6a9cd650a059197d8887ce53cf572e22c0b401]
[11:47:59 AM] [tyfw6#1] miximus: disconnected (Exiting)
[11:59:59 AM] txAdmin: Logger started
[12:03:07 PM] txAdmin: Logger started
[12:04:37 PM] txAdmin: Logger started
[12:36:16 PM] txAdmin: Logger started
[12:51:58 PM] txAdmin: Logger started
[1:03:48 PM] txAdmin: Logger started
[1:05:57 PM] [gRL7m#1] miximus: joined with identifiers [license:91a41cf7de884e4d192a4e8076defd841e6409d5; discord:400761183931727873; fivem:860268; license2:eb6a9cd650a059197d8887ce53cf572e22c0b401]
[1:07:03 PM] [gRL7m#1] miximus: said "/skin "
[1:07:44 PM] [gRL7m#1] miximus: said "/skin"
[1:07:48 PM] [gRL7m#1] miximus: said "/skin"
[1:08:49 PM] [gRL7m#1] miximus: enabled noclip
[1:08:57 PM] [gRL7m#1] miximus: became mortal (standard mode)
[1:13:01 PM] [gRL7m#1] miximus: disconnected ([txAdmin] Server restarting (requested by ThePixelNetwork).)
[1:13:11 PM] txAdmin: Logger started
[1:13:41 PM] txAdmin: Logger started
[1:14:48 PM] txAdmin: Logger started
[1:17:38 PM] txAdmin: Logger started
[1:19:36 PM] [xKc3U#1] miximus: joined with identifiers [license:91a41cf7de884e4d192a4e8076defd841e6409d5; discord:400761183931727873; fivem:860268; license2:eb6a9cd650a059197d8887ce53cf572e22c0b401]
[1:22:20 PM] [xKc3U#1] miximus: said "/skin menu 1"
[1:23:06 PM] [xKc3U#1] miximus: disconnected (Server shutting down: SIGHUP received)

================================================================
======== txAdmin Starting - 9/20/2024, 1:24:36 PM               
================================================================
[1:24:40 PM] txAdmin: Logger started
[1:26:07 PM] [7hWDW#1] miximus: joined with identifiers [license:91a41cf7de884e4d192a4e8076defd841e6409d5; discord:400761183931727873; fivem:860268; license2:eb6a9cd650a059197d8887ce53cf572e22c0b401]
[1:31:12 PM] [7hWDW#1] miximus: disconnected (Exiting)
[2:34:58 PM] txAdmin: Logger started
[2:35:20 PM] txAdmin: Logger started
[2:36:42 PM] txAdmin: Logger started
[2:40:51 PM] txAdmin: Logger started
[2:42:50 PM] txAdmin: Logger started
[3:07:24 PM] [wyqYR#1] Kristen: joined with identifiers [license:6a0ab2401f6fc64c1b7a92ba0aa8faa55a4ce1f2; xbl:2535458523080240; live:1899947313095719; discord:502592324279468032; fivem:14269877; license2:6a0ab2401f6fc64c1b7a92ba0aa8faa55a4ce1f2]
[3:10:30 PM] [wyqYR#1] Kristen: teleported to a waypoint
[3:11:55 PM] [wyqYR#1] Kristen: enabled noclip
[3:12:00 PM] [wyqYR#1] Kristen: became mortal (standard mode)
[3:12:03 PM] [wyqYR#1] Kristen: enabled noclip
[3:12:07 PM] [wyqYR#1] Kristen: became mortal (standard mode)
[3:12:27 PM] [wyqYR#1] Kristen: enabled noclip
[3:12:33 PM] [wyqYR#1] Kristen: became mortal (standard mode)
[3:13:00 PM] [wyqYR#1] Kristen: said "/glasses"
[3:13:03 PM] [wyqYR#1] Kristen: enabled noclip
[3:13:06 PM] [wyqYR#1] Kristen: became mortal (standard mode)
[3:19:31 PM] [wyqYR#1] Kristen: enabled noclip
[3:19:35 PM] [wyqYR#1] Kristen: became mortal (standard mode)
[3:33:36 PM] [wyqYR#1] Kristen: teleported to coordinates (x=1320.040, y=1870.260, z=90.830)
[3:36:27 PM] [wyqYR#1] Kristen: teleported to coordinates (x=817.460, y=-3192.840, z=5.900)
[3:38:33 PM] [wyqYR#1] Kristen: teleported to coordinates (x=1066.400, y=-3183.410, z=-39.160)
[3:42:19 PM] [wyqYR#1] Kristen: enabled noclip
[3:42:37 PM] [wyqYR#1] Kristen: became mortal (standard mode)
[3:43:53 PM] [wyqYR#1] Kristen: enabled noclip
[3:44:00 PM] [wyqYR#1] Kristen: became mortal (standard mode)
[3:44:44 PM] [wyqYR#1] Kristen: teleported to coordinates (x=-62.800, y=-1214.140, z=28.000)
[3:45:06 PM] [wyqYR#1] Kristen: enabled noclip
[3:45:22 PM] [wyqYR#1] Kristen: became mortal (standard mode)
[3:45:58 PM] [wyqYR#1] Kristen: enabled noclip
[3:46:18 PM] [wyqYR#1] Kristen: became mortal (standard mode)
[3:47:09 PM] [wyqYR#1] Kristen: teleported to a waypoint
[3:47:34 PM] [wyqYR#1] Kristen: teleported to a waypoint
[3:48:08 PM] [wyqYR#1] Kristen: teleported to a waypoint
[3:48:30 PM] [wyqYR#1] Kristen: teleported to a waypoint
[3:49:29 PM] [wyqYR#1] Kristen: teleported to coordinates (x=817.460, y=-3192.840, z=5.900)
[3:50:51 PM] [wyqYR#1] Kristen: teleported to coordinates (x=996.810, y=-3200.640, z=-36.390)
[4:01:02 PM] [wyqYR#1] Kristen: enabled noclip
[4:01:06 PM] [wyqYR#1] Kristen: became mortal (standard mode)
[4:01:19 PM] [wyqYR#1] Kristen: teleported to a waypoint
[4:06:28 PM] [wyqYR#1] Kristen: enabled noclip
[4:06:29 PM] [wyqYR#1] Kristen: became mortal (standard mode)
[4:06:30 PM] [wyqYR#1] Kristen: enabled noclip
[4:06:34 PM] [wyqYR#1] Kristen: became mortal (standard mode)
[4:07:16 PM] [wyqYR#1] Kristen: enabled noclip
[4:07:17 PM] [wyqYR#1] Kristen: became mortal (standard mode)
[4:08:08 PM] [wyqYR#1] Kristen: said "/seat2"
[4:08:51 PM] [wyqYR#1] Kristen: said "/ev"
[4:09:02 PM] [wyqYR#1] Kristen: said "tx"
[4:09:07 PM] [wyqYR#1] Kristen: deleted a vehicle
[4:09:17 PM] [wyqYR#1] Kristen: enabled noclip
[4:09:20 PM] [wyqYR#1] Kristen: became mortal (standard mode)
[4:10:47 PM] [wyqYR#1] Kristen: teleported to coordinates (x=581.660, y=-2728.680, z=6.060)
[4:12:14 PM] [wyqYR#1] Kristen: teleported to coordinates (x=1216.200, y=-2990.940, z=5.680)
[4:12:40 PM] [wyqYR#1] Kristen: teleported to a waypoint
[4:12:48 PM] [wyqYR#1] Kristen: disconnected (Exiting)
[4:13:49 PM] [wyqYR#2] Kristen: joined with identifiers [license:6a0ab2401f6fc64c1b7a92ba0aa8faa55a4ce1f2; xbl:2535458523080240; live:1899947313095719; discord:502592324279468032; fivem:14269877; license2:6a0ab2401f6fc64c1b7a92ba0aa8faa55a4ce1f2]
[4:24:12 PM] [wyqYR#2] Kristen: enabled noclip
[4:24:35 PM] [wyqYR#2] Kristen: became mortal (standard mode)
[4:32:25 PM] [wyqYR#2] Kristen: teleported to a waypoint
[4:33:00 PM] [wyqYR#2] Kristen: enabled noclip
[4:33:22 PM] [wyqYR#2] Kristen: became mortal (standard mode)
[4:34:30 PM] [wyqYR#2] Kristen: teleported to coordinates (x=1216.200, y=-2990.940, z=5.680)
[4:38:06 PM] [wyqYR#2] Kristen: enabled noclip
[4:38:13 PM] [wyqYR#2] Kristen: became mortal (standard mode)
[4:38:37 PM] [wyqYR#2] Kristen: teleported to coordinates (x=601.460, y=-454.800, z=24.560)
[4:39:07 PM] [wyqYR#2] Kristen: enabled noclip
[4:39:24 PM] [wyqYR#2] Kristen: became mortal (standard mode)
[4:39:52 PM] [wyqYR#2] Kristen: enabled noclip
[4:39:54 PM] [wyqYR#2] Kristen: became mortal (standard mode)
[4:39:58 PM] [wyqYR#2] Kristen: deleted a vehicle
[4:40:03 PM] [wyqYR#2] Kristen: said "/carry"
[4:40:07 PM] [wyqYR#2] Kristen: disconnected (Exiting)
[4:40:34 PM] txAdmin: Logger started
[4:41:43 PM] [pXN4f#1] Kristen: joined with identifiers [license:6a0ab2401f6fc64c1b7a92ba0aa8faa55a4ce1f2; xbl:2535458523080240; live:1899947313095719; discord:502592324279468032; fivem:14269877; license2:6a0ab2401f6fc64c1b7a92ba0aa8faa55a4ce1f2]
[4:45:53 PM] [pXN4f#1] Kristen: teleported to coordinates (x=16.340, y=6875.940, z=12.640)
[4:47:09 PM] [pXN4f#1] Kristen: teleported to coordinates (x=1088.660, y=-3187.550, z=-38.990)
[4:51:46 PM] [pXN4f#1] Kristen: teleported to a waypoint
[4:53:18 PM] [pXN4f#1] Kristen: teleported to coordinates (x=996.810, y=-3200.640, z=-36.390)
[4:55:40 PM] [pXN4f#1] Kristen: enabled noclip
[4:55:44 PM] [pXN4f#1] Kristen: became mortal (standard mode)
[4:55:58 PM] [pXN4f#1] Kristen: teleported to a waypoint
[4:56:33 PM] [pXN4f#1] Kristen: teleported to a waypoint
[4:56:50 PM] [pXN4f#1] Kristen: teleported to a waypoint
[4:59:32 PM] [pXN4f#1] Kristen: teleported to a waypoint
[4:59:40 PM] [pXN4f#1] Kristen: enabled noclip
[4:59:53 PM] [pXN4f#1] Kristen: became mortal (standard mode)
[4:59:54 PM] [pXN4f#1] Kristen: enabled noclip
[4:59:55 PM] [pXN4f#1] Kristen: became mortal (standard mode)
[5:01:00 PM] [pXN4f#1] Kristen: enabled noclip
[5:01:01 PM] [pXN4f#1] Kristen: became mortal (standard mode)
[5:01:15 PM] [pXN4f#1] Kristen: enabled noclip
[5:01:16 PM] [pXN4f#1] Kristen: became mortal (standard mode)
[5:01:20 PM] [pXN4f#1] Kristen: enabled noclip
[5:01:21 PM] [pXN4f#1] Kristen: became mortal (standard mode)
[5:01:33 PM] [pXN4f#1] Kristen: enabled noclip
[5:01:35 PM] [pXN4f#1] Kristen: became mortal (standard mode)
[5:04:04 PM] [pXN4f#1] Kristen: enabled noclip
[5:04:09 PM] [pXN4f#1] Kristen: became mortal (standard mode)
[5:04:45 PM] [pXN4f#1] Kristen: enabled noclip
[5:04:51 PM] [pXN4f#1] Kristen: became mortal (standard mode)
[5:06:16 PM] [pXN4f#1] Kristen: enabled noclip
[5:06:27 PM] [pXN4f#1] Kristen: became mortal (standard mode)
[5:07:14 PM] [pXN4f#1] Kristen: teleported to coordinates (x=308.580, y=-595.310, z=43.280)
[5:09:59 PM] [pXN4f#1] Kristen: disconnected ([txAdmin] Server restarting (requested by ThePixelNetwork).)
[5:10:09 PM] txAdmin: Logger started
[5:11:10 PM] [XTaTQ#1] Kristen: joined with identifiers [license:6a0ab2401f6fc64c1b7a92ba0aa8faa55a4ce1f2; xbl:2535458523080240; live:1899947313095719; discord:502592324279468032; fivem:14269877; license2:6a0ab2401f6fc64c1b7a92ba0aa8faa55a4ce1f2]
[5:12:21 PM] [XTaTQ#1] Kristen: teleported to a waypoint
[5:12:29 PM] [XTaTQ#1] Kristen: enabled noclip
[5:12:33 PM] [XTaTQ#1] Kristen: became mortal (standard mode)
[5:13:18 PM] [XTaTQ#1] Kristen: teleported to coordinates (x=308.580, y=-595.310, z=43.280)
[5:13:45 PM] [XTaTQ#1] Kristen: disconnected ([txAdmin] Server restarting (requested by ThePixelNetwork).)
[5:13:55 PM] txAdmin: Logger started
[5:14:48 PM] [tAbT8#1] Kristen: joined with identifiers [license:6a0ab2401f6fc64c1b7a92ba0aa8faa55a4ce1f2; xbl:2535458523080240; live:1899947313095719; discord:502592324279468032; fivem:14269877; license2:6a0ab2401f6fc64c1b7a92ba0aa8faa55a4ce1f2]
[5:16:10 PM] [tAbT8#1] Kristen: teleported to a waypoint
[5:16:20 PM] [tAbT8#1] Kristen: enabled noclip
[5:16:27 PM] [tAbT8#1] Kristen: became mortal (standard mode)
[5:16:55 PM] [tAbT8#1] Kristen: teleported to coordinates (x=335.590, y=-594.330, z=43.210)
[5:18:50 PM] [tAbT8#1] Kristen: disconnected (Game crashed: GTA5_b3095.exe!sub_1416344A4 (0x139))
[5:19:07 PM] txAdmin: Logger started
[5:19:32 PM] [9r7N7#1] Kristen: joined with identifiers [license:6a0ab2401f6fc64c1b7a92ba0aa8faa55a4ce1f2; xbl:2535458523080240; live:1899947313095719; discord:502592324279468032; fivem:14269877; license2:6a0ab2401f6fc64c1b7a92ba0aa8faa55a4ce1f2]
[5:20:37 PM] [9r7N7#1] Kristen: teleported to coordinates (x=308.580, y=-595.310, z=43.280)
[5:24:04 PM] [9r7N7#1] Kristen: teleported to coordinates (x=308.580, y=-595.310, z=43.280)
[5:24:23 PM] [9r7N7#1] Kristen: enabled noclip
[5:24:36 PM] [9r7N7#1] Kristen: became mortal (standard mode)
[5:26:33 PM] [9r7N7#1] Kristen: disconnected ([txAdmin] Server restarting (requested by ThePixelNetwork).)
[5:26:43 PM] txAdmin: Logger started
[5:27:28 PM] [Rz9mY#1] Kristen: joined with identifiers [license:6a0ab2401f6fc64c1b7a92ba0aa8faa55a4ce1f2; xbl:2535458523080240; live:1899947313095719; discord:502592324279468032; fivem:14269877; license2:6a0ab2401f6fc64c1b7a92ba0aa8faa55a4ce1f2]
[5:28:20 PM] [Rz9mY#1] Kristen: enabled noclip
[5:28:30 PM] [Rz9mY#1] Kristen: became mortal (standard mode)
[5:30:04 PM] [Rz9mY#1] Kristen: disconnected (Game crashed: GTA5_b3095.exe!sub_140955A14 (0xda))
[5:30:33 PM] txAdmin: Logger started
[5:30:54 PM] [tK4CA#1] Kristen: joined with identifiers [license:6a0ab2401f6fc64c1b7a92ba0aa8faa55a4ce1f2; xbl:2535458523080240; live:1899947313095719; discord:502592324279468032; fivem:14269877; license2:6a0ab2401f6fc64c1b7a92ba0aa8faa55a4ce1f2]
[5:32:15 PM] [tK4CA#1] Kristen: teleported to coordinates (x=309.840, y=-563.040, z=43.390)
[5:32:32 PM] [tK4CA#1] Kristen: teleported to coordinates (x=308.580, y=-595.310, z=43.280)
[5:32:57 PM] [tK4CA#1] Kristen: disconnected ([txAdmin] Server restarting (requested by ThePixelNetwork).)
[5:33:07 PM] txAdmin: Logger started
[5:33:48 PM] [MiRLe#1] Kristen: joined with identifiers [license:6a0ab2401f6fc64c1b7a92ba0aa8faa55a4ce1f2; xbl:2535458523080240; live:1899947313095719; discord:502592324279468032; fivem:14269877; license2:6a0ab2401f6fc64c1b7a92ba0aa8faa55a4ce1f2]
[5:34:55 PM] [MiRLe#1] Kristen: enabled noclip
[5:34:59 PM] [MiRLe#1] Kristen: became mortal (standard mode)
[5:36:27 PM] [MiRLe#1] Kristen: teleported to a waypoint
[5:37:19 PM] [MiRLe#1] Kristen: teleported to a waypoint
[5:37:23 PM] [MiRLe#1] Kristen: enabled noclip
[5:37:25 PM] [MiRLe#1] Kristen: became mortal (standard mode)
[5:38:33 PM] [MiRLe#1] Kristen: teleported to a waypoint
[5:43:46 PM] [MiRLe#1] Kristen: disconnected (Exiting)
[5:44:20 PM] [MiRLe#2] Kristen: joined with identifiers [license:6a0ab2401f6fc64c1b7a92ba0aa8faa55a4ce1f2; xbl:2535458523080240; live:1899947313095719; discord:502592324279468032; fivem:14269877; license2:6a0ab2401f6fc64c1b7a92ba0aa8faa55a4ce1f2]
[5:45:44 PM] [MiRLe#2] Kristen: teleported to a waypoint
[5:45:47 PM] [MiRLe#2] Kristen: enabled noclip
[5:45:50 PM] [MiRLe#2] Kristen: became mortal (standard mode)
[5:46:06 PM] [MiRLe#2] Kristen: teleported to a waypoint
[5:46:16 PM] [MiRLe#2] Kristen: teleported to a waypoint
[5:54:11 PM] [MiRLe#2] Kristen: enabled noclip
[5:54:51 PM] [MiRLe#2] Kristen: became mortal (standard mode)
[5:55:10 PM] [MiRLe#2] Kristen: disconnected (Exiting)
[5:55:40 PM] [MiRLe#3] Kristen: joined with identifiers [license:6a0ab2401f6fc64c1b7a92ba0aa8faa55a4ce1f2; xbl:2535458523080240; live:1899947313095719; discord:502592324279468032; fivem:14269877; license2:6a0ab2401f6fc64c1b7a92ba0aa8faa55a4ce1f2]
[5:57:05 PM] [MiRLe#3] Kristen: teleported to a waypoint
[5:57:08 PM] [MiRLe#3] Kristen: enabled noclip
[5:57:09 PM] [MiRLe#3] Kristen: became mortal (standard mode)
[5:58:48 PM] [MiRLe#3] Kristen: enabled noclip
[5:59:09 PM] [MiRLe#3] Kristen: became mortal (standard mode)
[5:59:11 PM] [MiRLe#3] Kristen: enabled noclip
[5:59:14 PM] [MiRLe#3] Kristen: became mortal (standard mode)
[5:59:40 PM] [MiRLe#3] Kristen: teleported to a waypoint
[6:01:16 PM] [MiRLe#3] Kristen: teleported to a waypoint
[6:01:19 PM] [MiRLe#3] Kristen: enabled noclip
[6:01:26 PM] [MiRLe#3] Kristen: became mortal (standard mode)
[6:02:18 PM] [MiRLe#3] Kristen: teleported to a waypoint
[6:02:34 PM] [MiRLe#3] Kristen: teleported to a waypoint
[6:02:39 PM] [MiRLe#3] Kristen: enabled noclip
[6:02:43 PM] [MiRLe#3] Kristen: became mortal (standard mode)
[6:03:28 PM] [MiRLe#3] Kristen: enabled noclip
[6:03:47 PM] [MiRLe#3] Kristen: became mortal (standard mode)
[6:06:23 PM] [MiRLe#3] Kristen: teleported to a waypoint
[6:06:26 PM] [MiRLe#3] Kristen: enabled noclip
[6:06:30 PM] [MiRLe#3] Kristen: became mortal (standard mode)
[6:06:55 PM] [MiRLe#3] Kristen: enabled noclip
[6:07:02 PM] [MiRLe#3] Kristen: became mortal (standard mode)
[6:08:03 PM] [MiRLe#3] Kristen: enabled noclip
[6:08:05 PM] [MiRLe#3] Kristen: became mortal (standard mode)
[6:18:18 PM] [MiRLe#3] Kristen: enabled noclip
[6:18:21 PM] [MiRLe#3] Kristen: became mortal (standard mode)
[6:18:23 PM] [MiRLe#3] Kristen: enabled noclip
[6:18:24 PM] [MiRLe#3] Kristen: became mortal (standard mode)
[6:18:32 PM] [MiRLe#3] Kristen: enabled noclip
[6:18:33 PM] [MiRLe#3] Kristen: became mortal (standard mode)
[6:18:52 PM] [MiRLe#3] Kristen: enabled noclip
[6:18:57 PM] [MiRLe#3] Kristen: became mortal (standard mode)
[6:23:27 PM] [MiRLe#3] Kristen: enabled noclip
[6:23:31 PM] [MiRLe#3] Kristen: became mortal (standard mode)
[6:24:11 PM] [MiRLe#3] Kristen: enabled noclip
[6:24:14 PM] [MiRLe#3] Kristen: became mortal (standard mode)
[6:24:19 PM] [MiRLe#3] Kristen: enabled noclip
[6:24:21 PM] [MiRLe#3] Kristen: became mortal (standard mode)
[6:24:25 PM] [MiRLe#3] Kristen: enabled noclip
[6:24:26 PM] [MiRLe#3] Kristen: became mortal (standard mode)
[6:25:28 PM] [MiRLe#3] Kristen: enabled noclip
[6:25:30 PM] [MiRLe#3] Kristen: became mortal (standard mode)
[6:25:35 PM] [MiRLe#3] Kristen: enabled noclip
[6:25:37 PM] [MiRLe#3] Kristen: became mortal (standard mode)
[6:26:06 PM] [MiRLe#3] Kristen: teleported to coordinates (x=-488.770, y=5341.810, z=84.010)
[6:26:08 PM] [MiRLe#3] Kristen: enabled noclip
[6:26:11 PM] [MiRLe#3] Kristen: became mortal (standard mode)
[6:26:23 PM] [MiRLe#3] Kristen: teleported to coordinates (x=-478.600, y=5320.780, z=84.090)
[6:26:28 PM] [MiRLe#3] Kristen: enabled noclip
[6:26:30 PM] [MiRLe#3] Kristen: became mortal (standard mode)
[6:26:36 PM] [MiRLe#3] Kristen: enabled noclip
[6:26:40 PM] [MiRLe#3] Kristen: became mortal (standard mode)
[6:27:02 PM] [MiRLe#4] The Skyler Grey: joined with identifiers [license:90e51f8951faa9028d00872f7aa8309764b600c0; xbl:2533275010691141; live:1688853690263268; discord:749127476055113799; fivem:4959690; license2:90e51f8951faa9028d00872f7aa8309764b600c0]
[6:27:31 PM] [MiRLe#3] Kristen: enabled noclip
[6:27:34 PM] [MiRLe#3] Kristen: became mortal (standard mode)
[6:27:39 PM] [MiRLe#3] Kristen: enabled noclip
[6:27:51 PM] [MiRLe#3] Kristen: became mortal (standard mode)
[6:29:04 PM] [MiRLe#3] Kristen: enabled noclip
[6:29:06 PM] [MiRLe#3] Kristen: became mortal (standard mode)
[6:30:37 PM] [MiRLe#3] Kristen: said "/tc"
[6:30:42 PM] [MiRLe#3] Kristen: teleported to a waypoint
[6:30:53 PM] [MiRLe#3] Kristen: enabled noclip
[6:31:00 PM] [MiRLe#3] Kristen: became mortal (standard mode)
[6:31:02 PM] [MiRLe#3] Kristen: said "/t"
[6:31:04 PM] [MiRLe#3] Kristen: teleported to a waypoint
[6:31:19 PM] [MiRLe#3] Kristen: teleported to a waypoint
[6:32:00 PM] [MiRLe#3] Kristen: teleported to a waypoint
[6:33:26 PM] [MiRLe#3] Kristen: enabled noclip
[6:33:38 PM] [MiRLe#3] Kristen: became mortal (standard mode)
[6:33:50 PM] [MiRLe#3] Kristen: enabled noclip
[6:33:56 PM] [MiRLe#3] Kristen: became mortal (standard mode)
[6:33:57 PM] [MiRLe#3] Kristen: enabled noclip
[6:34:05 PM] [MiRLe#3] Kristen: became mortal (standard mode)
[6:36:25 PM] [MiRLe#3] Kristen: teleported to coordinates (x=1815.498, y=-2954.997, z=-45.557)
[6:40:20 PM] [MiRLe#3] Kristen: enabled noclip
[6:40:23 PM] [MiRLe#3] Kristen: became mortal (standard mode)
[6:41:19 PM] [MiRLe#3] Kristen: teleported to coordinates (x=1864.005, y=-2943.363, z=-45.156)
[6:41:45 PM] [MiRLe#3] Kristen: enabled noclip
[6:41:48 PM] [MiRLe#3] Kristen: became mortal (standard mode)
[6:42:15 PM] [MiRLe#3] Kristen: enabled noclip
[6:42:19 PM] [MiRLe#3] Kristen: became mortal (standard mode)
[6:42:26 PM] [MiRLe#3] Kristen: enabled noclip
[6:42:48 PM] [MiRLe#3] Kristen: became mortal (standard mode)
[6:43:01 PM] [MiRLe#3] Kristen: enabled noclip
[6:44:21 PM] [MiRLe#3] Kristen: became mortal (standard mode)
[6:44:23 PM] [MiRLe#3] Kristen: enabled noclip
[6:44:44 PM] [MiRLe#3] Kristen: became mortal (standard mode)
[6:44:45 PM] [MiRLe#3] Kristen: enabled noclip
[6:44:50 PM] [MiRLe#3] Kristen: became mortal (standard mode)
[6:44:51 PM] [MiRLe#3] Kristen: enabled noclip
[6:45:09 PM] [MiRLe#3] Kristen: became mortal (standard mode)
[6:45:13 PM] [MiRLe#3] Kristen: enabled noclip
[6:45:16 PM] [MiRLe#3] Kristen: became mortal (standard mode)
[6:45:22 PM] [MiRLe#3] Kristen: disconnected (Exiting)
[6:46:19 PM] [MiRLe#5] Kristen: joined with identifiers [license:6a0ab2401f6fc64c1b7a92ba0aa8faa55a4ce1f2; xbl:2535458523080240; live:1899947313095719; discord:502592324279468032; fivem:14269877; license2:6a0ab2401f6fc64c1b7a92ba0aa8faa55a4ce1f2]
[6:48:15 PM] [MiRLe#5] Kristen: enabled noclip
[6:48:52 PM] [MiRLe#6] Owner: joined with identifiers [license:f31dc2072b795f10e5aedf022c342b03364f5e66; xbl:2533274973664660; live:325692942744681; discord:673626335939264524; fivem:14746238; license2:a1230fc5a3b2441b5e93cffaf9f00661511ee807]
[6:50:05 PM] [MiRLe#5] Kristen: became mortal (standard mode)
[6:50:30 PM] [MiRLe#5] Kristen: enabled noclip
[6:50:57 PM] [MiRLe#5] Kristen: became mortal (standard mode)
[6:51:04 PM] [MiRLe#5] Kristen: enabled noclip
[6:51:23 PM] [MiRLe#5] Kristen: became mortal (standard mode)
[6:51:34 PM] [MiRLe#5] Kristen: enabled noclip
[6:51:41 PM] [MiRLe#5] Kristen: became mortal (standard mode)
[6:52:08 PM] [MiRLe#4] The Skyler Grey: disconnected ([txAdmin] Server restarting (requested by ThePixelNetwork).)
[6:52:08 PM] [MiRLe#5] Kristen: disconnected ([txAdmin] Server restarting (requested by ThePixelNetwork).)
[6:52:08 PM] [MiRLe#6] Owner: disconnected ([txAdmin] Server restarting (requested by ThePixelNetwork).)
[6:52:18 PM] txAdmin: Logger started
[6:53:10 PM] [KB9z9#1] Kristen: joined with identifiers [license:6a0ab2401f6fc64c1b7a92ba0aa8faa55a4ce1f2; xbl:2535458523080240; live:1899947313095719; discord:502592324279468032; fivem:14269877; license2:6a0ab2401f6fc64c1b7a92ba0aa8faa55a4ce1f2]
[6:54:25 PM] [KB9z9#1] Kristen: enabled noclip
[6:55:02 PM] [KB9z9#1] Kristen: became mortal (standard mode)
[6:58:42 PM] [KB9z9#1] Kristen: teleported to a waypoint
[6:58:46 PM] [KB9z9#1] Kristen: enabled noclip
[6:58:53 PM] [KB9z9#1] Kristen: became mortal (standard mode)
[6:59:06 PM] [KB9z9#1] Kristen: enabled noclip
[6:59:24 PM] [KB9z9#1] Kristen: became mortal (standard mode)
[7:01:28 PM] [KB9z9#1] Kristen: teleported to a waypoint
[7:01:32 PM] [KB9z9#1] Kristen: enabled noclip
[7:01:39 PM] [KB9z9#1] Kristen: became mortal (standard mode)
[7:02:04 PM] [KB9z9#1] Kristen: enabled noclip
[7:02:15 PM] [KB9z9#1] Kristen: became mortal (standard mode)
[7:06:57 PM] [KB9z9#1] Kristen: teleported to a waypoint
[7:07:48 PM] [KB9z9#1] Kristen: teleported to a waypoint
[7:08:16 PM] [KB9z9#2] Yoda: joined with identifiers [license:f31dc2072b795f10e5aedf022c342b03364f5e66; xbl:2533274973664660; live:325692942744681; discord:673626335939264524; fivem:14746238; license2:a1230fc5a3b2441b5e93cffaf9f00661511ee807]
[7:09:17 PM] [KB9z9#1] Kristen: teleported to a waypoint
[7:10:42 PM] [KB9z9#2] Yoda: disconnected (Disconnected.)
[7:11:20 PM] [KB9z9#3] Yoda: joined with identifiers [license:f31dc2072b795f10e5aedf022c342b03364f5e66; xbl:2533274973664660; live:325692942744681; discord:673626335939264524; fivem:14746238; license2:a1230fc5a3b2441b5e93cffaf9f00661511ee807]
[7:14:43 PM] [KB9z9#1] Kristen: teleported to a waypoint
[7:14:46 PM] [KB9z9#1] Kristen: enabled noclip
[7:14:48 PM] [KB9z9#1] Kristen: became mortal (standard mode)
[7:14:52 PM] [KB9z9#1] Kristen: enabled noclip
[7:15:13 PM] [KB9z9#3] Yoda: disconnected (Exiting)
[7:15:19 PM] [KB9z9#1] Kristen: became mortal (standard mode)
[7:18:53 PM] [KB9z9#4] Yoda: joined with identifiers [license:f31dc2072b795f10e5aedf022c342b03364f5e66; xbl:2533274973664660; live:325692942744681; discord:673626335939264524; fivem:14746238; license2:a1230fc5a3b2441b5e93cffaf9f00661511ee807]
[7:19:31 PM] [KB9z9#1] Kristen: teleported to player [#4] Yoda (x=-284.347, y=562.589, z=173.818)
[7:21:34 PM] [KB9z9#1] Kristen: summoned player [#4] Yoda
[7:21:42 PM] [KB9z9#1] Kristen: enabled noclip
[7:21:44 PM] [KB9z9#1] Kristen: became mortal (standard mode)
[7:21:49 PM] [KB9z9#1] Kristen: summoned player [#4] Yoda
[7:22:42 PM] [KB9z9#1] Kristen: disconnected (Exiting)
[7:26:12 PM] [KB9z9#4] Yoda: disconnected ([txAdmin] Server restarting (requested by ThePixelNetwork).)
[7:26:22 PM] txAdmin: Logger started
[7:28:59 PM] [Ywfph#1] Yoda: joined with identifiers [license:f31dc2072b795f10e5aedf022c342b03364f5e66; xbl:2533274973664660; live:325692942744681; discord:673626335939264524; fivem:14746238; license2:a1230fc5a3b2441b5e93cffaf9f00661511ee807]
[7:35:24 PM] [Ywfph#1] Yoda: disconnected (Disconnected.)
[7:36:03 PM] [Ywfph#2] Yoda: joined with identifiers [license:f31dc2072b795f10e5aedf022c342b03364f5e66; xbl:2533274973664660; live:325692942744681; discord:673626335939264524; fivem:14746238; license2:a1230fc5a3b2441b5e93cffaf9f00661511ee807]
[7:39:23 PM] [Ywfph#2] Yoda: disconnected (Exiting)
[7:48:49 PM] [Ywfph#3] Kristen: joined with identifiers [license:6a0ab2401f6fc64c1b7a92ba0aa8faa55a4ce1f2; xbl:2535458523080240; live:1899947313095719; discord:502592324279468032; fivem:14269877; license2:6a0ab2401f6fc64c1b7a92ba0aa8faa55a4ce1f2]
[7:50:11 PM] [Ywfph#3] Kristen: enabled noclip
[7:50:17 PM] [Ywfph#3] Kristen: became mortal (standard mode)
[7:50:24 PM] [Ywfph#3] Kristen: spawned a vehicle (model: ambulance)
[7:50:57 PM] [Ywfph#3] Kristen: deleted a vehicle
[7:51:39 PM] [Ywfph#3] Kristen: said "tx"
[7:51:42 PM] [Ywfph#3] Kristen: teleported to a waypoint
[7:53:10 PM] [Ywfph#3] Kristen: enabled noclip
[7:54:03 PM] [Ywfph#3] Kristen: became mortal (standard mode)
[7:54:14 PM] [Ywfph#3] Kristen: enabled noclip
[7:54:15 PM] [Ywfph#3] Kristen: became mortal (standard mode)
[7:54:44 PM] [Ywfph#3] Kristen: enabled noclip
[7:54:55 PM] [Ywfph#3] Kristen: became mortal (standard mode)
[7:55:19 PM] [Ywfph#3] Kristen: enabled noclip
[7:55:38 PM] [Ywfph#3] Kristen: became mortal (standard mode)
[7:55:40 PM] [Ywfph#4] Tony Win: joined with identifiers [license:d78d06982d5085c6057a456dd0a80a0979e8306f; discord:162806082807267329; fivem:3308253; license2:d78d06982d5085c6057a456dd0a80a0979e8306f]
[7:56:02 PM] [Ywfph#3] Kristen: enabled noclip
[7:56:11 PM] [Ywfph#3] Kristen: became mortal (standard mode)
[7:56:23 PM] [Ywfph#3] Kristen: enabled noclip
[7:56:27 PM] [Ywfph#3] Kristen: became mortal (standard mode)
[7:57:30 PM] [Ywfph#3] Kristen: enabled noclip
[7:57:31 PM] [Ywfph#3] Kristen: became mortal (standard mode)
[7:57:48 PM] [Ywfph#4] Tony Win: turned show player IDs on
[7:57:49 PM] [Ywfph#4] Tony Win: turned show player IDs off
[7:58:14 PM] [Ywfph#4] Tony Win: turned show player IDs on
[7:58:14 PM] [Ywfph#4] Tony Win: turned show player IDs off
[7:58:15 PM] [Ywfph#4] Tony Win: turned show player IDs on
[8:00:58 PM] [Ywfph#3] Kristen: enabled noclip
[8:01:00 PM] [Ywfph#3] Kristen: became mortal (standard mode)
[8:01:05 PM] [Ywfph#3] Kristen: enabled noclip
[8:01:11 PM] [Ywfph#3] Kristen: became mortal (standard mode)
[8:04:22 PM] [Ywfph#4] Tony Win: turned show player IDs off
[8:04:22 PM] [Ywfph#4] Tony Win: turned show player IDs on
[8:04:23 PM] [Ywfph#4] Tony Win: turned show player IDs off
[8:04:23 PM] [Ywfph#4] Tony Win: turned show player IDs on
[8:04:41 PM] [Ywfph#4] Tony Win: turned show player IDs off
[8:04:46 PM] [Ywfph#4] Tony Win: turned show player IDs on
[8:05:16 PM] [Ywfph#3] Kristen: enabled noclip
[8:05:22 PM] [Ywfph#3] Kristen: became mortal (standard mode)
[8:10:14 PM] [Ywfph#3] Kristen: teleported to a waypoint
[8:10:42 PM] [Ywfph#3] Kristen: teleported to a waypoint
[8:11:26 PM] [Ywfph#3] Kristen: enabled noclip
[8:11:27 PM] [Ywfph#3] Kristen: became mortal (standard mode)
[8:12:59 PM] [Ywfph#3] Kristen: enabled noclip
[8:13:18 PM] [Ywfph#3] Kristen: teleported to a waypoint
[8:13:26 PM] [Ywfph#3] Kristen: became mortal (standard mode)
[8:14:59 PM] [Ywfph#3] Kristen: enabled noclip
[8:15:22 PM] [Ywfph#3] Kristen: teleported to a waypoint
[8:15:33 PM] [Ywfph#3] Kristen: became mortal (standard mode)
[8:16:00 PM] [Ywfph#3] Kristen: enabled noclip
[8:16:07 PM] [Ywfph#3] Kristen: became mortal (standard mode)
[8:16:19 PM] [Ywfph#3] Kristen: enabled noclip
[8:16:35 PM] [Ywfph#3] Kristen: became mortal (standard mode)
[8:17:32 PM] [Ywfph#3] Kristen: teleported to coordinates (x=1066.400, y=-3183.410, z=-39.160)
[8:18:55 PM] [Ywfph#3] Kristen: enabled noclip
[8:19:35 PM] [Ywfph#3] Kristen: became mortal (standard mode)
[8:19:49 PM] [Ywfph#3] Kristen: enabled noclip
[8:20:04 PM] [Ywfph#3] Kristen: became mortal (standard mode)
[8:20:47 PM] [Ywfph#3] Kristen: enabled noclip
[8:20:55 PM] [Ywfph#3] Kristen: became mortal (standard mode)
[8:21:03 PM] [Ywfph#3] Kristen: enabled noclip
[8:21:31 PM] [Ywfph#3] Kristen: became mortal (standard mode)
[8:21:35 PM] [Ywfph#3] Kristen: enabled noclip
[8:21:37 PM] [Ywfph#3] Kristen: became mortal (standard mode)
[8:22:07 PM] [Ywfph#3] Kristen: enabled noclip
[8:22:08 PM] [Ywfph#3] Kristen: became mortal (standard mode)
[8:23:17 PM] [Ywfph#3] Kristen: enabled noclip
[8:23:29 PM] [Ywfph#3] Kristen: became mortal (standard mode)
[8:23:48 PM] [Ywfph#3] Kristen: teleported to a waypoint
[8:23:55 PM] [Ywfph#3] Kristen: enabled noclip
[8:24:01 PM] [Ywfph#3] Kristen: became mortal (standard mode)
[8:24:08 PM] [Ywfph#3] Kristen: enabled noclip
[8:24:53 PM] [Ywfph#3] Kristen: became mortal (standard mode)
[8:25:08 PM] [Ywfph#3] Kristen: enabled noclip
[8:25:48 PM] [Ywfph#3] Kristen: became mortal (standard mode)
[8:26:17 PM] [Ywfph#3] Kristen: teleported to coordinates (x=887.384, y=-953.755, z=39.213)
[8:26:44 PM] [Ywfph#3] Kristen: died from suicide (Falling)
[8:26:50 PM] [Ywfph#3] Kristen: healed themself
[8:31:13 PM] [Ywfph#3] Kristen: enabled noclip
[8:31:35 PM] [Ywfph#3] Kristen: became mortal (standard mode)
[8:31:37 PM] [Ywfph#3] Kristen: enabled noclip
[8:31:53 PM] [Ywfph#3] Kristen: became mortal (standard mode)
[8:32:42 PM] [Ywfph#3] Kristen: enabled noclip
[8:32:58 PM] [Ywfph#3] Kristen: became mortal (standard mode)
[8:34:34 PM] [Ywfph#3] Kristen: enabled noclip
[8:34:36 PM] [Ywfph#3] Kristen: became mortal (standard mode)
[8:36:21 PM] [Ywfph#3] Kristen: enabled noclip
[8:36:24 PM] [Ywfph#3] Kristen: became mortal (standard mode)
[8:37:03 PM] [Ywfph#3] Kristen: teleported to player [#4] Tony Win (x=462.765, y=-992.097, z=27.511)
[8:37:42 PM] [Ywfph#3] Kristen: disconnected ([txAdmin] Server restarting (requested by ThePixelNetwork).)
[8:37:42 PM] [Ywfph#4] Tony Win: disconnected ([txAdmin] Server restarting (requested by ThePixelNetwork).)
[8:37:53 PM] txAdmin: Logger started
[8:38:36 PM] [PAtWT#1] Kristen: joined with identifiers [license:6a0ab2401f6fc64c1b7a92ba0aa8faa55a4ce1f2; xbl:2535458523080240; live:1899947313095719; discord:502592324279468032; fivem:14269877; license2:6a0ab2401f6fc64c1b7a92ba0aa8faa55a4ce1f2]
[8:39:40 PM] [PAtWT#1] Kristen: enabled noclip
[8:40:04 PM] [PAtWT#1] Kristen: became mortal (standard mode)
[8:40:18 PM] [PAtWT#1] Kristen: enabled noclip
[8:40:21 PM] [PAtWT#1] Kristen: became mortal (standard mode)
[8:40:28 PM] [PAtWT#1] Kristen: enabled noclip
[8:40:30 PM] [PAtWT#1] Kristen: became mortal (standard mode)
[8:40:58 PM] [PAtWT#1] Kristen: enabled noclip
[8:41:26 PM] [PAtWT#1] Kristen: became mortal (standard mode)
[8:41:32 PM] [PAtWT#1] Kristen: enabled noclip
[8:43:06 PM] [PAtWT#1] Kristen: became mortal (standard mode)
[8:43:21 PM] [PAtWT#1] Kristen: enabled noclip
[8:45:36 PM] [PAtWT#1] Kristen: became mortal (standard mode)
[8:46:38 PM] [PAtWT#1] Kristen: disconnected ([txAdmin] Server restarting (requested by ThePixelNetwork).)
[8:46:48 PM] txAdmin: Logger started
[8:47:51 PM] [fkahF#1] Kristen: joined with identifiers [license:6a0ab2401f6fc64c1b7a92ba0aa8faa55a4ce1f2; xbl:2535458523080240; live:1899947313095719; discord:502592324279468032; fivem:14269877; license2:6a0ab2401f6fc64c1b7a92ba0aa8faa55a4ce1f2]
[8:48:55 PM] [fkahF#1] Kristen: enabled noclip
[8:49:10 PM] [fkahF#1] Kristen: became mortal (standard mode)
[8:49:36 PM] [fkahF#1] Kristen: disconnected ([txAdmin] Server restarting (requested by ThePixelNetwork).)
[8:49:46 PM] txAdmin: Logger started
[8:50:17 PM] [Q9PTU#1] Kristen: joined with identifiers [license:6a0ab2401f6fc64c1b7a92ba0aa8faa55a4ce1f2; xbl:2535458523080240; live:1899947313095719; discord:502592324279468032; fivem:14269877; license2:6a0ab2401f6fc64c1b7a92ba0aa8faa55a4ce1f2]
[8:51:16 PM] [Q9PTU#1] Kristen: enabled noclip
[8:51:25 PM] [Q9PTU#1] Kristen: became mortal (standard mode)
[8:52:37 PM] [Q9PTU#1] Kristen: disconnected (Exiting)
[10:49:25 PM] [Q9PTU#2] Kristen: joined with identifiers [license:6a0ab2401f6fc64c1b7a92ba0aa8faa55a4ce1f2; xbl:2535458523080240; live:1899947313095719; discord:502592324279468032; fivem:14269877; license2:6a0ab2401f6fc64c1b7a92ba0aa8faa55a4ce1f2]
[10:51:45 PM] [Q9PTU#2] Kristen: enabled noclip
[10:52:00 PM] [Q9PTU#2] Kristen: became mortal (standard mode)
[10:52:40 PM] [Q9PTU#2] Kristen: enabled noclip
[10:52:55 PM] [Q9PTU#2] Kristen: became mortal (standard mode)
[10:52:57 PM] [Q9PTU#2] Kristen: enabled noclip
[10:53:00 PM] [Q9PTU#2] Kristen: became mortal (standard mode)
[10:57:14 PM] [Q9PTU#2] Kristen: enabled noclip
[10:57:22 PM] [Q9PTU#2] Kristen: became mortal (standard mode)
[10:58:10 PM] [Q9PTU#2] Kristen: enabled noclip
[10:58:18 PM] [Q9PTU#2] Kristen: became mortal (standard mode)
[11:01:18 PM] [Q9PTU#2] Kristen: enabled noclip
[11:01:20 PM] [Q9PTU#2] Kristen: became mortal (standard mode)
[11:01:37 PM] [Q9PTU#2] Kristen: enabled noclip
[11:01:41 PM] [Q9PTU#2] Kristen: became mortal (standard mode)
[11:04:17 PM] [Q9PTU#2] Kristen: said "/panel"
[11:07:30 PM] [Q9PTU#2] Kristen: enabled noclip
[11:07:56 PM] [Q9PTU#2] Kristen: became mortal (standard mode)
[11:10:19 PM] [Q9PTU#2] Kristen: enabled noclip
[11:10:37 PM] [Q9PTU#2] Kristen: became mortal (standard mode)
[11:13:26 PM] [Q9PTU#2] Kristen: enabled noclip
[11:13:31 PM] [Q9PTU#2] Kristen: became mortal (standard mode)
[11:16:20 PM] [Q9PTU#2] Kristen: enabled noclip
[11:18:00 PM] [Q9PTU#2] Kristen: became mortal (standard mode)
[11:18:16 PM] [Q9PTU#2] Kristen: enabled noclip
[11:18:23 PM] [Q9PTU#2] Kristen: became mortal (standard mode)
[11:21:22 PM] [Q9PTU#2] Kristen: enabled noclip
[11:21:23 PM] [Q9PTU#2] Kristen: became mortal (standard mode)
[11:21:54 PM] [Q9PTU#2] Kristen: enabled noclip
[11:21:58 PM] [Q9PTU#2] Kristen: became mortal (standard mode)
[11:21:58 PM] [Q9PTU#2] Kristen: enabled noclip
[11:21:59 PM] [Q9PTU#2] Kristen: became mortal (standard mode)
[11:22:14 PM] [Q9PTU#2] Kristen: enabled noclip
[11:22:15 PM] [Q9PTU#2] Kristen: became mortal (standard mode)
[11:22:23 PM] [Q9PTU#2] Kristen: enabled noclip
[11:22:24 PM] [Q9PTU#2] Kristen: became mortal (standard mode)
[11:25:43 PM] [Q9PTU#3] Tony Win: joined with identifiers [license:d78d06982d5085c6057a456dd0a80a0979e8306f; discord:162806082807267329; fivem:3308253; license2:d78d06982d5085c6057a456dd0a80a0979e8306f]
[11:27:03 PM] [Q9PTU#3] Tony Win: teleported to a waypoint
[11:27:14 PM] [Q9PTU#3] Tony Win: turned show player IDs on
[11:27:14 PM] [Q9PTU#3] Tony Win: enabled noclip
[11:27:57 PM] [Q9PTU#3] Tony Win: teleported to a waypoint
[11:28:10 PM] [Q9PTU#2] Kristen: enabled noclip
[11:28:13 PM] [Q9PTU#2] Kristen: became mortal (standard mode)
[11:28:17 PM] [Q9PTU#2] Kristen: enabled noclip
[11:28:19 PM] [Q9PTU#2] Kristen: became mortal (standard mode)
[11:28:37 PM] [Q9PTU#3] Tony Win: turned show player IDs off
[11:28:38 PM] [Q9PTU#3] Tony Win: turned show player IDs on
[11:29:06 PM] [Q9PTU#3] Tony Win: turned show player IDs off
[11:29:10 PM] [Q9PTU#3] Tony Win: teleported to a waypoint
[11:29:16 PM] [Q9PTU#3] Tony Win: turned show player IDs on
[11:29:16 PM] [Q9PTU#3] Tony Win: became mortal (standard mode)
[11:29:17 PM] [Q9PTU#3] Tony Win: enabled noclip
[11:29:30 PM] [Q9PTU#3] Tony Win: became mortal (standard mode)
[11:29:39 PM] [Q9PTU#3] Tony Win: turned show player IDs off
[11:29:39 PM] [Q9PTU#3] Tony Win: enabled noclip
[11:29:51 PM] [Q9PTU#3] Tony Win: turned show player IDs on
[11:29:53 PM] [Q9PTU#3] Tony Win: became mortal (standard mode)
[11:30:27 PM] [Q9PTU#2] Kristen: enabled noclip
[11:30:41 PM] [Q9PTU#2] Kristen: became mortal (standard mode)
[11:30:42 PM] [Q9PTU#3] Tony Win: said "/.tx"
[11:30:46 PM] [Q9PTU#3] Tony Win: turned show player IDs off
[11:30:52 PM] [Q9PTU#3] Tony Win: teleported to player [#2] Kristen (x=-583.055, y=-393.626, z=35.177)
[11:30:56 PM] [Q9PTU#2] Kristen: enabled noclip
[11:31:00 PM] [Q9PTU#2] Kristen: became mortal (standard mode)
[11:31:11 PM] [Q9PTU#2] Kristen: died from Night Stick by Tony Win
[11:31:16 PM] [Q9PTU#2] Kristen: died from Night Stick by Tony Win
[11:31:19 PM] [Q9PTU#2] Kristen: healed themself
[11:31:59 PM] [Q9PTU#3] Tony Win: enabled noclip
[11:32:10 PM] [Q9PTU#2] Kristen: enabled noclip
[11:32:13 PM] [Q9PTU#2] Kristen: became mortal (standard mode)
[11:32:32 PM] [Q9PTU#3] Tony Win: turned show player IDs on
[11:32:33 PM] [Q9PTU#3] Tony Win: turned show player IDs off
[11:32:33 PM] [Q9PTU#3] Tony Win: became mortal (standard mode)
[11:32:35 PM] [Q9PTU#3] Tony Win: turned show player IDs on
[11:32:39 PM] [Q9PTU#3] Tony Win: enabled noclip
[11:32:46 PM] [Q9PTU#3] Tony Win: became mortal (standard mode)
[11:32:47 PM] [Q9PTU#3] Tony Win: enabled noclip
[11:32:47 PM] [Q9PTU#3] Tony Win: became mortal (standard mode)
[11:33:30 PM] [Q9PTU#2] Kristen: enabled noclip
[11:33:41 PM] [Q9PTU#2] Kristen: became mortal (standard mode)
[11:33:47 PM] [Q9PTU#2] Kristen: enabled noclip
[11:33:47 PM] [Q9PTU#2] Kristen: enabled noclip
[11:33:54 PM] [Q9PTU#2] Kristen: became mortal (standard mode)
[11:34:06 PM] [Q9PTU#3] Tony Win: said "/e handsup"
[11:34:10 PM] [Q9PTU#3] Tony Win: enabled noclip
[11:34:33 PM] [Q9PTU#3] Tony Win: became mortal (standard mode)
[11:34:54 PM] [Q9PTU#2] Kristen: died from suicide (Falling)
[11:34:58 PM] [Q9PTU#3] Tony Win: said "/e handsup"
[11:35:01 PM] [Q9PTU#3] Tony Win: enabled noclip
[11:35:08 PM] [Q9PTU#3] Tony Win: became mortal (standard mode)
[11:35:14 PM] [Q9PTU#2] Kristen: healed themself
[11:35:25 PM] [Q9PTU#2] Kristen: enabled noclip
[11:35:30 PM] [Q9PTU#2] Kristen: became mortal (standard mode)
[11:36:32 PM] [Q9PTU#2] Kristen: enabled noclip
[11:36:43 PM] [Q9PTU#3] Tony Win: said "/e handsup"
[11:36:47 PM] [Q9PTU#3] Tony Win: enabled noclip
[11:36:53 PM] [Q9PTU#2] Kristen: became mortal (standard mode)
[11:37:45 PM] [Q9PTU#3] Tony Win: became mortal (standard mode)
[11:37:51 PM] [Q9PTU#2] Kristen: enabled noclip
[11:38:00 PM] [Q9PTU#2] Kristen: became mortal (standard mode)
[11:38:17 PM] [Q9PTU#3] Tony Win: enabled noclip
[11:38:20 PM] [Q9PTU#2] Kristen: enabled noclip
[11:38:22 PM] [Q9PTU#3] Tony Win: became mortal (standard mode)
[11:38:25 PM] [Q9PTU#2] Kristen: became mortal (standard mode)
[11:38:46 PM] [Q9PTU#2] Kristen: enabled noclip
[11:39:02 PM] [Q9PTU#2] Kristen: became mortal (standard mode)
[11:39:13 PM] [Q9PTU#2] Kristen: enabled noclip
[11:39:18 PM] [Q9PTU#2] Kristen: became mortal (standard mode)
[11:39:48 PM] [Q9PTU#3] Tony Win: teleported to a waypoint
[11:39:53 PM] [Q9PTU#3] Tony Win: said "/e handsup"
[11:39:57 PM] [Q9PTU#2] Kristen: enabled noclip
[11:40:00 PM] [Q9PTU#3] Tony Win: turned show player IDs off
[11:40:00 PM] [Q9PTU#3] Tony Win: enabled noclip
[11:40:03 PM] [Q9PTU#2] Kristen: became mortal (standard mode)
[11:40:07 PM] [Q9PTU#3] Tony Win: became mortal (standard mode)
[11:40:53 PM] [Q9PTU#3] Tony Win: died from Stungun by Kristen
[11:41:03 PM] [Q9PTU#3] Tony Win: healed themself
[11:41:36 PM] [Q9PTU#2] Kristen: enabled noclip
[11:41:37 PM] [Q9PTU#2] Kristen: became mortal (standard mode)
[11:42:26 PM] [Q9PTU#3] Tony Win: died from Pistol by Kristen
[11:42:31 PM] [Q9PTU#3] Tony Win: healed themself
[11:42:59 PM] [Q9PTU#3] Tony Win: enabled noclip
[11:42:59 PM] [Q9PTU#3] Tony Win: became mortal (standard mode)
[11:43:16 PM] [Q9PTU#3] Tony Win: enabled noclip
[11:43:24 PM] [Q9PTU#3] Tony Win: became mortal (standard mode)
[11:43:27 PM] [Q9PTU#2] Kristen: died from Pistol by Tony Win
[11:43:39 PM] [Q9PTU#2] Kristen: healed themself
[11:43:51 PM] [Q9PTU#3] Tony Win: died from Assault Rifle by Kristen
[11:43:53 PM] [Q9PTU#3] Tony Win: said "/e handsup"
[11:43:58 PM] [Q9PTU#3] Tony Win: teleported to a waypoint
[11:43:58 PM] [Q9PTU#3] Tony Win: turned show player IDs on
[11:43:58 PM] [Q9PTU#3] Tony Win: enabled noclip
[11:44:02 PM] [Q9PTU#3] Tony Win: healed themself
[11:44:06 PM] [Q9PTU#3] Tony Win: healed themself
[11:44:07 PM] [Q9PTU#3] Tony Win: turned show player IDs off
[11:44:07 PM] [Q9PTU#3] Tony Win: turned show player IDs on
[11:44:07 PM] [Q9PTU#3] Tony Win: turned show player IDs off
[11:44:07 PM] [Q9PTU#3] Tony Win: became mortal (standard mode)
[11:44:31 PM] [Q9PTU#2] Kristen: died from Pistol by Tony Win
[11:44:35 PM] [Q9PTU#2] Kristen: healed themself
[11:44:41 PM] [Q9PTU#2] Kristen: died from Pistol by Tony Win
[11:44:56 PM] [Q9PTU#2] Kristen: healed themself
[11:45:09 PM] [Q9PTU#2] Kristen: died from Pistol by Tony Win
[11:45:14 PM] [Q9PTU#3] Tony Win: disconnected (Disconnected.)
[11:45:22 PM] [Q9PTU#2] Kristen: healed themself
[11:46:45 PM] [Q9PTU#4] Tony Win: joined with identifiers [license:d78d06982d5085c6057a456dd0a80a0979e8306f; discord:162806082807267329; fivem:3308253; license2:d78d06982d5085c6057a456dd0a80a0979e8306f]
[11:49:39 PM] [Q9PTU#2] Kristen: died from suicide (Falling)
[11:52:00 PM] [Q9PTU#4] Tony Win: healed themself
