
================================================================
======== Log Rotated - 9/21/2024, 12:00:00 AM                   
================================================================
[12:02:20 AM] [Q9PTU#5] Yoda: joined with identifiers [license:f31dc2072b795f10e5aedf022c342b03364f5e66; xbl:2533274973664660; live:325692942744681; discord:673626335939264524; fivem:14746238; license2:a1230fc5a3b2441b5e93cffaf9f00661511ee807]
[12:04:05 AM] [Q9PTU#2] Kristen: teleported to player [#5] Yoda (x=222.198, y=-863.829, z=30.308)
[12:04:31 AM] [Q9PTU#5] Yoda: said "uh oh "
[12:05:04 AM] [Q9PTU#2] Kristen: said "is it working"
[12:05:08 AM] [Q9PTU#5] Yoda: said "yes"
[12:05:43 AM] [Q9PTU#2] Kristen: enabled noclip
[12:05:50 AM] [Q9PTU#2] Kristen: became mortal (standard mode)
[12:06:40 AM] [Q9PTU#4] Tony Win: disconnected (Exiting)
[12:08:38 AM] [Q9PTU#2] Kristen: enabled noclip
[12:08:39 AM] [Q9PTU#2] Kristen: became mortal (standard mode)
[12:08:52 AM] [Q9PTU#2] Kristen: enabled noclip
[12:09:26 AM] [Q9PTU#2] Kristen: became mortal (standard mode)
[12:10:41 AM] [Q9PTU#5] Yoda: said "yoda in the house "
[12:11:16 AM] [Q9PTU#5] Yoda: enabled noclip
[12:11:19 AM] [Q9PTU#5] Yoda: became mortal (standard mode)
[12:11:22 AM] [Q9PTU#5] Yoda: enabled noclip
[12:11:29 AM] [Q9PTU#5] Yoda: became mortal (standard mode)
[12:11:52 AM] [Q9PTU#5] Yoda: said "have you done construction "
[12:12:54 AM] [Q9PTU#2] Kristen: enabled noclip
[12:12:59 AM] [Q9PTU#2] Kristen: became mortal (standard mode)
[12:13:31 AM] [Q9PTU#2] Kristen: enabled noclip
[12:13:51 AM] [Q9PTU#2] Kristen: became mortal (standard mode)
[12:14:11 AM] [Q9PTU#5] Yoda: enabled noclip
[12:14:16 AM] [Q9PTU#5] Yoda: became mortal (standard mode)
[12:15:17 AM] [Q9PTU#5] Yoda: deleted a vehicle
[12:15:46 AM] [Q9PTU#5] Yoda: enabled god mode
[12:15:50 AM] [Q9PTU#2] Kristen: disconnected (Exiting)
[12:15:57 AM] [Q9PTU#5] Yoda: teleported to a waypoint
[12:15:59 AM] [Q9PTU#5] Yoda: teleported to a waypoint
[12:16:06 AM] [Q9PTU#5] Yoda: teleported to a waypoint
[12:16:17 AM] [Q9PTU#5] Yoda: disconnected (Exiting)
[12:16:32 AM] [Q9PTU#6] Kristen: joined with identifiers [license:6a0ab2401f6fc64c1b7a92ba0aa8faa55a4ce1f2; xbl:2535458523080240; live:1899947313095719; discord:502592324279468032; fivem:14269877; license2:6a0ab2401f6fc64c1b7a92ba0aa8faa55a4ce1f2]
[12:18:00 AM] [Q9PTU#6] Kristen: teleported to a waypoint
[12:19:05 AM] [Q9PTU#6] Kristen: enabled noclip
[12:19:13 AM] [Q9PTU#6] Kristen: became mortal (standard mode)
[12:20:14 AM] [Q9PTU#6] Kristen: enabled noclip
[12:20:52 AM] [Q9PTU#6] Kristen: became mortal (standard mode)
[12:21:23 AM] [Q9PTU#6] Kristen: enabled noclip
[12:21:47 AM] [Q9PTU#6] Kristen: became mortal (standard mode)
[12:23:52 AM] [Q9PTU#6] Kristen: enabled noclip
[12:25:19 AM] [Q9PTU#6] Kristen: became mortal (standard mode)
[12:27:14 AM] [Q9PTU#6] Kristen: enabled noclip
[12:27:47 AM] [Q9PTU#6] Kristen: became mortal (standard mode)
[12:27:49 AM] [Q9PTU#6] Kristen: enabled noclip
[12:27:51 AM] [Q9PTU#6] Kristen: became mortal (standard mode)
[12:28:46 AM] [Q9PTU#6] Kristen: enabled noclip
[12:29:02 AM] [Q9PTU#6] Kristen: became mortal (standard mode)
[12:29:34 AM] [Q9PTU#6] Kristen: enabled noclip
[12:29:44 AM] [Q9PTU#6] Kristen: became mortal (standard mode)
[12:30:33 AM] [Q9PTU#6] Kristen: enabled noclip
[12:31:31 AM] [Q9PTU#6] Kristen: became mortal (standard mode)
[12:31:58 AM] [Q9PTU#6] Kristen: enabled noclip
[12:32:23 AM] [Q9PTU#6] Kristen: became mortal (standard mode)
[12:32:43 AM] [Q9PTU#6] Kristen: enabled noclip
[12:32:49 AM] [Q9PTU#6] Kristen: became mortal (standard mode)
[12:34:01 AM] [Q9PTU#6] Kristen: enabled noclip
[12:35:46 AM] [Q9PTU#6] Kristen: became mortal (standard mode)
[12:36:01 AM] [Q9PTU#6] Kristen: enabled noclip
[12:36:07 AM] [Q9PTU#6] Kristen: became mortal (standard mode)
[12:37:40 AM] [Q9PTU#6] Kristen: enabled noclip
[12:38:11 AM] [Q9PTU#6] Kristen: became mortal (standard mode)
[12:38:59 AM] [Q9PTU#6] Kristen: enabled noclip
[12:39:11 AM] [Q9PTU#6] Kristen: became mortal (standard mode)
[12:39:39 AM] [Q9PTU#6] Kristen: enabled noclip
[12:39:44 AM] [Q9PTU#6] Kristen: became mortal (standard mode)
[1:02:48 AM] [Q9PTU#6] Kristen: died from suicide (Falling)
[1:03:29 AM] [Q9PTU#6] Kristen: died from suicide (Falling)
[1:21:12 AM] [Q9PTU#6] Kristen: disconnected ([txAdmin] Server restarting (requested by ThePixelNetwork).)
[1:21:22 AM] txAdmin: Logger started
[1:24:06 AM] txAdmin: Logger started
[1:25:21 AM] [MLckL#1] Yoda: joined with identifiers [license:f31dc2072b795f10e5aedf022c342b03364f5e66; xbl:2533274973664660; live:325692942744681; discord:673626335939264524; fivem:14746238; license2:a1230fc5a3b2441b5e93cffaf9f00661511ee807]
[1:31:15 AM] [MLckL#2] Kristen: joined with identifiers [license:6a0ab2401f6fc64c1b7a92ba0aa8faa55a4ce1f2; xbl:2535458523080240; live:1899947313095719; discord:502592324279468032; fivem:14269877; license2:6a0ab2401f6fc64c1b7a92ba0aa8faa55a4ce1f2]
[1:31:57 AM] [MLckL#2] Kristen: died from suicide (Falling)
[1:32:07 AM] [MLckL#2] Kristen: healed themself
[1:32:10 AM] [MLckL#2] Kristen: enabled noclip
[1:32:13 AM] [MLckL#2] Kristen: became mortal (standard mode)
[1:32:29 AM] [MLckL#2] Kristen: enabled noclip
[1:32:35 AM] [MLckL#2] Kristen: became mortal (standard mode)
[1:32:49 AM] [MLckL#1] Yoda: enabled noclip
[1:33:01 AM] [MLckL#1] Yoda: became mortal (standard mode)
[1:33:58 AM] [MLckL#2] Kristen: enabled noclip
[1:34:02 AM] [MLckL#2] Kristen: became mortal (standard mode)
[1:34:14 AM] [MLckL#2] Kristen: enabled noclip
[1:34:38 AM] [MLckL#1] Yoda: turned show player IDs on
[1:34:42 AM] [MLckL#2] Kristen: became mortal (standard mode)
[1:34:57 AM] [MLckL#2] Kristen: enabled noclip
[1:35:03 AM] [MLckL#2] Kristen: became mortal (standard mode)
[1:35:11 AM] [MLckL#2] Kristen: disconnected ([txAdmin] Server restarting (requested by ThePixelNetwork).)
[1:35:11 AM] [MLckL#1] Yoda: disconnected ([txAdmin] Server restarting (requested by ThePixelNetwork).)
[1:35:20 AM] txAdmin: Logger started
[1:35:47 AM] [JkNMa#1] Kristen: joined with identifiers [license:6a0ab2401f6fc64c1b7a92ba0aa8faa55a4ce1f2; xbl:2535458523080240; live:1899947313095719; discord:502592324279468032; fivem:14269877; license2:6a0ab2401f6fc64c1b7a92ba0aa8faa55a4ce1f2]
[1:37:21 AM] [JkNMa#1] Kristen: enabled noclip
[1:37:27 AM] [JkNMa#1] Kristen: became mortal (standard mode)
[1:38:36 AM] [JkNMa#2] Yoda: joined with identifiers [license:f31dc2072b795f10e5aedf022c342b03364f5e66; xbl:2533274973664660; live:325692942744681; discord:673626335939264524; fivem:14746238; license2:a1230fc5a3b2441b5e93cffaf9f00661511ee807]
[1:39:32 AM] [JkNMa#2] Yoda: enabled noclip
[1:39:38 AM] [JkNMa#2] Yoda: became mortal (standard mode)
[1:39:51 AM] [JkNMa#2] Yoda: teleported to player [#1] Kristen (x=-1602.818, y=-624.053, z=30.560)
[1:39:57 AM] [JkNMa#2] Yoda: enabled noclip
[1:40:01 AM] [JkNMa#2] Yoda: turned show player IDs on
[1:40:06 AM] [JkNMa#2] Yoda: became mortal (standard mode)
[1:40:24 AM] [JkNMa#2] Yoda: died from Ranover by Vehicle by Kristen
[1:40:29 AM] [JkNMa#2] Yoda: said "RDM WTF "
[1:40:50 AM] [JkNMa#2] Yoda: said "erm police brutality "
[1:41:00 AM] [JkNMa#2] Yoda: healed player [#2] Yoda
[1:41:05 AM] [JkNMa#1] Kristen: healed player [#2] Yoda
[1:41:44 AM] [JkNMa#2] Yoda: disconnected ([txAdmin] Server restarting (requested by ThePixelNetwork).)
[1:41:44 AM] [JkNMa#1] Kristen: disconnected ([txAdmin] Server restarting (requested by ThePixelNetwork).)
[1:41:54 AM] txAdmin: Logger started
[1:43:57 AM] [ih8Pa#1] Yoda: joined with identifiers [license:f31dc2072b795f10e5aedf022c342b03364f5e66; xbl:2533274973664660; live:325692942744681; discord:673626335939264524; fivem:14746238; license2:a1230fc5a3b2441b5e93cffaf9f00661511ee807]
[1:46:24 AM] [ih8Pa#2] Kristen: joined with identifiers [license:6a0ab2401f6fc64c1b7a92ba0aa8faa55a4ce1f2; xbl:2535458523080240; live:1899947313095719; discord:502592324279468032; fivem:14269877; license2:6a0ab2401f6fc64c1b7a92ba0aa8faa55a4ce1f2]
[1:47:37 AM] [ih8Pa#2] Kristen: enabled noclip
[1:47:42 AM] [ih8Pa#2] Kristen: became mortal (standard mode)
[1:47:43 AM] [ih8Pa#2] Kristen: enabled noclip
[1:47:46 AM] [ih8Pa#2] Kristen: became mortal (standard mode)
[1:48:05 AM] txAdmin: ((Broadcast) ThePixelNetwork): said "wtf"
[1:48:08 AM] [ih8Pa#2] Kristen: enabled noclip
[1:48:59 AM] [ih8Pa#2] Kristen: became mortal (standard mode)
[1:49:20 AM] [ih8Pa#1] Yoda: made a server-wide announcement: Yoda on top 
[1:49:20 AM] txAdmin: ((Broadcast) yoda): said "Yoda on top"
[1:49:37 AM] [ih8Pa#1] Yoda: enabled noclip
[1:49:43 AM] [ih8Pa#1] Yoda: became mortal (standard mode)
[1:49:58 AM] [ih8Pa#2] Kristen: enabled noclip
[1:50:07 AM] [ih8Pa#2] Kristen: became mortal (standard mode)
[1:50:19 AM] [ih8Pa#1] Yoda: turned show player IDs on
[1:50:45 AM] [ih8Pa#1] Yoda: said "hear me? "
[1:51:55 AM] [ih8Pa#1] Yoda: died from Stungun by Kristen
[1:52:03 AM] [ih8Pa#2] Kristen: disconnected (Exiting)
[1:52:15 AM] [ih8Pa#1] Yoda: healed player [#1] Yoda
[1:54:45 AM] [ih8Pa#1] Yoda: enabled noclip
[1:54:51 AM] [ih8Pa#1] Yoda: became mortal (standard mode)
[1:55:00 AM] [ih8Pa#1] Yoda: enabled god mode
[1:55:17 AM] [ih8Pa#1] Yoda: enabled noclip
[1:55:58 AM] [ih8Pa#1] Yoda: became mortal (standard mode)
[1:56:01 AM] [ih8Pa#1] Yoda: enabled noclip
[1:56:06 AM] [ih8Pa#1] Yoda: became mortal (standard mode)
[1:56:41 AM] [ih8Pa#1] Yoda: disconnected (Exiting)
[2:02:51 AM] txAdmin: Logger started

================================================================
======== txAdmin Starting - 9/21/2024, 2:03:19 AM               
================================================================
[2:03:22 AM] txAdmin: Logger started

================================================================
======== txAdmin Starting - 9/21/2024, 2:13:40 AM               
================================================================
[2:13:44 AM] txAdmin: Logger started

================================================================
======== txAdmin Starting - 9/21/2024, 2:16:39 AM               
================================================================
[2:16:52 AM] txAdmin: Logger started
[2:49:19 AM] txAdmin: Logger started
[2:50:02 AM] txAdmin: Logger started
[2:50:32 AM] txAdmin: Logger started
[2:51:20 AM] txAdmin: Logger started
[2:56:51 AM] [QTrhD#1] Yoda: joined with identifiers [license:f31dc2072b795f10e5aedf022c342b03364f5e66; xbl:2533274973664660; live:325692942744681; discord:673626335939264524; fivem:14746238; license2:a1230fc5a3b2441b5e93cffaf9f00661511ee807]
[2:57:01 AM] [QTrhD#2] Tony Win: joined with identifiers [license:d78d06982d5085c6057a456dd0a80a0979e8306f; discord:162806082807267329; fivem:3308253; license2:d78d06982d5085c6057a456dd0a80a0979e8306f]
[2:58:03 AM] [QTrhD#3] Kristen: joined with identifiers [license:6a0ab2401f6fc64c1b7a92ba0aa8faa55a4ce1f2; xbl:2535458523080240; live:1899947313095719; discord:502592324279468032; fivem:14269877; license2:6a0ab2401f6fc64c1b7a92ba0aa8faa55a4ce1f2]
[2:58:49 AM] [QTrhD#1] Yoda: enabled noclip
[2:58:55 AM] [QTrhD#1] Yoda: became mortal (standard mode)
[2:59:32 AM] [QTrhD#3] Kristen: disconnected (Exiting)
[3:00:02 AM] [QTrhD#1] Yoda: enabled noclip
[3:00:12 AM] [QTrhD#1] Yoda: became mortal (standard mode)
[3:00:29 AM] [QTrhD#1] Yoda: enabled noclip
[3:00:38 AM] [QTrhD#1] Yoda: became mortal (standard mode)
[3:00:51 AM] [QTrhD#1] Yoda: enabled noclip
[3:00:51 AM] [QTrhD#1] Yoda: became mortal (standard mode)
[3:00:53 AM] [QTrhD#1] Yoda: enabled noclip
[3:01:06 AM] [QTrhD#1] Yoda: became mortal (standard mode)
[3:06:31 AM] [QTrhD#1] Yoda: disconnected (Exiting)
[3:17:14 AM] [QTrhD#2] Tony Win: enabled noclip
[3:17:56 AM] [QTrhD#2] Tony Win: became mortal (standard mode)
[3:19:32 AM] [QTrhD#2] Tony Win: turned show player IDs on
[3:19:32 AM] [QTrhD#2] Tony Win: turned show player IDs off
[3:22:41 AM] [QTrhD#2] Tony Win: said "/joib"
[3:26:35 AM] [QTrhD#2] Tony Win: healed themself
[3:31:27 AM] [QTrhD#2] Tony Win: teleported to a waypoint
[3:31:46 AM] [QTrhD#2] Tony Win: enabled noclip
[3:31:48 AM] [QTrhD#2] Tony Win: became mortal (standard mode)
[3:33:04 AM] [QTrhD#2] Tony Win: teleported to a waypoint
[3:34:26 AM] [QTrhD#2] Tony Win: turned show player IDs on
[3:34:26 AM] [QTrhD#2] Tony Win: turned show player IDs off
[3:34:27 AM] [QTrhD#2] Tony Win: turned show player IDs on
[3:37:55 AM] [QTrhD#2] Tony Win: healed themself
[3:37:56 AM] [QTrhD#2] Tony Win: turned show player IDs off
[3:37:56 AM] [QTrhD#2] Tony Win: turned show player IDs on
[3:37:57 AM] [QTrhD#2] Tony Win: turned show player IDs off
[3:37:59 AM] [QTrhD#2] Tony Win: enabled god mode
[3:38:01 AM] [QTrhD#2] Tony Win: turned show player IDs on
[3:38:02 AM] [QTrhD#2] Tony Win: turned show player IDs off
[3:38:02 AM] [QTrhD#2] Tony Win: turned show player IDs on
[3:42:21 AM] [QTrhD#2] Tony Win: turned show player IDs off
[3:42:22 AM] [QTrhD#2] Tony Win: turned show player IDs on
[3:42:43 AM] [QTrhD#2] Tony Win: turned show player IDs off
[3:42:43 AM] [QTrhD#2] Tony Win: turned show player IDs on
[3:42:48 AM] [QTrhD#2] Tony Win: turned show player IDs off
[3:42:48 AM] [QTrhD#2] Tony Win: turned show player IDs on
[3:42:56 AM] [QTrhD#2] Tony Win: turned show player IDs off
[3:42:57 AM] [QTrhD#2] Tony Win: turned show player IDs on
[3:42:57 AM] [QTrhD#2] Tony Win: turned show player IDs off
[3:42:58 AM] [QTrhD#2] Tony Win: turned show player IDs on
[3:42:58 AM] [QTrhD#2] Tony Win: turned show player IDs off
[3:42:58 AM] [QTrhD#2] Tony Win: turned show player IDs on
[3:42:59 AM] [QTrhD#2] Tony Win: turned show player IDs off
[3:42:59 AM] [QTrhD#2] Tony Win: turned show player IDs on
[3:43:00 AM] [QTrhD#2] Tony Win: turned show player IDs off
[3:43:00 AM] [QTrhD#2] Tony Win: turned show player IDs on
[3:43:23 AM] [QTrhD#2] Tony Win: turned show player IDs off
[3:43:23 AM] [QTrhD#2] Tony Win: turned show player IDs on
[3:43:26 AM] [QTrhD#2] Tony Win: turned show player IDs off
[3:43:32 AM] [QTrhD#2] Tony Win: turned show player IDs on
[3:43:33 AM] [QTrhD#2] Tony Win: turned show player IDs off
[3:43:34 AM] [QTrhD#2] Tony Win: turned show player IDs on
[3:43:34 AM] [QTrhD#2] Tony Win: turned show player IDs off
[3:43:35 AM] [QTrhD#2] Tony Win: turned show player IDs on
[3:43:35 AM] [QTrhD#2] Tony Win: turned show player IDs off
[3:43:36 AM] [QTrhD#2] Tony Win: turned show player IDs on
[3:43:37 AM] [QTrhD#2] Tony Win: turned show player IDs off
[3:43:41 AM] [QTrhD#2] Tony Win: turned show player IDs on
[3:43:45 AM] [QTrhD#2] Tony Win: turned show player IDs off
[3:43:47 AM] [QTrhD#2] Tony Win: turned show player IDs on
[3:43:50 AM] [QTrhD#2] Tony Win: turned show player IDs off
[3:43:51 AM] [QTrhD#2] Tony Win: turned show player IDs off
[3:43:52 AM] [QTrhD#2] Tony Win: turned show player IDs on
[3:43:53 AM] [QTrhD#2] Tony Win: turned show player IDs off
[3:43:54 AM] [QTrhD#2] Tony Win: turned show player IDs on
[3:45:10 AM] [QTrhD#2] Tony Win: turned show player IDs off
[3:46:21 AM] [QTrhD#2] Tony Win: turned show player IDs on
[3:46:21 AM] [QTrhD#2] Tony Win: turned show player IDs off
[3:46:54 AM] [QTrhD#2] Tony Win: disconnected (Exiting)
[4:55:09 AM] [QTrhD#4] miximus: joined with identifiers [license:91a41cf7de884e4d192a4e8076defd841e6409d5; discord:400761183931727873; fivem:860268; license2:eb6a9cd650a059197d8887ce53cf572e22c0b401]
[4:56:07 AM] [QTrhD#4] miximus: turned show player IDs on
[5:06:20 AM] [QTrhD#4] miximus: disconnected ([txAdmin] Server restarting (requested by ThePixelNetwork).)
[5:06:29 AM] txAdmin: Logger started
[5:07:00 AM] [LnHhy#1] miximus: joined with identifiers [license:91a41cf7de884e4d192a4e8076defd841e6409d5; discord:400761183931727873; fivem:860268; license2:eb6a9cd650a059197d8887ce53cf572e22c0b401]
[5:24:51 AM] [LnHhy#2] Kristen: joined with identifiers [license:6a0ab2401f6fc64c1b7a92ba0aa8faa55a4ce1f2; xbl:2535458523080240; live:1899947313095719; discord:502592324279468032; fivem:14269877; license2:6a0ab2401f6fc64c1b7a92ba0aa8faa55a4ce1f2]
[5:25:52 AM] [LnHhy#2] Kristen: enabled noclip
[5:26:40 AM] [LnHhy#2] Kristen: became mortal (standard mode)
[5:27:27 AM] [LnHhy#2] Kristen: enabled noclip
[5:27:29 AM] [LnHhy#2] Kristen: became mortal (standard mode)
[5:27:58 AM] [LnHhy#2] Kristen: disconnected (Exiting)
[5:28:42 AM] [LnHhy#3] Kristen: joined with identifiers [license:6a0ab2401f6fc64c1b7a92ba0aa8faa55a4ce1f2; xbl:2535458523080240; live:1899947313095719; discord:502592324279468032; fivem:14269877; license2:6a0ab2401f6fc64c1b7a92ba0aa8faa55a4ce1f2]
[5:30:11 AM] [LnHhy#3] Kristen: enabled noclip
[5:30:15 AM] [LnHhy#3] Kristen: became mortal (standard mode)
[5:30:31 AM] [LnHhy#1] miximus: teleported to player [#3] Kristen (x=-33.020, y=-150.976, z=57.065)
[5:30:54 AM] [LnHhy#3] Kristen: enabled noclip
[5:30:58 AM] [LnHhy#3] Kristen: became mortal (standard mode)
[5:31:27 AM] [LnHhy#4] chickncurry: joined with identifiers [license:9730242ed4f44a20dde4d0177d8d29b6163130c5; xbl:2535430595960543; live:844427997642053; discord:340728177783603201; fivem:13037150; license2:9730242ed4f44a20dde4d0177d8d29b6163130c5]
[5:31:33 AM] [LnHhy#1] miximus: said "/quitr"
[5:31:37 AM] [LnHhy#3] Kristen: disconnected (Exiting)
[5:31:38 AM] [LnHhy#1] miximus: disconnected (Exiting)
[5:32:14 AM] [LnHhy#4] chickncurry: disconnected ([txAdmin] Server restarting (requested by ThePixelNetwork).)
[5:32:23 AM] txAdmin: Logger started
[5:33:04 AM] txAdmin: Logger started
[5:33:16 AM] [7YbLG#1] chickncurry: joined with identifiers [license:9730242ed4f44a20dde4d0177d8d29b6163130c5; xbl:2535430595960543; live:844427997642053; discord:340728177783603201; fivem:13037150; license2:9730242ed4f44a20dde4d0177d8d29b6163130c5]
[5:33:18 AM] [7YbLG#2] miximus: joined with identifiers [license:91a41cf7de884e4d192a4e8076defd841e6409d5; discord:400761183931727873; fivem:860268; license2:eb6a9cd650a059197d8887ce53cf572e22c0b401]
[5:34:41 AM] [7YbLG#2] miximus: said "tx"
[5:34:55 AM] [7YbLG#3] Kristen: joined with identifiers [license:6a0ab2401f6fc64c1b7a92ba0aa8faa55a4ce1f2; xbl:2535458523080240; live:1899947313095719; discord:502592324279468032; fivem:14269877; license2:6a0ab2401f6fc64c1b7a92ba0aa8faa55a4ce1f2]
[5:35:04 AM] [7YbLG#1] chickncurry: disconnected (Couldn't start resource envi-druglabs.)
[5:35:50 AM] [7YbLG#4] chickncurry: joined with identifiers [license:9730242ed4f44a20dde4d0177d8d29b6163130c5; xbl:2535430595960543; live:844427997642053; discord:340728177783603201; fivem:13037150; license2:9730242ed4f44a20dde4d0177d8d29b6163130c5]
[5:37:54 AM] [7YbLG#2] miximus: teleported to player [#4] chickncurry (x=-283.952, y=562.760, z=173.818)
[5:38:21 AM] [7YbLG#4] chickncurry: disconnected (Exiting)
[5:39:02 AM] [7YbLG#2] miximus: said "tpm"
[5:39:05 AM] [7YbLG#5] chickncurry: joined with identifiers [license:9730242ed4f44a20dde4d0177d8d29b6163130c5; xbl:2535430595960543; live:844427997642053; discord:340728177783603201; fivem:13037150; license2:9730242ed4f44a20dde4d0177d8d29b6163130c5]
[5:39:12 AM] [7YbLG#2] miximus: said "/tpm,"
[5:39:59 AM] [7YbLG#2] miximus: turned show player IDs on
[5:45:38 AM] [7YbLG#3] Kristen: enabled noclip
[5:46:10 AM] [7YbLG#3] Kristen: became mortal (standard mode)
[5:46:57 AM] [7YbLG#3] Kristen: teleported to player [#2] miximus (x=-406.536, y=140.018, z=65.339)
[5:47:53 AM] [7YbLG#2] miximus: said "/e twerk"
[5:47:55 AM] [7YbLG#2] miximus: died from suicide
[5:48:00 AM] [7YbLG#3] Kristen: enabled noclip
[5:48:20 AM] [7YbLG#3] Kristen: became mortal (standard mode)
[5:48:47 AM] [7YbLG#3] Kristen: said "/skin"
[5:48:50 AM] [7YbLG#3] Kristen: said "/skinmen"
[5:49:41 AM] [7YbLG#3] Kristen: enabled noclip
[5:49:48 AM] [7YbLG#2] miximus: teleported to player [#3] Kristen (x=207.692, y=-514.879, z=53.325)
[5:49:52 AM] [7YbLG#2] miximus: died from suicide (Falling)
[5:49:54 AM] [7YbLG#3] Kristen: became mortal (standard mode)
[5:50:00 AM] [7YbLG#3] Kristen: enabled noclip
[5:50:05 AM] [7YbLG#3] Kristen: became mortal (standard mode)
[5:50:27 AM] [7YbLG#3] Kristen: enabled noclip
[5:50:31 AM] [7YbLG#3] Kristen: became mortal (standard mode)
[5:52:08 AM] [7YbLG#3] Kristen: enabled noclip
[5:52:15 AM] [7YbLG#2] miximus: teleported to player [#3] Kristen (x=346.510, y=316.589, z=120.673)
[5:52:17 AM] [7YbLG#2] miximus: died from suicide
[5:52:19 AM] [7YbLG#3] Kristen: became mortal (standard mode)
[5:53:20 AM] [7YbLG#3] Kristen: enabled noclip
[5:53:22 AM] [7YbLG#3] Kristen: became mortal (standard mode)
[5:53:44 AM] [7YbLG#2] miximus: teleported to player [#5] chickncurry (x=214.127, y=-845.011, z=30.409)
[5:53:47 AM] [7YbLG#3] Kristen: teleported to player [#2] miximus (x=213.982, y=-844.826, z=30.426)
[5:54:27 AM] [7YbLG#3] Kristen: said "/carry"
[5:54:54 AM] [7YbLG#5] chickncurry: died from suicide (Falling)
[5:55:44 AM] [7YbLG#5] chickncurry: died from suicide (Falling)
[5:56:47 AM] [7YbLG#3] Kristen: died from suicide (Falling)
[5:57:15 AM] [7YbLG#2] miximus: said "/E CPR"
[5:58:37 AM] [7YbLG#3] Kristen: set [#2] miximus on fire
[5:58:40 AM] [7YbLG#3] Kristen: enabled noclip
[5:58:41 AM] [7YbLG#2] miximus: died from suicide (Fire)
[5:58:46 AM] [7YbLG#3] Kristen: became mortal (standard mode)
[5:58:56 AM] [7YbLG#3] Kristen: enabled noclip
[5:59:00 AM] [7YbLG#3] Kristen: became mortal (standard mode)
[5:59:09 AM] [7YbLG#2] miximus: died from Bat by Kristen
[6:00:38 AM] [7YbLG#3] Kristen: enabled noclip
[6:00:47 AM] [7YbLG#3] Kristen: became mortal (standard mode)
[6:00:55 AM] [7YbLG#3] Kristen: enabled noclip
[6:01:04 AM] [7YbLG#3] Kristen: became mortal (standard mode)
[6:02:08 AM] [7YbLG#2] miximus: said "/reivve me"
[6:22:10 AM] [7YbLG#3] Kristen: healed player [#3] Kristen
[6:22:13 AM] [7YbLG#3] Kristen: healed player [#5] chickncurry
[6:23:08 AM] [7YbLG#3] Kristen: enabled noclip
[6:23:11 AM] [7YbLG#3] Kristen: became mortal (standard mode)
[6:25:21 AM] [7YbLG#2] miximus: said "/earcog"
[6:25:54 AM] [7YbLG#3] Kristen: enabled noclip
[6:25:55 AM] [7YbLG#3] Kristen: became mortal (standard mode)
[6:30:26 AM] [7YbLG#3] Kristen: enabled noclip
[6:30:29 AM] [7YbLG#3] Kristen: became mortal (standard mode)
[6:35:24 AM] [7YbLG#3] Kristen: enabled noclip
[6:35:35 AM] [7YbLG#3] Kristen: became mortal (standard mode)
[6:36:14 AM] [7YbLG#3] Kristen: enabled noclip
[6:36:21 AM] [7YbLG#3] Kristen: became mortal (standard mode)
[6:36:54 AM] [7YbLG#3] Kristen: teleported to player [#2] miximus (x=924.844, y=-1560.659, z=30.729)
[6:37:37 AM] [7YbLG#3] Kristen: enabled noclip
[6:39:01 AM] [7YbLG#3] Kristen: became mortal (standard mode)
[6:39:38 AM] [7YbLG#3] Kristen: teleported to player [#2] miximus (x=926.677, y=-1561.292, z=30.712)
[6:39:46 AM] [7YbLG#2] miximus: died from Micro SMG by Kristen
[6:39:50 AM] [7YbLG#5] chickncurry: disconnected (Server->client connection timed out. Last seen 49162 msec ago.)
[6:40:10 AM] [7YbLG#3] Kristen: enabled noclip
[6:40:48 AM] [7YbLG#3] Kristen: became mortal (standard mode)
[6:41:48 AM] [7YbLG#3] Kristen: spawned a vehicle (model: nemesis)
[6:42:28 AM] [7YbLG#3] Kristen: summoned player [#2] miximus
[6:45:13 AM] [7YbLG#3] Kristen: enabled noclip
[6:45:17 AM] [7YbLG#3] Kristen: became mortal (standard mode)
[6:45:25 AM] [7YbLG#3] Kristen: summoned player [#2] miximus
[6:45:31 AM] [7YbLG#3] Kristen: enabled noclip
[6:45:31 AM] [7YbLG#3] Kristen: became mortal (standard mode)
[6:45:55 AM] [7YbLG#3] Kristen: disconnected (Exiting)
[6:50:22 AM] [7YbLG#2] miximus: disconnected ([txAdmin] Server restarting (requested by ThePixelNetwork).)
[6:50:36 AM] txAdmin: Logger started
[6:51:07 AM] [wmepP#1] miximus: joined with identifiers [license:91a41cf7de884e4d192a4e8076defd841e6409d5; discord:400761183931727873; fivem:860268; license2:eb6a9cd650a059197d8887ce53cf572e22c0b401]
[6:53:40 AM] [wmepP#1] miximus: disconnected (Exiting)
[11:08:17 AM] txAdmin: Logger started
[11:13:29 AM] txAdmin: Logger started
[11:15:03 AM] txAdmin: Logger started
[11:16:53 AM] txAdmin: Logger started
[11:26:23 AM] txAdmin: Logger started
[11:40:31 AM] txAdmin: Logger started
[12:15:41 PM] txAdmin: Logger started
[12:16:01 PM] txAdmin: Logger started
[12:17:48 PM] [Lcdtk#1] miximus: joined with identifiers [license:91a41cf7de884e4d192a4e8076defd841e6409d5; discord:400761183931727873; fivem:860268; license2:eb6a9cd650a059197d8887ce53cf572e22c0b401]
[12:18:59 PM] [Lcdtk#1] miximus: turned show player IDs on
[12:19:38 PM] [Lcdtk#1] miximus: died from suicide (Falling)
[12:34:43 PM] [Lcdtk#1] miximus: disconnected ([txAdmin] Server restarting (requested by ThePixelNetwork).)
[12:34:54 PM] txAdmin: Logger started
[12:35:27 PM] [wXVjx#1] miximus: joined with identifiers [license:91a41cf7de884e4d192a4e8076defd841e6409d5; discord:400761183931727873; fivem:860268; license2:eb6a9cd650a059197d8887ce53cf572e22c0b401]
[12:45:26 PM] [wXVjx#1] miximus: disconnected ([txAdmin] Server restarting (requested by ThePixelNetwork).)
[12:45:36 PM] txAdmin: Logger started
[12:46:36 PM] [yBRN4#1] miximus: joined with identifiers [license:91a41cf7de884e4d192a4e8076defd841e6409d5; discord:400761183931727873; fivem:860268; license2:eb6a9cd650a059197d8887ce53cf572e22c0b401]
[12:48:57 PM] [yBRN4#1] miximus: disconnected ([txAdmin] Server restarting (requested by ThePixelNetwork).)
[12:49:08 PM] txAdmin: Logger started
[12:49:47 PM] [qehrC#1] miximus: joined with identifiers [license:91a41cf7de884e4d192a4e8076defd841e6409d5; discord:400761183931727873; fivem:860268; license2:eb6a9cd650a059197d8887ce53cf572e22c0b401]
[12:51:27 PM] [qehrC#1] miximus: disconnected (Exiting)
[6:21:46 PM] [qehrC#2] Kristen: joined with identifiers [license:6a0ab2401f6fc64c1b7a92ba0aa8faa55a4ce1f2; xbl:2535458523080240; live:1899947313095719; discord:502592324279468032; fivem:14269877; license2:6a0ab2401f6fc64c1b7a92ba0aa8faa55a4ce1f2]
[6:23:09 PM] [qehrC#2] Kristen: enabled noclip
[6:24:42 PM] [qehrC#2] Kristen: became mortal (standard mode)
[6:39:39 PM] [qehrC#2] Kristen: enabled noclip
[6:40:16 PM] [qehrC#2] Kristen: became mortal (standard mode)
[6:49:30 PM] [qehrC#2] Kristen: teleported to a waypoint
[6:50:03 PM] [qehrC#2] Kristen: teleported to a waypoint
[6:50:34 PM] [qehrC#2] Kristen: teleported to a waypoint
[6:50:42 PM] [qehrC#2] Kristen: enabled noclip
[6:50:44 PM] [qehrC#2] Kristen: became mortal (standard mode)
[6:51:22 PM] [qehrC#2] Kristen: teleported to a waypoint
[6:51:25 PM] [qehrC#2] Kristen: enabled noclip
[6:51:29 PM] [qehrC#2] Kristen: became mortal (standard mode)
[6:52:40 PM] [qehrC#2] Kristen: enabled noclip
[6:52:45 PM] [qehrC#2] Kristen: became mortal (standard mode)
[6:54:17 PM] [qehrC#2] Kristen: teleported to a waypoint
[6:54:20 PM] [qehrC#2] Kristen: enabled noclip
[6:54:23 PM] [qehrC#2] Kristen: became mortal (standard mode)
[7:01:44 PM] [qehrC#3] Chin: joined with identifiers [license:0b009f8525bd5f735b342e11f16db70feeeb9e70; xbl:2535423149866175; live:914801252394711; discord:739868007232438314; fivem:11076027; license2:daab667af390d8e547de82237981e7a7d201aa7a]
[7:06:27 PM] [qehrC#3] Chin: turned show player IDs on
[7:06:30 PM] [qehrC#3] Chin: enabled noclip
[7:08:30 PM] [qehrC#3] Chin: became mortal (standard mode)
[7:09:13 PM] [qehrC#3] Chin: teleported to a waypoint
[7:09:24 PM] [qehrC#3] Chin: teleported to player [#2] Kristen (x=-614.268, y=5469.376, z=55.397)
[7:09:37 PM] [qehrC#3] Chin: said "/e crossarms"
[7:10:29 PM] [qehrC#3] Chin: died from Stungun by Kristen
[7:10:49 PM] [qehrC#2] Kristen: healed player [#3] Chin
[7:12:21 PM] [qehrC#3] Chin: enabled noclip
[7:12:33 PM] [qehrC#3] Chin: became mortal (standard mode)
[7:14:18 PM] [qehrC#3] Chin: enabled noclip
[7:14:28 PM] [qehrC#2] Kristen: enabled noclip
[7:14:30 PM] [qehrC#3] Chin: became mortal (standard mode)
[7:14:31 PM] [qehrC#3] Chin: enabled noclip
[7:14:32 PM] [qehrC#2] Kristen: became mortal (standard mode)
[7:14:34 PM] [qehrC#3] Chin: became mortal (standard mode)
[7:14:52 PM] [qehrC#3] Chin: teleported to a waypoint
[7:14:55 PM] [qehrC#3] Chin: enabled noclip
[7:15:02 PM] [qehrC#3] Chin: became mortal (standard mode)
[7:15:19 PM] [qehrC#3] Chin: enabled noclip
[7:15:26 PM] [qehrC#3] Chin: became mortal (standard mode)
[7:16:40 PM] [qehrC#2] Kristen: enabled noclip
[7:16:45 PM] [qehrC#2] Kristen: became mortal (standard mode)
[7:17:09 PM] [qehrC#2] Kristen: enabled noclip
[7:17:21 PM] [qehrC#2] Kristen: became mortal (standard mode)
[7:17:30 PM] [qehrC#3] Chin: disconnected (Exiting)
[7:17:56 PM] [qehrC#2] Kristen: enabled noclip
[7:18:03 PM] [qehrC#2] Kristen: became mortal (standard mode)
[7:19:43 PM] [qehrC#2] Kristen: teleported to a waypoint
[7:19:53 PM] [qehrC#2] Kristen: enabled noclip
[7:19:55 PM] [qehrC#2] Kristen: became mortal (standard mode)
[7:20:28 PM] [qehrC#2] Kristen: enabled noclip
[7:21:09 PM] [qehrC#2] Kristen: became mortal (standard mode)
[7:22:27 PM] [qehrC#2] Kristen: enabled noclip
[7:22:30 PM] [qehrC#2] Kristen: became mortal (standard mode)
[7:22:50 PM] [qehrC#2] Kristen: enabled noclip
[7:22:52 PM] [qehrC#2] Kristen: became mortal (standard mode)
[7:24:28 PM] [qehrC#2] Kristen: enabled noclip
[7:24:32 PM] [qehrC#2] Kristen: became mortal (standard mode)
[7:24:55 PM] [qehrC#4] Chin: joined with identifiers [license:0b009f8525bd5f735b342e11f16db70feeeb9e70; xbl:2535423149866175; live:914801252394711; discord:739868007232438314; fivem:11076027; license2:daab667af390d8e547de82237981e7a7d201aa7a]
[7:25:01 PM] [qehrC#2] Kristen: enabled noclip
[7:25:04 PM] [qehrC#2] Kristen: became mortal (standard mode)
[7:27:11 PM] [qehrC#4] Chin: turned show player IDs on
[7:27:39 PM] [qehrC#4] Chin: said "/adminduty"
[7:27:44 PM] [qehrC#4] Chin: enabled noclip
[7:27:45 PM] [qehrC#4] Chin: became mortal (standard mode)
[7:27:47 PM] [qehrC#4] Chin: enabled noclip
[7:27:49 PM] [qehrC#4] Chin: became mortal (standard mode)
[7:27:54 PM] [qehrC#4] Chin: enabled noclip
[7:28:02 PM] [qehrC#2] Kristen: enabled noclip
[7:28:04 PM] [qehrC#2] Kristen: became mortal (standard mode)
[7:28:06 PM] [qehrC#2] Kristen: enabled noclip
[7:28:07 PM] [qehrC#2] Kristen: became mortal (standard mode)
[7:28:15 PM] [qehrC#4] Chin: became mortal (standard mode)
[7:28:30 PM] [qehrC#4] Chin: enabled noclip
[7:29:01 PM] [qehrC#4] Chin: became mortal (standard mode)
[7:30:00 PM] [qehrC#2] Kristen: enabled noclip
[7:30:24 PM] [qehrC#2] Kristen: became mortal (standard mode)
[7:31:07 PM] [qehrC#4] Chin: enabled noclip
[7:31:14 PM] [qehrC#4] Chin: became mortal (standard mode)
[7:31:25 PM] [qehrC#2] Kristen: enabled noclip
[7:31:33 PM] [qehrC#4] Chin: enabled noclip
[7:31:54 PM] [qehrC#2] Kristen: became mortal (standard mode)
[7:31:54 PM] [qehrC#4] Chin: became mortal (standard mode)
[7:32:17 PM] [qehrC#2] Kristen: enabled noclip
[7:32:17 PM] [qehrC#4] Chin: enabled noclip
[7:32:25 PM] [qehrC#2] Kristen: became mortal (standard mode)
[7:32:40 PM] [qehrC#4] Chin: became mortal (standard mode)
[7:32:57 PM] [qehrC#2] Kristen: disconnected (Exiting)
[7:33:09 PM] [qehrC#4] Chin: enabled noclip
[7:33:13 PM] [qehrC#4] Chin: became mortal (standard mode)
[7:33:14 PM] [qehrC#4] Chin: enabled noclip
[7:33:15 PM] [qehrC#4] Chin: became mortal (standard mode)
[7:33:19 PM] [qehrC#4] Chin: enabled noclip
[7:33:22 PM] [qehrC#4] Chin: became mortal (standard mode)
[7:34:34 PM] [qehrC#4] Chin: enabled noclip
[7:34:35 PM] [qehrC#4] Chin: became mortal (standard mode)
[7:39:28 PM] [qehrC#4] Chin: enabled noclip
[7:39:29 PM] [qehrC#4] Chin: became mortal (standard mode)
[7:40:35 PM] [qehrC#4] Chin: disconnected (Server->client connection timed out. Last seen 37390 msec ago.)
[10:18:05 PM] [qehrC#5] miximus: joined with identifiers [license:91a41cf7de884e4d192a4e8076defd841e6409d5; discord:400761183931727873; fivem:860268; license2:eb6a9cd650a059197d8887ce53cf572e22c0b401]
[10:20:16 PM] [qehrC#6] Kristen: joined with identifiers [license:6a0ab2401f6fc64c1b7a92ba0aa8faa55a4ce1f2; xbl:2535458523080240; live:1899947313095719; discord:502592324279468032; fivem:14269877; license2:6a0ab2401f6fc64c1b7a92ba0aa8faa55a4ce1f2]
[10:20:20 PM] [qehrC#5] miximus: disconnected ([txAdmin] Server restarting (requested by ThePixelNetwork).)
[10:20:20 PM] [qehrC#6] Kristen: disconnected ([txAdmin] Server restarting (requested by ThePixelNetwork).)
[10:20:33 PM] txAdmin: Logger started
[10:20:57 PM] [cYkgV#1] Kristen: joined with identifiers [license:6a0ab2401f6fc64c1b7a92ba0aa8faa55a4ce1f2; xbl:2535458523080240; live:1899947313095719; discord:502592324279468032; fivem:14269877; license2:6a0ab2401f6fc64c1b7a92ba0aa8faa55a4ce1f2]
[10:21:42 PM] [cYkgV#2] miximus: joined with identifiers [license:91a41cf7de884e4d192a4e8076defd841e6409d5; discord:400761183931727873; fivem:860268; license2:eb6a9cd650a059197d8887ce53cf572e22c0b401]
[10:22:03 PM] [cYkgV#1] Kristen: enabled noclip
[10:22:11 PM] [cYkgV#1] Kristen: became mortal (standard mode)
[10:22:23 PM] [cYkgV#1] Kristen: teleported to a waypoint
[10:22:43 PM] [cYkgV#2] miximus: teleported to player [#1] Kristen (x=224.149, y=121.451, z=102.593)
[10:23:27 PM] [cYkgV#2] miximus: teleported to player [#1] Kristen (x=224.070, y=121.635, z=102.593)
[10:27:46 PM] [cYkgV#2] miximus: said "x"
[10:27:51 PM] [cYkgV#2] miximus: teleported to player [#1] Kristen (x=-829.727, y=-1696.747, z=18.462)
[10:40:10 PM] [cYkgV#2] miximus: summoned player [#1] Kristen
[10:40:28 PM] [cYkgV#2] miximus: turned show player IDs on
[10:46:27 PM] [cYkgV#1] Kristen: enabled noclip
[10:46:43 PM] [cYkgV#1] Kristen: became mortal (standard mode)
[10:46:48 PM] [cYkgV#1] Kristen: enabled noclip
[10:46:50 PM] [cYkgV#2] miximus: teleported to player [#1] Kristen (x=-7.213, y=-1128.462, z=30.443)
[10:46:51 PM] [cYkgV#1] Kristen: became mortal (standard mode)
[10:48:03 PM] [cYkgV#2] miximus: said "-10.6117, -1109.3926, 28.6716, 330.7429"
[10:48:17 PM] [cYkgV#1] Kristen: enabled noclip
[10:48:32 PM] [cYkgV#1] Kristen: became mortal (standard mode)
[10:48:33 PM] [cYkgV#2] miximus: teleported to player [#1] Kristen (x=-15.059, y=-1102.378, z=28.623)
[10:49:40 PM] [cYkgV#2] miximus: said "-22.9886, -1105.2446, 26.9300, 117.5580"
[10:50:26 PM] [cYkgV#1] Kristen: enabled noclip
[10:50:31 PM] [cYkgV#1] Kristen: became mortal (standard mode)
[10:51:26 PM] [cYkgV#1] Kristen: enabled noclip
[10:51:30 PM] [cYkgV#1] Kristen: became mortal (standard mode)
[10:51:35 PM] [cYkgV#2] miximus: teleported to player [#1] Kristen (x=-8.413, y=-1113.587, z=28.201)
[10:59:21 PM] [cYkgV#2] miximus: teleported to player [#1] Kristen (x=-1082.466, y=-1391.657, z=4.932)
[11:14:32 PM] [cYkgV#2] miximus: teleported to player [#1] Kristen (x=-928.022, y=-1503.455, z=5.016)
[11:20:12 PM] [cYkgV#1] Kristen: enabled noclip
[11:20:22 PM] [cYkgV#1] Kristen: became mortal (standard mode)
[11:21:49 PM] [cYkgV#1] Kristen: teleported to a waypoint
[11:22:01 PM] [cYkgV#2] miximus: summoned player [#1] Kristen
[11:22:21 PM] [cYkgV#1] Kristen: teleported to a waypoint
[11:22:25 PM] [cYkgV#1] Kristen: enabled noclip
[11:22:28 PM] [cYkgV#1] Kristen: became mortal (standard mode)
[11:22:30 PM] [cYkgV#1] Kristen: enabled noclip
[11:22:32 PM] [cYkgV#1] Kristen: became mortal (standard mode)
[11:22:34 PM] [cYkgV#1] Kristen: enabled noclip
[11:22:36 PM] [cYkgV#1] Kristen: became mortal (standard mode)
[11:22:38 PM] [cYkgV#1] Kristen: enabled noclip
[11:22:42 PM] [cYkgV#1] Kristen: became mortal (standard mode)
[11:22:46 PM] [cYkgV#1] Kristen: enabled noclip
[11:22:47 PM] [cYkgV#1] Kristen: became mortal (standard mode)
[11:24:10 PM] [cYkgV#1] Kristen: disconnected ([txAdmin] Server restarting (requested by ThePixelNetwork).)
[11:24:10 PM] [cYkgV#2] miximus: disconnected ([txAdmin] Server restarting (requested by ThePixelNetwork).)
[11:24:20 PM] txAdmin: Logger started
[11:26:21 PM] [F3V7z#1] Kristen: joined with identifiers [license:6a0ab2401f6fc64c1b7a92ba0aa8faa55a4ce1f2; xbl:2535458523080240; live:1899947313095719; discord:502592324279468032; fivem:14269877; license2:6a0ab2401f6fc64c1b7a92ba0aa8faa55a4ce1f2]
[11:27:10 PM] [F3V7z#1] Kristen: disconnected (Exiting)
[11:27:16 PM] [F3V7z#2] miximus: joined with identifiers [license:91a41cf7de884e4d192a4e8076defd841e6409d5; discord:400761183931727873; fivem:860268; license2:eb6a9cd650a059197d8887ce53cf572e22c0b401]
[11:28:59 PM] [F3V7z#2] miximus: disconnected ([txAdmin] Server restarting (requested by ThePixelNetwork).)
[11:29:10 PM] txAdmin: Logger started
[11:30:10 PM] [W3tjq#1] miximus: joined with identifiers [license:91a41cf7de884e4d192a4e8076defd841e6409d5; discord:400761183931727873; fivem:860268; license2:eb6a9cd650a059197d8887ce53cf572e22c0b401]
[11:32:42 PM] [W3tjq#1] miximus: disconnected ([txAdmin] Server restarting (requested by ThePixelNetwork).)
[11:32:52 PM] txAdmin: Logger started
[11:34:02 PM] [MX3HR#1] miximus: joined with identifiers [license:91a41cf7de884e4d192a4e8076defd841e6409d5; discord:400761183931727873; fivem:860268; license2:eb6a9cd650a059197d8887ce53cf572e22c0b401]
[11:35:35 PM] [MX3HR#1] miximus: said "\/dv"
[11:37:03 PM] [MX3HR#1] miximus: disconnected ([txAdmin] Server restarting (requested by ThePixelNetwork).)
[11:37:13 PM] txAdmin: Logger started
[11:38:10 PM] [fc6yL#1] miximus: joined with identifiers [license:91a41cf7de884e4d192a4e8076defd841e6409d5; discord:400761183931727873; fivem:860268; license2:eb6a9cd650a059197d8887ce53cf572e22c0b401]
[11:42:26 PM] [fc6yL#1] miximus: disconnected ([txAdmin] Server restarting (requested by ThePixelNetwork).)
[11:42:37 PM] txAdmin: Logger started
[11:43:22 PM] [Gjmq8#1] miximus: joined with identifiers [license:91a41cf7de884e4d192a4e8076defd841e6409d5; discord:400761183931727873; fivem:860268; license2:eb6a9cd650a059197d8887ce53cf572e22c0b401]
[11:44:59 PM] [Gjmq8#1] miximus: disconnected ([txAdmin] Server restarting (requested by ThePixelNetwork).)
[11:45:09 PM] txAdmin: Logger started
[11:49:54 PM] txAdmin: Logger started
[11:54:51 PM] txAdmin: Logger started
